<?xml version="1.0" encoding="UTF-8"?>
<!-- Generated by org.testng.reporters.JUnitXMLReporter -->
<testsuite ignored="0" hostname="DESKTOP-7SBKKJ1" failures="6" tests="25" name="Test" time="82.747" errors="0" timestamp="2024-12-26T17:24:19 IST">
  <testcase classname="Excel_Sheet_Data.CCM_Login" name="Username" time="0.899"/>
  <testcase classname="Excel_Sheet_Data.CCM_Login" name="Password" time="1.02"/>
  <testcase classname="Excel_Sheet_Data.CCM_Login" name="Captcha" time="1.262"/>
  <testcase classname="Excel_Sheet_Data.CCM_Login" name="SUBMIT_Button" time="3.65"/>
  <testcase classname="Excel_Sheet_Data.CCM_Login" name="Remove_PouP" time="0.666"/>
  <testcase classname="Excel_Sheet_Data.Import_Data_In_CCM" name="Click_On_Import_Data" time="1.584"/>
  <testcase classname="Excel_Sheet_Data.Import_Data_In_CCM" name="Click_On_Choose_File" time="0.154"/>
  <testcase classname="Excel_Sheet_Data.Import_Data_In_CCM" name="Upload_file" time="3.268"/>
  <testcase classname="Excel_Sheet_Data.Import_Data_In_CCM" name="Click_On_Next" time="6.925"/>
  <testcase classname="Excel_Sheet_Data.Import_Data_In_CCM" name="Match_Data_of_Excel" time="2.447"/>
  <testcase classname="Excel_Sheet_Data.Import_Data_In_CCM" name="Select_All_Customer" time="0.432"/>
  <testcase classname="Excel_Sheet_Data.Import_Data_In_CCM" name="Select_All_Filter2" time="18.824">
    <failure type="org.openqa.selenium.TimeoutException" message="Expected condition failed: waiting for visibility of element located by By.xpath: //*[contains(text(), &amp;apos;Sub-campaign already exists&amp;apos;)] (tried for 15 second(s) with 500 milliseconds interval)
Build info: version: &amp;apos;4.21.0&amp;apos;, revision: &amp;apos;79ed462ef4&amp;apos;
System info: os.name: &amp;apos;Windows 11&amp;apos;, os.arch: &amp;apos;amd64&amp;apos;, os.version: &amp;apos;10.0&amp;apos;, java.version: &amp;apos;22.0.1&amp;apos;
Driver info: org.openqa.selenium.chrome.ChromeDriver
Capabilities {acceptInsecureCerts: false, browserName: chrome, browserVersion: 131.0.6778.205, chrome: {chromedriverVersion: 131.0.6778.204 (52183f9e99a..., userDataDir: C:\WINDOWS\TEMP\scoped_dir1...}, fedcm:accounts: true, goog:chromeOptions: {debuggerAddress: localhost:52432}, networkConnectionEnabled: false, pageLoadStrategy: normal, platformName: windows, proxy: Proxy(), se:cdp: ws://localhost:52432/devtoo..., se:cdpVersion: 131.0.6778.205, setWindowRect: true, strictFileInteractability: false, timeouts: {implicit: 0, pageLoad: 300000, script: 30000}, unhandledPromptBehavior: dismiss and notify, webauthn:extension:credBlob: true, webauthn:extension:largeBlob: true, webauthn:extension:minPinLength: true, webauthn:extension:prf: true, webauthn:virtualAuthenticators: true}
Session ID: e5d01a1f1c89385a9b2fe3d63ca15f27">
      <![CDATA[org.openqa.selenium.TimeoutException: Expected condition failed: waiting for visibility of element located by By.xpath: //*[contains(text(), 'Sub-campaign already exists')] (tried for 15 second(s) with 500 milliseconds interval)
Build info: version: '4.21.0', revision: '79ed462ef4'
System info: os.name: 'Windows 11', os.arch: 'amd64', os.version: '10.0', java.version: '22.0.1'
Driver info: org.openqa.selenium.chrome.ChromeDriver
Capabilities {acceptInsecureCerts: false, browserName: chrome, browserVersion: 131.0.6778.205, chrome: {chromedriverVersion: 131.0.6778.204 (52183f9e99a..., userDataDir: C:\WINDOWS\TEMP\scoped_dir1...}, fedcm:accounts: true, goog:chromeOptions: {debuggerAddress: localhost:52432}, networkConnectionEnabled: false, pageLoadStrategy: normal, platformName: windows, proxy: Proxy(), se:cdp: ws://localhost:52432/devtoo..., se:cdpVersion: 131.0.6778.205, setWindowRect: true, strictFileInteractability: false, timeouts: {implicit: 0, pageLoad: 300000, script: 30000}, unhandledPromptBehavior: dismiss and notify, webauthn:extension:credBlob: true, webauthn:extension:largeBlob: true, webauthn:extension:minPinLength: true, webauthn:extension:prf: true, webauthn:virtualAuthenticators: true}
Session ID: e5d01a1f1c89385a9b2fe3d63ca15f27
at org.openqa.selenium.support.ui.WebDriverWait.timeoutException(WebDriverWait.java:84)
at org.openqa.selenium.support.ui.FluentWait.until(FluentWait.java:228)
at Excel_Sheet_Data.Import_Data_In_CCM.Select_All_Filter2(Import_Data_In_CCM.java:184)
at java.base/java.util.ArrayList.forEach(ArrayList.java:1597)
... Removed 25 stack frames]]>
    </failure>
  </testcase> <!-- Select_All_Filter2 -->
  <testcase classname="Excel_Sheet_Data.Import_Data_In_CCM" name="Remove_Data_Allocation" time="1.262"/>
  <testcase classname="Excel_Sheet_Data.Cce_Login" name="Username" time="0.852"/>
  <testcase classname="Excel_Sheet_Data.Cce_Login" name="Password" time="1.026"/>
  <testcase classname="Excel_Sheet_Data.Cce_Login" name="Captcha" time="1.197"/>
  <testcase classname="Excel_Sheet_Data.Cce_Login" name="SUBMIT_Button" time="0.222"/>
  <testcase classname="Excel_Sheet_Data.Cce_Login" name="Remove_PouP" time="0.714"/>
  <testcase classname="Excel_Sheet_Data.Login_Anamika_ID_For_Excel_Data_Match" name="Click_On_My_Leads" time="17.989"/>
  <testcase classname="Excel_Sheet_Data.Login_Anamika_ID_For_Excel_Data_Match" name="Click_On_Search" time="0.282"/>
  <testcase classname="Excel_Sheet_Data.Login_Anamika_ID_For_Excel_Data_Match" name="Match_Campaign_Name1" time="1.529">
    <failure type="java.lang.AssertionError" message="Campaign name are not availabe of Respected Registration number expected [Shekhar-989] but found [RaJu-989]">
      <![CDATA[java.lang.AssertionError: Campaign name are not availabe of Respected Registration number expected [Shekhar-989] but found [RaJu-989]
at Excel_Sheet_Data.Login_Anamika_ID_For_Excel_Data_Match.Match_Campaign_Name1(Login_Anamika_ID_For_Excel_Data_Match.java:100)
at java.base/java.util.ArrayList.forEach(ArrayList.java:1597)
... Removed 30 stack frames]]>
    </failure>
  </testcase> <!-- Match_Campaign_Name1 -->
  <testcase classname="Excel_Sheet_Data.Login_Anamika_ID_For_Excel_Data_Match" name="Match_Campaign_Name2" time="1.41">
    <failure type="java.lang.AssertionError" message="Campaign name2 are not availabe of Respected Registration number expected [Shekhar-989] but found [RaJu-989]">
      <![CDATA[java.lang.AssertionError: Campaign name2 are not availabe of Respected Registration number expected [Shekhar-989] but found [RaJu-989]
at Excel_Sheet_Data.Login_Anamika_ID_For_Excel_Data_Match.Match_Campaign_Name2(Login_Anamika_ID_For_Excel_Data_Match.java:121)
at java.base/java.util.ArrayList.forEach(ArrayList.java:1597)
... Removed 30 stack frames]]>
    </failure>
  </testcase> <!-- Match_Campaign_Name2 -->
  <testcase classname="Excel_Sheet_Data.Login_Anamika_ID_For_Excel_Data_Match" name="Match_Campaign_Name3" time="1.304">
    <failure type="java.lang.AssertionError" message="Campaign name3 are not availabe of Respected Registration number expected [Shekhar-989] but found [RaJu-989]">
      <![CDATA[java.lang.AssertionError: Campaign name3 are not availabe of Respected Registration number expected [Shekhar-989] but found [RaJu-989]
at Excel_Sheet_Data.Login_Anamika_ID_For_Excel_Data_Match.Match_Campaign_Name3(Login_Anamika_ID_For_Excel_Data_Match.java:143)
at java.base/java.util.ArrayList.forEach(ArrayList.java:1597)
... Removed 30 stack frames]]>
    </failure>
  </testcase> <!-- Match_Campaign_Name3 -->
  <testcase classname="Excel_Sheet_Data.Login_Anamika_ID_For_Excel_Data_Match" name="Match_Campaign_Name4" time="1.308">
    <failure type="java.lang.AssertionError" message="Campaign name4 are not availabe of Respected Registration number expected [Shekhar-989] but found [RaJu-989]">
      <![CDATA[java.lang.AssertionError: Campaign name4 are not availabe of Respected Registration number expected [Shekhar-989] but found [RaJu-989]
at Excel_Sheet_Data.Login_Anamika_ID_For_Excel_Data_Match.Match_Campaign_Name4(Login_Anamika_ID_For_Excel_Data_Match.java:164)
at java.base/java.util.ArrayList.forEach(ArrayList.java:1597)
... Removed 30 stack frames]]>
    </failure>
  </testcase> <!-- Match_Campaign_Name4 -->
  <testcase classname="Excel_Sheet_Data.Login_Anamika_ID_For_Excel_Data_Match" name="Match_Campaign_Name5" time="1.36">
    <failure type="java.lang.AssertionError" message="Campaign name5 are not availabe of Respected Registration number expected [Shekhar-989] but found [RaJu-989]">
      <![CDATA[java.lang.AssertionError: Campaign name5 are not availabe of Respected Registration number expected [Shekhar-989] but found [RaJu-989]
at Excel_Sheet_Data.Login_Anamika_ID_For_Excel_Data_Match.Match_Campaign_Name5(Login_Anamika_ID_For_Excel_Data_Match.java:185)
at java.base/java.util.ArrayList.forEach(ArrayList.java:1597)
... Removed 30 stack frames]]>
    </failure>
  </testcase> <!-- Match_Campaign_Name5 -->
</testsuite> <!-- Test -->
