<?xml version="1.0" encoding="UTF-8"?>
<!-- Generated by org.testng.reporters.JUnitXMLReporter -->
<testsuite ignored="0" hostname="DESKTOP-7SBKKJ1" failures="51" tests="242" name="PSF" time="2708.93" errors="0" timestamp="2024-12-05T14:26:17 IST">
  <testcase classname="PSf_Static_Report_and_Call_Dispostion.LOGINs" name="Username" time="1.458"/>
  <testcase classname="PSf_Static_Report_and_Call_Dispostion.LOGINs" name="Password" time="1.509"/>
  <testcase classname="PSf_Static_Report_and_Call_Dispostion.LOGINs" name="Captcha" time="2.32"/>
  <testcase classname="PSf_Static_Report_and_Call_Dispostion.LOGINs" name="SUBMIT_Button" time="2.217"/>
  <testcase classname="PSf_Static_Report_and_Call_Dispostion.LOGINs" name="Click_On_PSF" time="20.608"/>
  <testcase classname="PSf_Static_Report_and_Call_Dispostion.LOGINs" name="Remove_PouP" time="0.68"/>
  <testcase classname="PSf_Static_Report_and_Call_Dispostion.Prelimnary_NPS_report" name="Click_On_Static_Reports" time="1.097"/>
  <testcase classname="PSf_Static_Report_and_Call_Dispostion.Prelimnary_NPS_report" name="Click_On_Preliminary_NPS_Report" time="5.12"/>
  <testcase classname="PSf_Static_Report_and_Call_Dispostion.Prelimnary_NPS_report" name="Click_On_Workshop" time="30.652">
    <failure type="java.lang.AssertionError" message="No Data Found for Workshop_Wise In Premilinary_NPS_Report : 0%">
      <![CDATA[java.lang.AssertionError: No Data Found for Workshop_Wise In Premilinary_NPS_Report : 0%
at PSf_Static_Report_and_Call_Dispostion.Prelimnary_NPS_report.Click_On_Workshop(Prelimnary_NPS_report.java:155)
at java.base/java.util.ArrayList.forEach(ArrayList.java:1597)
... Removed 26 stack frames]]>
    </failure>
  </testcase> <!-- Click_On_Workshop -->
  <testcase classname="PSf_Static_Report_and_Call_Dispostion.Prelimnary_NPS_report" name="Click_On_Day_Wise" time="24.94">
    <failure type="java.lang.AssertionError" message="No Data Found for Day_Wise In Premilinary_NPS_Report : 0 %">
      <![CDATA[java.lang.AssertionError: No Data Found for Day_Wise In Premilinary_NPS_Report : 0 %
at PSf_Static_Report_and_Call_Dispostion.Prelimnary_NPS_report.Click_On_Day_Wise(Prelimnary_NPS_report.java:214)
at java.base/java.util.ArrayList.forEach(ArrayList.java:1597)
... Removed 26 stack frames]]>
    </failure>
  </testcase> <!-- Click_On_Day_Wise -->
  <testcase classname="PSf_Static_Report_and_Call_Dispostion.Prelimnary_NPS_report" name="Click_On_Service_Type_Wise" time="24.809">
    <failure type="java.lang.AssertionError" message="No Data Found for Service_Type_Wise In Premilinary_NPS_Report : 0 %">
      <![CDATA[java.lang.AssertionError: No Data Found for Service_Type_Wise In Premilinary_NPS_Report : 0 %
at PSf_Static_Report_and_Call_Dispostion.Prelimnary_NPS_report.Click_On_Service_Type_Wise(Prelimnary_NPS_report.java:273)
at java.base/java.util.ArrayList.forEach(ArrayList.java:1597)
... Removed 26 stack frames]]>
    </failure>
  </testcase> <!-- Click_On_Service_Type_Wise -->
  <testcase classname="PSf_Static_Report_and_Call_Dispostion.Prelimnary_NPS_report" name="Comparison_0f_all_Data" time="0.0"/>
  <testcase classname="PSf_Static_Report_and_Call_Dispostion.LOGINs" name="Username" time="1.355"/>
  <testcase classname="PSf_Static_Report_and_Call_Dispostion.LOGINs" name="Password" time="1.412"/>
  <testcase classname="PSf_Static_Report_and_Call_Dispostion.LOGINs" name="Captcha" time="2.247"/>
  <testcase classname="PSf_Static_Report_and_Call_Dispostion.LOGINs" name="SUBMIT_Button" time="2.23"/>
  <testcase classname="PSf_Static_Report_and_Call_Dispostion.LOGINs" name="Click_On_PSF" time="24.125"/>
  <testcase classname="PSf_Static_Report_and_Call_Dispostion.LOGINs" name="Remove_PouP" time="0.64"/>
  <testcase classname="PSf_Static_Report_and_Call_Dispostion.Allocation_Rule_Log" name="Click_On_Static_Reports" time="1.12"/>
  <testcase classname="PSf_Static_Report_and_Call_Dispostion.Allocation_Rule_Log" name="Click_On_Allocation_Rule_Log" time="5.112"/>
  <testcase classname="PSf_Static_Report_and_Call_Dispostion.Allocation_Rule_Log" name="Data_Check_Of_Allocation_Rule_Log" time="0.047"/>
  <testcase classname="PSf_Static_Report_and_Call_Dispostion.LOGINs" name="Username" time="1.517"/>
  <testcase classname="PSf_Static_Report_and_Call_Dispostion.LOGINs" name="Password" time="1.41"/>
  <testcase classname="PSf_Static_Report_and_Call_Dispostion.LOGINs" name="Captcha" time="2.229"/>
  <testcase classname="PSf_Static_Report_and_Call_Dispostion.LOGINs" name="SUBMIT_Button" time="2.219"/>
  <testcase classname="PSf_Static_Report_and_Call_Dispostion.LOGINs" name="Click_On_PSF" time="22.304"/>
  <testcase classname="PSf_Static_Report_and_Call_Dispostion.LOGINs" name="Remove_PouP" time="0.661"/>
  <testcase classname="PSf_Static_Report_and_Call_Dispostion.Complaint_Report" name="Click_On_Static_Reports" time="1.087"/>
  <testcase classname="PSf_Static_Report_and_Call_Dispostion.Complaint_Report" name="Click_On_Complaint_Report" time="5.1"/>
  <testcase classname="PSf_Static_Report_and_Call_Dispostion.Complaint_Report" name="Click_On_Workshop" time="26.566">
    <failure type="java.lang.AssertionError" message="No Data Found for Workshop_Wise In Complaints_Reports : 0">
      <![CDATA[java.lang.AssertionError: No Data Found for Workshop_Wise In Complaints_Reports : 0
at PSf_Static_Report_and_Call_Dispostion.Complaint_Report.Click_On_Workshop(Complaint_Report.java:134)
at java.base/java.util.ArrayList.forEach(ArrayList.java:1597)
... Removed 26 stack frames]]>
    </failure>
  </testcase> <!-- Click_On_Workshop -->
  <testcase classname="PSf_Static_Report_and_Call_Dispostion.Complaint_Report" name="Click_On_Day_Wise" time="21.979">
    <failure type="java.lang.AssertionError" message="No Data Found for Day_Wise In Complaints_Reports : 0">
      <![CDATA[java.lang.AssertionError: No Data Found for Day_Wise In Complaints_Reports : 0
at PSf_Static_Report_and_Call_Dispostion.Complaint_Report.Click_On_Day_Wise(Complaint_Report.java:206)
at java.base/java.util.ArrayList.forEach(ArrayList.java:1597)
... Removed 26 stack frames]]>
    </failure>
  </testcase> <!-- Click_On_Day_Wise -->
  <testcase classname="PSf_Static_Report_and_Call_Dispostion.Complaint_Report" name="Click_On_Service_Type_Wise" time="22.043">
    <failure type="java.lang.AssertionError" message="No Data Found for Service_Type_Wise In Complaints_Reports : 0">
      <![CDATA[java.lang.AssertionError: No Data Found for Service_Type_Wise In Complaints_Reports : 0
at PSf_Static_Report_and_Call_Dispostion.Complaint_Report.Click_On_Service_Type_Wise(Complaint_Report.java:276)
at java.base/java.util.ArrayList.forEach(ArrayList.java:1597)
... Removed 26 stack frames]]>
    </failure>
  </testcase> <!-- Click_On_Service_Type_Wise -->
  <testcase classname="PSf_Static_Report_and_Call_Dispostion.Complaint_Report" name="Comparison_0f_all_Data" time="0.0"/>
  <testcase classname="PSf_Static_Report_and_Call_Dispostion.LOGINs" name="Username" time="1.421"/>
  <testcase classname="PSf_Static_Report_and_Call_Dispostion.LOGINs" name="Password" time="1.406"/>
  <testcase classname="PSf_Static_Report_and_Call_Dispostion.LOGINs" name="Captcha" time="2.219"/>
  <testcase classname="PSf_Static_Report_and_Call_Dispostion.LOGINs" name="SUBMIT_Button" time="2.19"/>
  <testcase classname="PSf_Static_Report_and_Call_Dispostion.LOGINs" name="Click_On_PSF" time="41.266"/>
  <testcase classname="PSf_Static_Report_and_Call_Dispostion.LOGINs" name="Remove_PouP" time="0.691"/>
  <testcase classname="PSf_Static_Report_and_Call_Dispostion.PSF_Last_Attempt_Report" name="Click_On_Static_Reports" time="1.088"/>
  <testcase classname="PSf_Static_Report_and_Call_Dispostion.PSF_Last_Attempt_Report" name="Click_On_Last_Attempt_Report" time="3.088"/>
  <testcase classname="PSf_Static_Report_and_Call_Dispostion.PSF_Last_Attempt_Report" name="Click_On_Generate" time="16.27"/>
  <testcase classname="PSf_Static_Report_and_Call_Dispostion.PSF_Last_Attempt_Report" name="Click_On_Workshop" time="3.603">
    <failure type="java.lang.AssertionError" message="No Data Found for Workshop_Wise In Last_Attempt_Report : 0">
      <![CDATA[java.lang.AssertionError: No Data Found for Workshop_Wise In Last_Attempt_Report : 0
at PSf_Static_Report_and_Call_Dispostion.PSF_Last_Attempt_Report.Click_On_Workshop(PSF_Last_Attempt_Report.java:125)
at java.base/java.util.ArrayList.forEach(ArrayList.java:1597)
... Removed 26 stack frames]]>
    </failure>
  </testcase> <!-- Click_On_Workshop -->
  <testcase classname="PSf_Static_Report_and_Call_Dispostion.PSF_Last_Attempt_Report" name="Click_On_DayWise" time="22.039">
    <failure type="java.lang.AssertionError" message="No Data Found for Day Wise In Last_Attempt_Report : 0">
      <![CDATA[java.lang.AssertionError: No Data Found for Day Wise In Last_Attempt_Report : 0
at PSf_Static_Report_and_Call_Dispostion.PSF_Last_Attempt_Report.Click_On_DayWise(PSF_Last_Attempt_Report.java:192)
at java.base/java.util.ArrayList.forEach(ArrayList.java:1597)
... Removed 26 stack frames]]>
    </failure>
  </testcase> <!-- Click_On_DayWise -->
  <testcase classname="PSf_Static_Report_and_Call_Dispostion.PSF_Last_Attempt_Report" name="Click_On_Service_Type_Wise" time="21.847">
    <failure type="java.lang.AssertionError" message="No Data Found for Service_Type_Wise In Last_Attempt_Report : 0">
      <![CDATA[java.lang.AssertionError: No Data Found for Service_Type_Wise In Last_Attempt_Report : 0
at PSf_Static_Report_and_Call_Dispostion.PSF_Last_Attempt_Report.Click_On_Service_Type_Wise(PSF_Last_Attempt_Report.java:259)
at java.base/java.util.ArrayList.forEach(ArrayList.java:1597)
... Removed 26 stack frames]]>
    </failure>
  </testcase> <!-- Click_On_Service_Type_Wise -->
  <testcase classname="PSf_Static_Report_and_Call_Dispostion.PSF_Last_Attempt_Report" name="Comparison_0f_all_Data" time="0.0"/>
  <testcase classname="PSf_Static_Report_and_Call_Dispostion.LOGINs" name="Username" time="1.47"/>
  <testcase classname="PSf_Static_Report_and_Call_Dispostion.LOGINs" name="Password" time="1.407"/>
  <testcase classname="PSf_Static_Report_and_Call_Dispostion.LOGINs" name="Captcha" time="2.261"/>
  <testcase classname="PSf_Static_Report_and_Call_Dispostion.LOGINs" name="SUBMIT_Button" time="2.196"/>
  <testcase classname="PSf_Static_Report_and_Call_Dispostion.LOGINs" name="Click_On_PSF" time="41.999"/>
  <testcase classname="PSf_Static_Report_and_Call_Dispostion.LOGINs" name="Remove_PouP" time="0.687"/>
  <testcase classname="PSf_Static_Report_and_Call_Dispostion.PRF_Report" name="Click_On_Static_Reports" time="1.094"/>
  <testcase classname="PSf_Static_Report_and_Call_Dispostion.PRF_Report" name="Click_On_PRF_Report" time="5.095"/>
  <testcase classname="PSf_Static_Report_and_Call_Dispostion.PRF_Report" name="Click_On_Workshop" time="29.571">
    <failure type="java.lang.AssertionError" message="No Data Found for Workshop_Wise In PRF_Report : 0">
      <![CDATA[java.lang.AssertionError: No Data Found for Workshop_Wise In PRF_Report : 0
at PSf_Static_Report_and_Call_Dispostion.PRF_Report.Click_On_Workshop(PRF_Report.java:161)
at java.base/java.util.ArrayList.forEach(ArrayList.java:1597)
... Removed 26 stack frames]]>
    </failure>
  </testcase> <!-- Click_On_Workshop -->
  <testcase classname="PSf_Static_Report_and_Call_Dispostion.PRF_Report" name="Click_On_Day_Wise" time="22.059">
    <failure type="java.lang.AssertionError" message="No Data Found for Day_Wise In PRF_Report : 0">
      <![CDATA[java.lang.AssertionError: No Data Found for Day_Wise In PRF_Report : 0
at PSf_Static_Report_and_Call_Dispostion.PRF_Report.Click_On_Day_Wise(PRF_Report.java:240)
at java.base/java.util.ArrayList.forEach(ArrayList.java:1597)
... Removed 26 stack frames]]>
    </failure>
  </testcase> <!-- Click_On_Day_Wise -->
  <testcase classname="PSf_Static_Report_and_Call_Dispostion.PRF_Report" name="Click_On_Service_Type_Wise" time="22.07">
    <failure type="java.lang.AssertionError" message="No Data Found for Service_Type_Wise In PRF_Report : 0">
      <![CDATA[java.lang.AssertionError: No Data Found for Service_Type_Wise In PRF_Report : 0
at PSf_Static_Report_and_Call_Dispostion.PRF_Report.Click_On_Service_Type_Wise(PRF_Report.java:317)
at java.base/java.util.ArrayList.forEach(ArrayList.java:1597)
... Removed 26 stack frames]]>
    </failure>
  </testcase> <!-- Click_On_Service_Type_Wise -->
  <testcase classname="PSf_Static_Report_and_Call_Dispostion.PRF_Report" name="Comparison_0f_all_Data" time="0.0">
    <failure type="java.lang.AssertionError" message="Compare Complaints_closed_Percent2_of_workshopWise_With_Service_TypeWise expected [0] but found [0%]">
      <![CDATA[java.lang.AssertionError: Compare Complaints_closed_Percent2_of_workshopWise_With_Service_TypeWise expected [0] but found [0%]
at PSf_Static_Report_and_Call_Dispostion.PRF_Report.Comparison_0f_all_Data(PRF_Report.java:362)
at java.base/java.util.ArrayList.forEach(ArrayList.java:1597)
... Removed 30 stack frames]]>
    </failure>
  </testcase> <!-- Comparison_0f_all_Data -->
  <testcase classname="PSf_Static_Report_and_Call_Dispostion.LOGINs" name="Username" time="1.4"/>
  <testcase classname="PSf_Static_Report_and_Call_Dispostion.LOGINs" name="Password" time="1.405"/>
  <testcase classname="PSf_Static_Report_and_Call_Dispostion.LOGINs" name="Captcha" time="2.199"/>
  <testcase classname="PSf_Static_Report_and_Call_Dispostion.LOGINs" name="SUBMIT_Button" time="2.193"/>
  <testcase classname="PSf_Static_Report_and_Call_Dispostion.LOGINs" name="Click_On_PSF" time="25.708"/>
  <testcase classname="PSf_Static_Report_and_Call_Dispostion.LOGINs" name="Remove_PouP" time="0.674"/>
  <testcase classname="PSf_Static_Report_and_Call_Dispostion.PSF_Calibration_Report" name="Click_On_Static_Reports" time="1.104"/>
  <testcase classname="PSf_Static_Report_and_Call_Dispostion.PSF_Calibration_Report" name="Click_On_PSF_Calibration_Report" time="5.095"/>
  <testcase classname="PSf_Static_Report_and_Call_Dispostion.PSF_Calibration_Report" name="Click_On_Workshop" time="29.674">
    <failure type="java.lang.AssertionError" message="No Data Found for Workshop_Wise In PSF_Calibration_Reoport : 0">
      <![CDATA[java.lang.AssertionError: No Data Found for Workshop_Wise In PSF_Calibration_Reoport : 0
at PSf_Static_Report_and_Call_Dispostion.PSF_Calibration_Report.Click_On_Workshop(PSF_Calibration_Report.java:173)
at java.base/java.util.ArrayList.forEach(ArrayList.java:1597)
... Removed 26 stack frames]]>
    </failure>
  </testcase> <!-- Click_On_Workshop -->
  <testcase classname="PSf_Static_Report_and_Call_Dispostion.PSF_Calibration_Report" name="Click_On_Day_Wise" time="22.33">
    <failure type="java.lang.AssertionError" message="No Data Found for Day_Wise In PSF_Calibration_Reoport : 0">
      <![CDATA[java.lang.AssertionError: No Data Found for Day_Wise In PSF_Calibration_Reoport : 0
at PSf_Static_Report_and_Call_Dispostion.PSF_Calibration_Report.Click_On_Day_Wise(PSF_Calibration_Report.java:264)
at java.base/java.util.ArrayList.forEach(ArrayList.java:1597)
... Removed 26 stack frames]]>
    </failure>
  </testcase> <!-- Click_On_Day_Wise -->
  <testcase classname="PSf_Static_Report_and_Call_Dispostion.PSF_Calibration_Report" name="Click_On_Service_Type_Wise" time="22.276">
    <failure type="java.lang.AssertionError" message="No Data Found for Service_Type_Wise In PSF_Due_Analysis : 0">
      <![CDATA[java.lang.AssertionError: No Data Found for Service_Type_Wise In PSF_Due_Analysis : 0
at PSf_Static_Report_and_Call_Dispostion.PSF_Calibration_Report.Click_On_Service_Type_Wise(PSF_Calibration_Report.java:354)
at java.base/java.util.ArrayList.forEach(ArrayList.java:1597)
... Removed 26 stack frames]]>
    </failure>
  </testcase> <!-- Click_On_Service_Type_Wise -->
  <testcase classname="PSf_Static_Report_and_Call_Dispostion.PSF_Calibration_Report" name="Comparison_0f_all_Data" time="0.0">
    <failure type="java.lang.AssertionError" message="Compare Done_Percent_of_workshopWise_With_dayWise expected [null] but found [0%]">
      <![CDATA[java.lang.AssertionError: Compare Done_Percent_of_workshopWise_With_dayWise expected [null] but found [0%]
at PSf_Static_Report_and_Call_Dispostion.PSF_Calibration_Report.Comparison_0f_all_Data(PSF_Calibration_Report.java:393)
at java.base/java.util.ArrayList.forEach(ArrayList.java:1597)
... Removed 30 stack frames]]>
    </failure>
  </testcase> <!-- Comparison_0f_all_Data -->
  <testcase classname="PSf_Static_Report_and_Call_Dispostion.LOGINs" name="Username" time="1.42"/>
  <testcase classname="PSf_Static_Report_and_Call_Dispostion.LOGINs" name="Password" time="1.45"/>
  <testcase classname="PSf_Static_Report_and_Call_Dispostion.LOGINs" name="Captcha" time="2.253"/>
  <testcase classname="PSf_Static_Report_and_Call_Dispostion.LOGINs" name="SUBMIT_Button" time="2.241"/>
  <testcase classname="PSf_Static_Report_and_Call_Dispostion.LOGINs" name="Click_On_PSF" time="20.433"/>
  <testcase classname="PSf_Static_Report_and_Call_Dispostion.LOGINs" name="Remove_PouP" time="0.653"/>
  <testcase classname="PSf_Static_Report_and_Call_Dispostion.PSF_Due_Analysis" name="Click_On_Static_Reports" time="1.115"/>
  <testcase classname="PSf_Static_Report_and_Call_Dispostion.PSF_Due_Analysis" name="Click_On_PSF_Due_Analysis_Report" time="3.114"/>
  <testcase classname="PSf_Static_Report_and_Call_Dispostion.PSF_Due_Analysis" name="Click_On_Day_Wise" time="34.556">
    <failure type="org.openqa.selenium.NoSuchElementException" message="no such element: Unable to locate element: {&amp;quot;method&amp;quot;:&amp;quot;xpath&amp;quot;,&amp;quot;selector&amp;quot;:&amp;quot;(//tr[td[contains(., &amp;apos;Total&amp;apos;)]])[1]/td[2]&amp;quot;}
  (Session info: chrome=131.0.6778.108)
For documentation on this error, please visit: https://www.selenium.dev/documentation/webdriver/troubleshooting/errors#no-such-element-exception
Build info: version: &amp;apos;4.21.0&amp;apos;, revision: &amp;apos;79ed462ef4&amp;apos;
System info: os.name: &amp;apos;Windows 11&amp;apos;, os.arch: &amp;apos;amd64&amp;apos;, os.version: &amp;apos;10.0&amp;apos;, java.version: &amp;apos;22.0.1&amp;apos;
Driver info: org.openqa.selenium.chrome.ChromeDriver
Command: [7591360c68132261f5394bdbaf089d3a, findElement {using=xpath, value=(//tr[td[contains(., &amp;apos;Total&amp;apos;)]])[1]/td[2]}]
Capabilities {acceptInsecureCerts: false, browserName: chrome, browserVersion: 131.0.6778.108, chrome: {chromedriverVersion: 131.0.6778.87 (ce31cae94873..., userDataDir: C:\WINDOWS\TEMP\scoped_dir1...}, fedcm:accounts: true, goog:chromeOptions: {debuggerAddress: localhost:60671}, networkConnectionEnabled: false, pageLoadStrategy: normal, platformName: windows, proxy: Proxy(), se:cdp: ws://localhost:60671/devtoo..., se:cdpVersion: 131.0.6778.108, setWindowRect: true, strictFileInteractability: false, timeouts: {implicit: 0, pageLoad: 300000, script: 30000}, unhandledPromptBehavior: dismiss and notify, webauthn:extension:credBlob: true, webauthn:extension:largeBlob: true, webauthn:extension:minPinLength: true, webauthn:extension:prf: true, webauthn:virtualAuthenticators: true}
Session ID: 7591360c68132261f5394bdbaf089d3a">
      <![CDATA[org.openqa.selenium.NoSuchElementException: no such element: Unable to locate element: {"method":"xpath","selector":"(//tr[td[contains(., 'Total')]])[1]/td[2]"}
  (Session info: chrome=131.0.6778.108)
For documentation on this error, please visit: https://www.selenium.dev/documentation/webdriver/troubleshooting/errors#no-such-element-exception
Build info: version: '4.21.0', revision: '79ed462ef4'
System info: os.name: 'Windows 11', os.arch: 'amd64', os.version: '10.0', java.version: '22.0.1'
Driver info: org.openqa.selenium.chrome.ChromeDriver
Command: [7591360c68132261f5394bdbaf089d3a, findElement {using=xpath, value=(//tr[td[contains(., 'Total')]])[1]/td[2]}]
Capabilities {acceptInsecureCerts: false, browserName: chrome, browserVersion: 131.0.6778.108, chrome: {chromedriverVersion: 131.0.6778.87 (ce31cae94873..., userDataDir: C:\WINDOWS\TEMP\scoped_dir1...}, fedcm:accounts: true, goog:chromeOptions: {debuggerAddress: localhost:60671}, networkConnectionEnabled: false, pageLoadStrategy: normal, platformName: windows, proxy: Proxy(), se:cdp: ws://localhost:60671/devtoo..., se:cdpVersion: 131.0.6778.108, setWindowRect: true, strictFileInteractability: false, timeouts: {implicit: 0, pageLoad: 300000, script: 30000}, unhandledPromptBehavior: dismiss and notify, webauthn:extension:credBlob: true, webauthn:extension:largeBlob: true, webauthn:extension:minPinLength: true, webauthn:extension:prf: true, webauthn:virtualAuthenticators: true}
Session ID: 7591360c68132261f5394bdbaf089d3a
at org.openqa.selenium.remote.ErrorCodec.decode(ErrorCodec.java:167)
at org.openqa.selenium.remote.codec.w3c.W3CHttpResponseCodec.decode(W3CHttpResponseCodec.java:138)
at org.openqa.selenium.remote.codec.w3c.W3CHttpResponseCodec.decode(W3CHttpResponseCodec.java:50)
at org.openqa.selenium.remote.HttpCommandExecutor.execute(HttpCommandExecutor.java:190)
at org.openqa.selenium.remote.service.DriverCommandExecutor.invokeExecute(DriverCommandExecutor.java:216)
at org.openqa.selenium.remote.service.DriverCommandExecutor.execute(DriverCommandExecutor.java:174)
at org.openqa.selenium.remote.RemoteWebDriver.execute(RemoteWebDriver.java:518)
at org.openqa.selenium.remote.ElementLocation$ElementFinder$2.findElement(ElementLocation.java:165)
at org.openqa.selenium.remote.ElementLocation.findElement(ElementLocation.java:59)
at org.openqa.selenium.remote.RemoteWebDriver.findElement(RemoteWebDriver.java:355)
at org.openqa.selenium.remote.RemoteWebDriver.findElement(RemoteWebDriver.java:349)
at PSf_Static_Report_and_Call_Dispostion.PSF_Due_Analysis.Click_On_Day_Wise(PSF_Due_Analysis.java:190)
at java.base/java.util.ArrayList.forEach(ArrayList.java:1597)
... Removed 28 stack frames]]>
    </failure>
  </testcase> <!-- Click_On_Day_Wise -->
  <testcase classname="PSf_Static_Report_and_Call_Dispostion.PSF_Due_Analysis" name="Click_On_Workshop" time="25.615">
    <failure type="java.lang.AssertionError" message="No Data Found for Workshop_Wise In PSF_Due_Analysis : 0">
      <![CDATA[java.lang.AssertionError: No Data Found for Workshop_Wise In PSF_Due_Analysis : 0
at PSf_Static_Report_and_Call_Dispostion.PSF_Due_Analysis.Click_On_Workshop(PSF_Due_Analysis.java:163)
at java.base/java.util.ArrayList.forEach(ArrayList.java:1597)
... Removed 26 stack frames]]>
    </failure>
  </testcase> <!-- Click_On_Workshop -->
  <testcase classname="PSf_Static_Report_and_Call_Dispostion.PSF_Due_Analysis" name="Click_On_Service_Type_Wise" time="18.206">
    <failure type="org.openqa.selenium.TimeoutException" message="Expected condition failed: waiting for presence of element located by: By.xpath: //*[text()=&amp;quot; Generate &amp;quot;] (tried for 10 second(s) with 500 milliseconds interval)">
      <![CDATA[org.openqa.selenium.TimeoutException: Expected condition failed: waiting for presence of element located by: By.xpath: //*[text()=" Generate "] (tried for 10 second(s) with 500 milliseconds interval)
at org.openqa.selenium.support.ui.WebDriverWait.timeoutException(WebDriverWait.java:84)
at org.openqa.selenium.support.ui.FluentWait.until(FluentWait.java:228)
at PSf_Static_Report_and_Call_Dispostion.PSF_Due_Analysis.Click_On_Service_Type_Wise(PSF_Due_Analysis.java:262)
at java.base/java.util.ArrayList.forEach(ArrayList.java:1597)
Caused by: org.openqa.selenium.NoSuchElementException: no such element: Unable to locate element: {"method":"xpath","selector":"//*[text()=" Generate "]"}
  (Session info: chrome=131.0.6778.108)
For documentation on this error, please visit: https://www.selenium.dev/documentation/webdriver/troubleshooting/errors#no-such-element-exception
Build info: version: '4.21.0', revision: '79ed462ef4'
System info: os.name: 'Windows 11', os.arch: 'amd64', os.version: '10.0', java.version: '22.0.1'
Driver info: org.openqa.selenium.chrome.ChromeDriver
Command: [7591360c68132261f5394bdbaf089d3a, findElement {using=xpath, value=//*[text()=" Generate "]}]
Capabilities {acceptInsecureCerts: false, browserName: chrome, browserVersion: 131.0.6778.108, chrome: {chromedriverVersion: 131.0.6778.87 (ce31cae94873..., userDataDir: C:\WINDOWS\TEMP\scoped_dir1...}, fedcm:accounts: true, goog:chromeOptions: {debuggerAddress: localhost:60671}, networkConnectionEnabled: false, pageLoadStrategy: normal, platformName: windows, proxy: Proxy(), se:cdp: ws://localhost:60671/devtoo..., se:cdpVersion: 131.0.6778.108, setWindowRect: true, strictFileInteractability: false, timeouts: {implicit: 0, pageLoad: 300000, script: 30000}, unhandledPromptBehavior: dismiss and notify, webauthn:extension:credBlob: true, webauthn:extension:largeBlob: true, webauthn:extension:minPinLength: true, webauthn:extension:prf: true, webauthn:virtualAuthenticators: true}
Session ID: 7591360c68132261f5394bdbaf089d3a
at org.openqa.selenium.remote.ErrorCodec.decode(ErrorCodec.java:167)
at org.openqa.selenium.remote.codec.w3c.W3CHttpResponseCodec.decode(W3CHttpResponseCodec.java:138)
at org.openqa.selenium.remote.codec.w3c.W3CHttpResponseCodec.decode(W3CHttpResponseCodec.java:50)
at org.openqa.selenium.remote.HttpCommandExecutor.execute(HttpCommandExecutor.java:190)
at org.openqa.selenium.remote.service.DriverCommandExecutor.invokeExecute(DriverCommandExecutor.java:216)
at org.openqa.selenium.remote.service.DriverCommandExecutor.execute(DriverCommandExecutor.java:174)
at org.openqa.selenium.remote.RemoteWebDriver.execute(RemoteWebDriver.java:518)
at org.openqa.selenium.remote.ElementLocation$ElementFinder$2.findElement(ElementLocation.java:165)
at org.openqa.selenium.remote.ElementLocation.findElement(ElementLocation.java:59)
at org.openqa.selenium.remote.RemoteWebDriver.findElement(RemoteWebDriver.java:355)
at org.openqa.selenium.remote.RemoteWebDriver.findElement(RemoteWebDriver.java:349)
at org.openqa.selenium.support.ui.ExpectedConditions$6.apply(ExpectedConditions.java:171)
at org.openqa.selenium.support.ui.ExpectedConditions$6.apply(ExpectedConditions.java:168)
at org.openqa.selenium.support.ui.FluentWait.until(FluentWait.java:203)
... 27 more
... Removed 28 stack frames]]>
    </failure>
  </testcase> <!-- Click_On_Service_Type_Wise -->
  <testcase classname="PSf_Static_Report_and_Call_Dispostion.PSF_Due_Analysis" name="Comparison_0f_all_Data" time="0.0">
    <failure type="java.lang.AssertionError" message="Compare Total_Psf_Due_of_workshopWise_With_dayWise expected [null] but found [0]">
      <![CDATA[java.lang.AssertionError: Compare Total_Psf_Due_of_workshopWise_With_dayWise expected [null] but found [0]
at PSf_Static_Report_and_Call_Dispostion.PSF_Due_Analysis.Comparison_0f_all_Data(PSF_Due_Analysis.java:354)
at java.base/java.util.ArrayList.forEach(ArrayList.java:1597)
... Removed 30 stack frames]]>
    </failure>
  </testcase> <!-- Comparison_0f_all_Data -->
  <testcase classname="PSf_Static_Report_and_Call_Dispostion.LOGINs" name="Username" time="1.408"/>
  <testcase classname="PSf_Static_Report_and_Call_Dispostion.LOGINs" name="Password" time="1.383"/>
  <testcase classname="PSf_Static_Report_and_Call_Dispostion.LOGINs" name="Captcha" time="2.276"/>
  <testcase classname="PSf_Static_Report_and_Call_Dispostion.LOGINs" name="SUBMIT_Button" time="2.19"/>
  <testcase classname="PSf_Static_Report_and_Call_Dispostion.LOGINs" name="Click_On_PSF" time="23.16"/>
  <testcase classname="PSf_Static_Report_and_Call_Dispostion.LOGINs" name="Remove_PouP" time="0.648"/>
  <testcase classname="PSf_Static_Report_and_Call_Dispostion.Psf_All_Fillter_Check" name="Fillters_check" time="6.303"/>
  <testcase classname="PSf_Static_Report_and_Call_Dispostion.Psf_All_Fillter_Check" name="Service_Advisor_Name_Fillter" time="3.32"/>
  <testcase classname="PSf_Static_Report_and_Call_Dispostion.Psf_All_Fillter_Check" name="removeFilterCheck" time="0.535"/>
  <testcase classname="PSf_Static_Report_and_Call_Dispostion.Psf_All_Fillter_Check" name="Technician_Name_Name_Fillter" time="23.764">
    <failure type="org.openqa.selenium.ElementNotInteractableException" message="element not interactable
  (Session info: chrome=131.0.6778.108)
Build info: version: &amp;apos;4.21.0&amp;apos;, revision: &amp;apos;79ed462ef4&amp;apos;
System info: os.name: &amp;apos;Windows 11&amp;apos;, os.arch: &amp;apos;amd64&amp;apos;, os.version: &amp;apos;10.0&amp;apos;, java.version: &amp;apos;22.0.1&amp;apos;
Driver info: org.openqa.selenium.chrome.ChromeDriver
Command: [67e3a2e9a81116f44f06916b79f958f5, clickElement {id=f.46C195CB12CE6DEAAB51ED13D34B21CE.d.7728D9DBA64BF9489ADB0061DC2F5593.e.677}]
Capabilities {acceptInsecureCerts: false, browserName: chrome, browserVersion: 131.0.6778.108, chrome: {chromedriverVersion: 131.0.6778.87 (ce31cae94873..., userDataDir: C:\WINDOWS\TEMP\scoped_dir1...}, fedcm:accounts: true, goog:chromeOptions: {debuggerAddress: localhost:60751}, networkConnectionEnabled: false, pageLoadStrategy: normal, platformName: windows, proxy: Proxy(), se:cdp: ws://localhost:60751/devtoo..., se:cdpVersion: 131.0.6778.108, setWindowRect: true, strictFileInteractability: false, timeouts: {implicit: 0, pageLoad: 300000, script: 30000}, unhandledPromptBehavior: dismiss and notify, webauthn:extension:credBlob: true, webauthn:extension:largeBlob: true, webauthn:extension:minPinLength: true, webauthn:extension:prf: true, webauthn:virtualAuthenticators: true}
Element: [[ChromeDriver: chrome on windows (67e3a2e9a81116f44f06916b79f958f5)] -&amp;gt; xpath: (//*[@class=&amp;quot;mat-checkbox-inner-container&amp;quot;])[29]]
Session ID: 67e3a2e9a81116f44f06916b79f958f5">
      <![CDATA[org.openqa.selenium.ElementNotInteractableException: element not interactable
  (Session info: chrome=131.0.6778.108)
Build info: version: '4.21.0', revision: '79ed462ef4'
System info: os.name: 'Windows 11', os.arch: 'amd64', os.version: '10.0', java.version: '22.0.1'
Driver info: org.openqa.selenium.chrome.ChromeDriver
Command: [67e3a2e9a81116f44f06916b79f958f5, clickElement {id=f.46C195CB12CE6DEAAB51ED13D34B21CE.d.7728D9DBA64BF9489ADB0061DC2F5593.e.677}]
Capabilities {acceptInsecureCerts: false, browserName: chrome, browserVersion: 131.0.6778.108, chrome: {chromedriverVersion: 131.0.6778.87 (ce31cae94873..., userDataDir: C:\WINDOWS\TEMP\scoped_dir1...}, fedcm:accounts: true, goog:chromeOptions: {debuggerAddress: localhost:60751}, networkConnectionEnabled: false, pageLoadStrategy: normal, platformName: windows, proxy: Proxy(), se:cdp: ws://localhost:60751/devtoo..., se:cdpVersion: 131.0.6778.108, setWindowRect: true, strictFileInteractability: false, timeouts: {implicit: 0, pageLoad: 300000, script: 30000}, unhandledPromptBehavior: dismiss and notify, webauthn:extension:credBlob: true, webauthn:extension:largeBlob: true, webauthn:extension:minPinLength: true, webauthn:extension:prf: true, webauthn:virtualAuthenticators: true}
Element: [[ChromeDriver: chrome on windows (67e3a2e9a81116f44f06916b79f958f5)] -> xpath: (//*[@class="mat-checkbox-inner-container"])[29]]
Session ID: 67e3a2e9a81116f44f06916b79f958f5
at org.openqa.selenium.remote.ErrorCodec.decode(ErrorCodec.java:167)
at org.openqa.selenium.remote.codec.w3c.W3CHttpResponseCodec.decode(W3CHttpResponseCodec.java:138)
at org.openqa.selenium.remote.codec.w3c.W3CHttpResponseCodec.decode(W3CHttpResponseCodec.java:50)
at org.openqa.selenium.remote.HttpCommandExecutor.execute(HttpCommandExecutor.java:190)
at org.openqa.selenium.remote.service.DriverCommandExecutor.invokeExecute(DriverCommandExecutor.java:216)
at org.openqa.selenium.remote.service.DriverCommandExecutor.execute(DriverCommandExecutor.java:174)
at org.openqa.selenium.remote.RemoteWebDriver.execute(RemoteWebDriver.java:518)
at org.openqa.selenium.remote.RemoteWebElement.execute(RemoteWebElement.java:223)
at org.openqa.selenium.remote.RemoteWebElement.click(RemoteWebElement.java:76)
at PSf_Static_Report_and_Call_Dispostion.Psf_All_Fillter_Check.clickCheckboxes(Psf_All_Fillter_Check.java:409)
at PSf_Static_Report_and_Call_Dispostion.Psf_All_Fillter_Check.Technician_Name_Name_Fillter(Psf_All_Fillter_Check.java:162)
at java.base/java.util.ArrayList.forEach(ArrayList.java:1597)
... Removed 28 stack frames]]>
    </failure>
  </testcase> <!-- Technician_Name_Name_Fillter -->
  <testcase classname="PSf_Static_Report_and_Call_Dispostion.Psf_All_Fillter_Check" name="removeFilterCheck2" time="0.601"/>
  <testcase classname="PSf_Static_Report_and_Call_Dispostion.Psf_All_Fillter_Check" name="FuelType_Fillter" time="16.742">
    <failure type="org.openqa.selenium.ElementNotInteractableException" message="element not interactable
  (Session info: chrome=131.0.6778.108)
Build info: version: &amp;apos;4.21.0&amp;apos;, revision: &amp;apos;79ed462ef4&amp;apos;
System info: os.name: &amp;apos;Windows 11&amp;apos;, os.arch: &amp;apos;amd64&amp;apos;, os.version: &amp;apos;10.0&amp;apos;, java.version: &amp;apos;22.0.1&amp;apos;
Driver info: org.openqa.selenium.chrome.ChromeDriver
Command: [67e3a2e9a81116f44f06916b79f958f5, clickElement {id=f.46C195CB12CE6DEAAB51ED13D34B21CE.d.7728D9DBA64BF9489ADB0061DC2F5593.e.682}]
Capabilities {acceptInsecureCerts: false, browserName: chrome, browserVersion: 131.0.6778.108, chrome: {chromedriverVersion: 131.0.6778.87 (ce31cae94873..., userDataDir: C:\WINDOWS\TEMP\scoped_dir1...}, fedcm:accounts: true, goog:chromeOptions: {debuggerAddress: localhost:60751}, networkConnectionEnabled: false, pageLoadStrategy: normal, platformName: windows, proxy: Proxy(), se:cdp: ws://localhost:60751/devtoo..., se:cdpVersion: 131.0.6778.108, setWindowRect: true, strictFileInteractability: false, timeouts: {implicit: 0, pageLoad: 300000, script: 30000}, unhandledPromptBehavior: dismiss and notify, webauthn:extension:credBlob: true, webauthn:extension:largeBlob: true, webauthn:extension:minPinLength: true, webauthn:extension:prf: true, webauthn:virtualAuthenticators: true}
Element: [[ChromeDriver: chrome on windows (67e3a2e9a81116f44f06916b79f958f5)] -&amp;gt; xpath: (//*[@class=&amp;quot;mat-checkbox-inner-container&amp;quot;])[34]]
Session ID: 67e3a2e9a81116f44f06916b79f958f5">
      <![CDATA[org.openqa.selenium.ElementNotInteractableException: element not interactable
  (Session info: chrome=131.0.6778.108)
Build info: version: '4.21.0', revision: '79ed462ef4'
System info: os.name: 'Windows 11', os.arch: 'amd64', os.version: '10.0', java.version: '22.0.1'
Driver info: org.openqa.selenium.chrome.ChromeDriver
Command: [67e3a2e9a81116f44f06916b79f958f5, clickElement {id=f.46C195CB12CE6DEAAB51ED13D34B21CE.d.7728D9DBA64BF9489ADB0061DC2F5593.e.682}]
Capabilities {acceptInsecureCerts: false, browserName: chrome, browserVersion: 131.0.6778.108, chrome: {chromedriverVersion: 131.0.6778.87 (ce31cae94873..., userDataDir: C:\WINDOWS\TEMP\scoped_dir1...}, fedcm:accounts: true, goog:chromeOptions: {debuggerAddress: localhost:60751}, networkConnectionEnabled: false, pageLoadStrategy: normal, platformName: windows, proxy: Proxy(), se:cdp: ws://localhost:60751/devtoo..., se:cdpVersion: 131.0.6778.108, setWindowRect: true, strictFileInteractability: false, timeouts: {implicit: 0, pageLoad: 300000, script: 30000}, unhandledPromptBehavior: dismiss and notify, webauthn:extension:credBlob: true, webauthn:extension:largeBlob: true, webauthn:extension:minPinLength: true, webauthn:extension:prf: true, webauthn:virtualAuthenticators: true}
Element: [[ChromeDriver: chrome on windows (67e3a2e9a81116f44f06916b79f958f5)] -> xpath: (//*[@class="mat-checkbox-inner-container"])[34]]
Session ID: 67e3a2e9a81116f44f06916b79f958f5
at org.openqa.selenium.remote.ErrorCodec.decode(ErrorCodec.java:167)
at org.openqa.selenium.remote.codec.w3c.W3CHttpResponseCodec.decode(W3CHttpResponseCodec.java:138)
at org.openqa.selenium.remote.codec.w3c.W3CHttpResponseCodec.decode(W3CHttpResponseCodec.java:50)
at org.openqa.selenium.remote.HttpCommandExecutor.execute(HttpCommandExecutor.java:190)
at org.openqa.selenium.remote.service.DriverCommandExecutor.invokeExecute(DriverCommandExecutor.java:216)
at org.openqa.selenium.remote.service.DriverCommandExecutor.execute(DriverCommandExecutor.java:174)
at org.openqa.selenium.remote.RemoteWebDriver.execute(RemoteWebDriver.java:518)
at org.openqa.selenium.remote.RemoteWebElement.execute(RemoteWebElement.java:223)
at org.openqa.selenium.remote.RemoteWebElement.click(RemoteWebElement.java:76)
at PSf_Static_Report_and_Call_Dispostion.Psf_All_Fillter_Check.clickCheckboxes(Psf_All_Fillter_Check.java:409)
at PSf_Static_Report_and_Call_Dispostion.Psf_All_Fillter_Check.FuelType_Fillter(Psf_All_Fillter_Check.java:188)
at java.base/java.util.ArrayList.forEach(ArrayList.java:1597)
... Removed 28 stack frames]]>
    </failure>
  </testcase> <!-- FuelType_Fillter -->
  <testcase classname="PSf_Static_Report_and_Call_Dispostion.Psf_All_Fillter_Check" name="removeFilterCheck3" time="16.049">
    <failure type="org.openqa.selenium.TimeoutException" message="Expected condition failed: waiting for element to be clickable: By.xpath: //*[text()=&amp;quot;close&amp;quot;] (tried for 10 second(s) with 500 milliseconds interval)
Build info: version: &amp;apos;4.21.0&amp;apos;, revision: &amp;apos;79ed462ef4&amp;apos;
System info: os.name: &amp;apos;Windows 11&amp;apos;, os.arch: &amp;apos;amd64&amp;apos;, os.version: &amp;apos;10.0&amp;apos;, java.version: &amp;apos;22.0.1&amp;apos;
Driver info: org.openqa.selenium.chrome.ChromeDriver
Capabilities {acceptInsecureCerts: false, browserName: chrome, browserVersion: 131.0.6778.108, chrome: {chromedriverVersion: 131.0.6778.87 (ce31cae94873..., userDataDir: C:\WINDOWS\TEMP\scoped_dir1...}, fedcm:accounts: true, goog:chromeOptions: {debuggerAddress: localhost:60751}, networkConnectionEnabled: false, pageLoadStrategy: normal, platformName: windows, proxy: Proxy(), se:cdp: ws://localhost:60751/devtoo..., se:cdpVersion: 131.0.6778.108, setWindowRect: true, strictFileInteractability: false, timeouts: {implicit: 0, pageLoad: 300000, script: 30000}, unhandledPromptBehavior: dismiss and notify, webauthn:extension:credBlob: true, webauthn:extension:largeBlob: true, webauthn:extension:minPinLength: true, webauthn:extension:prf: true, webauthn:virtualAuthenticators: true}
Session ID: 67e3a2e9a81116f44f06916b79f958f5">
      <![CDATA[org.openqa.selenium.TimeoutException: Expected condition failed: waiting for element to be clickable: By.xpath: //*[text()="close"] (tried for 10 second(s) with 500 milliseconds interval)
Build info: version: '4.21.0', revision: '79ed462ef4'
System info: os.name: 'Windows 11', os.arch: 'amd64', os.version: '10.0', java.version: '22.0.1'
Driver info: org.openqa.selenium.chrome.ChromeDriver
Capabilities {acceptInsecureCerts: false, browserName: chrome, browserVersion: 131.0.6778.108, chrome: {chromedriverVersion: 131.0.6778.87 (ce31cae94873..., userDataDir: C:\WINDOWS\TEMP\scoped_dir1...}, fedcm:accounts: true, goog:chromeOptions: {debuggerAddress: localhost:60751}, networkConnectionEnabled: false, pageLoadStrategy: normal, platformName: windows, proxy: Proxy(), se:cdp: ws://localhost:60751/devtoo..., se:cdpVersion: 131.0.6778.108, setWindowRect: true, strictFileInteractability: false, timeouts: {implicit: 0, pageLoad: 300000, script: 30000}, unhandledPromptBehavior: dismiss and notify, webauthn:extension:credBlob: true, webauthn:extension:largeBlob: true, webauthn:extension:minPinLength: true, webauthn:extension:prf: true, webauthn:virtualAuthenticators: true}
Session ID: 67e3a2e9a81116f44f06916b79f958f5
at org.openqa.selenium.support.ui.WebDriverWait.timeoutException(WebDriverWait.java:84)
at org.openqa.selenium.support.ui.FluentWait.until(FluentWait.java:228)
at PSf_Static_Report_and_Call_Dispostion.Psf_All_Fillter_Check.clickElementWithWait(Psf_All_Fillter_Check.java:400)
at PSf_Static_Report_and_Call_Dispostion.Psf_All_Fillter_Check.removeFilterCheck3(Psf_All_Fillter_Check.java:196)
at java.base/java.util.ArrayList.forEach(ArrayList.java:1597)
... Removed 25 stack frames]]>
    </failure>
  </testcase> <!-- removeFilterCheck3 -->
  <testcase classname="PSf_Static_Report_and_Call_Dispostion.Psf_All_Fillter_Check" name="Model_name_Fillter" time="27.867">
    <failure type="org.openqa.selenium.ElementNotInteractableException" message="element not interactable
  (Session info: chrome=131.0.6778.108)
Build info: version: &amp;apos;4.21.0&amp;apos;, revision: &amp;apos;79ed462ef4&amp;apos;
System info: os.name: &amp;apos;Windows 11&amp;apos;, os.arch: &amp;apos;amd64&amp;apos;, os.version: &amp;apos;10.0&amp;apos;, java.version: &amp;apos;22.0.1&amp;apos;
Driver info: org.openqa.selenium.chrome.ChromeDriver
Command: [67e3a2e9a81116f44f06916b79f958f5, clickElement {id=f.46C195CB12CE6DEAAB51ED13D34B21CE.d.7728D9DBA64BF9489ADB0061DC2F5593.e.729}]
Capabilities {acceptInsecureCerts: false, browserName: chrome, browserVersion: 131.0.6778.108, chrome: {chromedriverVersion: 131.0.6778.87 (ce31cae94873..., userDataDir: C:\WINDOWS\TEMP\scoped_dir1...}, fedcm:accounts: true, goog:chromeOptions: {debuggerAddress: localhost:60751}, networkConnectionEnabled: false, pageLoadStrategy: normal, platformName: windows, proxy: Proxy(), se:cdp: ws://localhost:60751/devtoo..., se:cdpVersion: 131.0.6778.108, setWindowRect: true, strictFileInteractability: false, timeouts: {implicit: 0, pageLoad: 300000, script: 30000}, unhandledPromptBehavior: dismiss and notify, webauthn:extension:credBlob: true, webauthn:extension:largeBlob: true, webauthn:extension:minPinLength: true, webauthn:extension:prf: true, webauthn:virtualAuthenticators: true}
Element: [[ChromeDriver: chrome on windows (67e3a2e9a81116f44f06916b79f958f5)] -&amp;gt; xpath: (//*[@class=&amp;quot;mat-checkbox-inner-container&amp;quot;])[70]]
Session ID: 67e3a2e9a81116f44f06916b79f958f5">
      <![CDATA[org.openqa.selenium.ElementNotInteractableException: element not interactable
  (Session info: chrome=131.0.6778.108)
Build info: version: '4.21.0', revision: '79ed462ef4'
System info: os.name: 'Windows 11', os.arch: 'amd64', os.version: '10.0', java.version: '22.0.1'
Driver info: org.openqa.selenium.chrome.ChromeDriver
Command: [67e3a2e9a81116f44f06916b79f958f5, clickElement {id=f.46C195CB12CE6DEAAB51ED13D34B21CE.d.7728D9DBA64BF9489ADB0061DC2F5593.e.729}]
Capabilities {acceptInsecureCerts: false, browserName: chrome, browserVersion: 131.0.6778.108, chrome: {chromedriverVersion: 131.0.6778.87 (ce31cae94873..., userDataDir: C:\WINDOWS\TEMP\scoped_dir1...}, fedcm:accounts: true, goog:chromeOptions: {debuggerAddress: localhost:60751}, networkConnectionEnabled: false, pageLoadStrategy: normal, platformName: windows, proxy: Proxy(), se:cdp: ws://localhost:60751/devtoo..., se:cdpVersion: 131.0.6778.108, setWindowRect: true, strictFileInteractability: false, timeouts: {implicit: 0, pageLoad: 300000, script: 30000}, unhandledPromptBehavior: dismiss and notify, webauthn:extension:credBlob: true, webauthn:extension:largeBlob: true, webauthn:extension:minPinLength: true, webauthn:extension:prf: true, webauthn:virtualAuthenticators: true}
Element: [[ChromeDriver: chrome on windows (67e3a2e9a81116f44f06916b79f958f5)] -> xpath: (//*[@class="mat-checkbox-inner-container"])[70]]
Session ID: 67e3a2e9a81116f44f06916b79f958f5
at org.openqa.selenium.remote.ErrorCodec.decode(ErrorCodec.java:167)
at org.openqa.selenium.remote.codec.w3c.W3CHttpResponseCodec.decode(W3CHttpResponseCodec.java:138)
at org.openqa.selenium.remote.codec.w3c.W3CHttpResponseCodec.decode(W3CHttpResponseCodec.java:50)
at org.openqa.selenium.remote.HttpCommandExecutor.execute(HttpCommandExecutor.java:190)
at org.openqa.selenium.remote.service.DriverCommandExecutor.invokeExecute(DriverCommandExecutor.java:216)
at org.openqa.selenium.remote.service.DriverCommandExecutor.execute(DriverCommandExecutor.java:174)
at org.openqa.selenium.remote.RemoteWebDriver.execute(RemoteWebDriver.java:518)
at org.openqa.selenium.remote.RemoteWebElement.execute(RemoteWebElement.java:223)
at org.openqa.selenium.remote.RemoteWebElement.click(RemoteWebElement.java:76)
at PSf_Static_Report_and_Call_Dispostion.Psf_All_Fillter_Check.clickCheckboxes(Psf_All_Fillter_Check.java:409)
at PSf_Static_Report_and_Call_Dispostion.Psf_All_Fillter_Check.Model_name_Fillter(Psf_All_Fillter_Check.java:255)
at java.base/java.util.ArrayList.forEach(ArrayList.java:1597)
... Removed 28 stack frames]]>
    </failure>
  </testcase> <!-- Model_name_Fillter -->
  <testcase classname="PSf_Static_Report_and_Call_Dispostion.Psf_All_Fillter_Check" name="removeFilterCheck4" time="0.599"/>
  <testcase classname="PSf_Static_Report_and_Call_Dispostion.Psf_All_Fillter_Check" name="Model_Variant_Fillter" time="30.891"/>
  <testcase classname="PSf_Static_Report_and_Call_Dispostion.Psf_All_Fillter_Check" name="removeFilterCheck5" time="0.82"/>
  <testcase classname="PSf_Static_Report_and_Call_Dispostion.Psf_All_Fillter_Check" name="Click_On_Refresh" time="18.721"/>
  <testcase classname="PSf_Static_Report_and_Call_Dispostion.LOGINs" name="Username" time="1.307"/>
  <testcase classname="PSf_Static_Report_and_Call_Dispostion.LOGINs" name="Password" time="1.343"/>
  <testcase classname="PSf_Static_Report_and_Call_Dispostion.LOGINs" name="Captcha" time="2.246"/>
  <testcase classname="PSf_Static_Report_and_Call_Dispostion.LOGINs" name="SUBMIT_Button" time="2.196"/>
  <testcase classname="PSf_Static_Report_and_Call_Dispostion.LOGINs" name="Click_On_PSF" time="21.252"/>
  <testcase classname="PSf_Static_Report_and_Call_Dispostion.LOGINs" name="Remove_PouP" time="0.724"/>
  <testcase classname="PSf_Static_Report_and_Call_Dispostion.Call_me_Later_for_Service_Rating" name="PSF_Calibration_Due" time="40.009"/>
  <testcase classname="PSf_Static_Report_and_Call_Dispostion.LOGINs" name="Username" time="1.495"/>
  <testcase classname="PSf_Static_Report_and_Call_Dispostion.LOGINs" name="Password" time="1.423"/>
  <testcase classname="PSf_Static_Report_and_Call_Dispostion.LOGINs" name="Captcha" time="2.212"/>
  <testcase classname="PSf_Static_Report_and_Call_Dispostion.LOGINs" name="SUBMIT_Button" time="2.246"/>
  <testcase classname="PSf_Static_Report_and_Call_Dispostion.LOGINs" name="Click_On_PSF" time="20.645"/>
  <testcase classname="PSf_Static_Report_and_Call_Dispostion.LOGINs" name="Remove_PouP" time="0.67"/>
  <testcase classname="PSf_Static_Report_and_Call_Dispostion.Call_Me_Later" name="CAll_Me_Later" time="40.801">
    <failure type="org.openqa.selenium.NoSuchElementException" message="no such element: Unable to locate element: {&amp;quot;method&amp;quot;:&amp;quot;xpath&amp;quot;,&amp;quot;selector&amp;quot;:&amp;quot;(//*[@role=&amp;quot;row&amp;quot;])[2]&amp;quot;}
  (Session info: chrome=131.0.6778.108)
For documentation on this error, please visit: https://www.selenium.dev/documentation/webdriver/troubleshooting/errors#no-such-element-exception
Build info: version: &amp;apos;4.21.0&amp;apos;, revision: &amp;apos;79ed462ef4&amp;apos;
System info: os.name: &amp;apos;Windows 11&amp;apos;, os.arch: &amp;apos;amd64&amp;apos;, os.version: &amp;apos;10.0&amp;apos;, java.version: &amp;apos;22.0.1&amp;apos;
Driver info: org.openqa.selenium.chrome.ChromeDriver
Command: [cf8457d121dcea57857b8df6fb532149, findElement {using=xpath, value=(//*[@role=&amp;quot;row&amp;quot;])[2]}]
Capabilities {acceptInsecureCerts: false, browserName: chrome, browserVersion: 131.0.6778.108, chrome: {chromedriverVersion: 131.0.6778.87 (ce31cae94873..., userDataDir: C:\WINDOWS\TEMP\scoped_dir2...}, fedcm:accounts: true, goog:chromeOptions: {debuggerAddress: localhost:60911}, networkConnectionEnabled: false, pageLoadStrategy: normal, platformName: windows, proxy: Proxy(), se:cdp: ws://localhost:60911/devtoo..., se:cdpVersion: 131.0.6778.108, setWindowRect: true, strictFileInteractability: false, timeouts: {implicit: 0, pageLoad: 300000, script: 30000}, unhandledPromptBehavior: dismiss and notify, webauthn:extension:credBlob: true, webauthn:extension:largeBlob: true, webauthn:extension:minPinLength: true, webauthn:extension:prf: true, webauthn:virtualAuthenticators: true}
Session ID: cf8457d121dcea57857b8df6fb532149">
      <![CDATA[org.openqa.selenium.NoSuchElementException: no such element: Unable to locate element: {"method":"xpath","selector":"(//*[@role="row"])[2]"}
  (Session info: chrome=131.0.6778.108)
For documentation on this error, please visit: https://www.selenium.dev/documentation/webdriver/troubleshooting/errors#no-such-element-exception
Build info: version: '4.21.0', revision: '79ed462ef4'
System info: os.name: 'Windows 11', os.arch: 'amd64', os.version: '10.0', java.version: '22.0.1'
Driver info: org.openqa.selenium.chrome.ChromeDriver
Command: [cf8457d121dcea57857b8df6fb532149, findElement {using=xpath, value=(//*[@role="row"])[2]}]
Capabilities {acceptInsecureCerts: false, browserName: chrome, browserVersion: 131.0.6778.108, chrome: {chromedriverVersion: 131.0.6778.87 (ce31cae94873..., userDataDir: C:\WINDOWS\TEMP\scoped_dir2...}, fedcm:accounts: true, goog:chromeOptions: {debuggerAddress: localhost:60911}, networkConnectionEnabled: false, pageLoadStrategy: normal, platformName: windows, proxy: Proxy(), se:cdp: ws://localhost:60911/devtoo..., se:cdpVersion: 131.0.6778.108, setWindowRect: true, strictFileInteractability: false, timeouts: {implicit: 0, pageLoad: 300000, script: 30000}, unhandledPromptBehavior: dismiss and notify, webauthn:extension:credBlob: true, webauthn:extension:largeBlob: true, webauthn:extension:minPinLength: true, webauthn:extension:prf: true, webauthn:virtualAuthenticators: true}
Session ID: cf8457d121dcea57857b8df6fb532149
at org.openqa.selenium.remote.ErrorCodec.decode(ErrorCodec.java:167)
at org.openqa.selenium.remote.codec.w3c.W3CHttpResponseCodec.decode(W3CHttpResponseCodec.java:138)
at org.openqa.selenium.remote.codec.w3c.W3CHttpResponseCodec.decode(W3CHttpResponseCodec.java:50)
at org.openqa.selenium.remote.HttpCommandExecutor.execute(HttpCommandExecutor.java:190)
at org.openqa.selenium.remote.service.DriverCommandExecutor.invokeExecute(DriverCommandExecutor.java:216)
at org.openqa.selenium.remote.service.DriverCommandExecutor.execute(DriverCommandExecutor.java:174)
at org.openqa.selenium.remote.RemoteWebDriver.execute(RemoteWebDriver.java:518)
at org.openqa.selenium.remote.ElementLocation$ElementFinder$2.findElement(ElementLocation.java:165)
at org.openqa.selenium.remote.ElementLocation.findElement(ElementLocation.java:59)
at org.openqa.selenium.remote.RemoteWebDriver.findElement(RemoteWebDriver.java:355)
at org.openqa.selenium.remote.RemoteWebDriver.findElement(RemoteWebDriver.java:349)
at PSf_Static_Report_and_Call_Dispostion.Call_Me_Later.getAndClickFirstCustomer(Call_Me_Later.java:157)
at PSf_Static_Report_and_Call_Dispostion.Call_Me_Later.CAll_Me_Later(Call_Me_Later.java:98)
at java.base/java.util.ArrayList.forEach(ArrayList.java:1597)
... Removed 28 stack frames]]>
    </failure>
  </testcase> <!-- CAll_Me_Later -->
  <testcase classname="PSf_Static_Report_and_Call_Dispostion.LOGINs" name="Username" time="1.315"/>
  <testcase classname="PSf_Static_Report_and_Call_Dispostion.LOGINs" name="Password" time="1.372"/>
  <testcase classname="PSf_Static_Report_and_Call_Dispostion.LOGINs" name="Captcha" time="2.312"/>
  <testcase classname="PSf_Static_Report_and_Call_Dispostion.LOGINs" name="SUBMIT_Button" time="2.222"/>
  <testcase classname="PSf_Static_Report_and_Call_Dispostion.LOGINs" name="Click_On_PSF" time="43.789"/>
  <testcase classname="PSf_Static_Report_and_Call_Dispostion.LOGINs" name="Remove_PouP" time="0.691"/>
  <testcase classname="PSf_Static_Report_and_Call_Dispostion.Not_Intrested_In_Providing_Feedback" name="PSF_Calibration_Due" time="38.495">
    <failure type="org.openqa.selenium.TimeoutException" message="Expected condition failed: waiting for visibility of element located by By.xpath: //*[contains(text(),&amp;apos;Saved Successfully&amp;apos;)] (tried for 10 second(s) with 500 milliseconds interval)
Build info: version: &amp;apos;4.21.0&amp;apos;, revision: &amp;apos;79ed462ef4&amp;apos;
System info: os.name: &amp;apos;Windows 11&amp;apos;, os.arch: &amp;apos;amd64&amp;apos;, os.version: &amp;apos;10.0&amp;apos;, java.version: &amp;apos;22.0.1&amp;apos;
Driver info: org.openqa.selenium.chrome.ChromeDriver
Capabilities {acceptInsecureCerts: false, browserName: chrome, browserVersion: 131.0.6778.108, chrome: {chromedriverVersion: 131.0.6778.87 (ce31cae94873..., userDataDir: C:\WINDOWS\TEMP\scoped_dir1...}, fedcm:accounts: true, goog:chromeOptions: {debuggerAddress: localhost:60988}, networkConnectionEnabled: false, pageLoadStrategy: normal, platformName: windows, proxy: Proxy(), se:cdp: ws://localhost:60988/devtoo..., se:cdpVersion: 131.0.6778.108, setWindowRect: true, strictFileInteractability: false, timeouts: {implicit: 0, pageLoad: 300000, script: 30000}, unhandledPromptBehavior: dismiss and notify, webauthn:extension:credBlob: true, webauthn:extension:largeBlob: true, webauthn:extension:minPinLength: true, webauthn:extension:prf: true, webauthn:virtualAuthenticators: true}
Session ID: be53c765cb1e08e44f08cefcf7fb5619">
      <![CDATA[org.openqa.selenium.TimeoutException: Expected condition failed: waiting for visibility of element located by By.xpath: //*[contains(text(),'Saved Successfully')] (tried for 10 second(s) with 500 milliseconds interval)
Build info: version: '4.21.0', revision: '79ed462ef4'
System info: os.name: 'Windows 11', os.arch: 'amd64', os.version: '10.0', java.version: '22.0.1'
Driver info: org.openqa.selenium.chrome.ChromeDriver
Capabilities {acceptInsecureCerts: false, browserName: chrome, browserVersion: 131.0.6778.108, chrome: {chromedriverVersion: 131.0.6778.87 (ce31cae94873..., userDataDir: C:\WINDOWS\TEMP\scoped_dir1...}, fedcm:accounts: true, goog:chromeOptions: {debuggerAddress: localhost:60988}, networkConnectionEnabled: false, pageLoadStrategy: normal, platformName: windows, proxy: Proxy(), se:cdp: ws://localhost:60988/devtoo..., se:cdpVersion: 131.0.6778.108, setWindowRect: true, strictFileInteractability: false, timeouts: {implicit: 0, pageLoad: 300000, script: 30000}, unhandledPromptBehavior: dismiss and notify, webauthn:extension:credBlob: true, webauthn:extension:largeBlob: true, webauthn:extension:minPinLength: true, webauthn:extension:prf: true, webauthn:virtualAuthenticators: true}
Session ID: be53c765cb1e08e44f08cefcf7fb5619
at org.openqa.selenium.support.ui.WebDriverWait.timeoutException(WebDriverWait.java:84)
at org.openqa.selenium.support.ui.FluentWait.until(FluentWait.java:228)
at PSf_Static_Report_and_Call_Dispostion.Not_Intrested_In_Providing_Feedback.Save_Succesfully(Not_Intrested_In_Providing_Feedback.java:129)
at PSf_Static_Report_and_Call_Dispostion.Not_Intrested_In_Providing_Feedback.PSF_Calibration_Due(Not_Intrested_In_Providing_Feedback.java:71)
at java.base/java.util.ArrayList.forEach(ArrayList.java:1597)
... Removed 25 stack frames]]>
    </failure>
  </testcase> <!-- PSF_Calibration_Due -->
  <testcase classname="PSf_Static_Report_and_Call_Dispostion.LOGINs" name="Username" time="1.39"/>
  <testcase classname="PSf_Static_Report_and_Call_Dispostion.LOGINs" name="Password" time="1.385"/>
  <testcase classname="PSf_Static_Report_and_Call_Dispostion.LOGINs" name="Captcha" time="2.212"/>
  <testcase classname="PSf_Static_Report_and_Call_Dispostion.LOGINs" name="SUBMIT_Button" time="2.167"/>
  <testcase classname="PSf_Static_Report_and_Call_Dispostion.LOGINs" name="Click_On_PSF" time="45.841"/>
  <testcase classname="PSf_Static_Report_and_Call_Dispostion.LOGINs" name="Remove_PouP" time="0.692"/>
  <testcase classname="PSf_Static_Report_and_Call_Dispostion.Not_Picked_Up_of_Service_Rating" name="PSF_Calibration_Due" time="40.718"/>
  <testcase classname="PSf_Static_Report_and_Call_Dispostion.LOGINs" name="Username" time="1.342"/>
  <testcase classname="PSf_Static_Report_and_Call_Dispostion.LOGINs" name="Password" time="1.383"/>
  <testcase classname="PSf_Static_Report_and_Call_Dispostion.LOGINs" name="Captcha" time="2.3"/>
  <testcase classname="PSf_Static_Report_and_Call_Dispostion.LOGINs" name="SUBMIT_Button" time="2.234"/>
  <testcase classname="PSf_Static_Report_and_Call_Dispostion.LOGINs" name="Click_On_PSF" time="23.476"/>
  <testcase classname="PSf_Static_Report_and_Call_Dispostion.LOGINs" name="Remove_PouP" time="0.677"/>
  <testcase classname="PSf_Static_Report_and_Call_Dispostion.Number_Busy_of_Service_Rating" name="PSF_Calibration_Due" time="41.031"/>
  <testcase classname="PSf_Static_Report_and_Call_Dispostion.LOGINs" name="Username" time="1.276"/>
  <testcase classname="PSf_Static_Report_and_Call_Dispostion.LOGINs" name="Password" time="1.417"/>
  <testcase classname="PSf_Static_Report_and_Call_Dispostion.LOGINs" name="Captcha" time="2.219"/>
  <testcase classname="PSf_Static_Report_and_Call_Dispostion.LOGINs" name="SUBMIT_Button" time="2.156"/>
  <testcase classname="PSf_Static_Report_and_Call_Dispostion.LOGINs" name="Click_On_PSF" time="20.514"/>
  <testcase classname="PSf_Static_Report_and_Call_Dispostion.LOGINs" name="Remove_PouP" time="0.659"/>
  <testcase classname="PSf_Static_Report_and_Call_Dispostion.PSF_Customer_satisfied_With_service_Rating" name="Click_On_Total_Due_Psf" time="0.052"/>
  <testcase classname="PSf_Static_Report_and_Call_Dispostion.PSF_Customer_satisfied_With_service_Rating" name="Check_Call_Dispostion_Service_Rating_Excellent" time="42.269">
    <failure type="org.openqa.selenium.TimeoutException" message="Expected condition failed: waiting for visibility of element located by By.xpath: //*[contains(text(),&amp;apos;Details Saved Successfully.&amp;apos;)] (tried for 10 second(s) with 500 milliseconds interval)
Build info: version: &amp;apos;4.21.0&amp;apos;, revision: &amp;apos;79ed462ef4&amp;apos;
System info: os.name: &amp;apos;Windows 11&amp;apos;, os.arch: &amp;apos;amd64&amp;apos;, os.version: &amp;apos;10.0&amp;apos;, java.version: &amp;apos;22.0.1&amp;apos;
Driver info: org.openqa.selenium.chrome.ChromeDriver
Capabilities {acceptInsecureCerts: false, browserName: chrome, browserVersion: 131.0.6778.108, chrome: {chromedriverVersion: 131.0.6778.87 (ce31cae94873..., userDataDir: C:\WINDOWS\TEMP\scoped_dir2...}, fedcm:accounts: true, goog:chromeOptions: {debuggerAddress: localhost:61223}, networkConnectionEnabled: false, pageLoadStrategy: normal, platformName: windows, proxy: Proxy(), se:cdp: ws://localhost:61223/devtoo..., se:cdpVersion: 131.0.6778.108, setWindowRect: true, strictFileInteractability: false, timeouts: {implicit: 0, pageLoad: 300000, script: 30000}, unhandledPromptBehavior: dismiss and notify, webauthn:extension:credBlob: true, webauthn:extension:largeBlob: true, webauthn:extension:minPinLength: true, webauthn:extension:prf: true, webauthn:virtualAuthenticators: true}
Session ID: 629850c1a5d1a7ac55edf054a710652a">
      <![CDATA[org.openqa.selenium.TimeoutException: Expected condition failed: waiting for visibility of element located by By.xpath: //*[contains(text(),'Details Saved Successfully.')] (tried for 10 second(s) with 500 milliseconds interval)
Build info: version: '4.21.0', revision: '79ed462ef4'
System info: os.name: 'Windows 11', os.arch: 'amd64', os.version: '10.0', java.version: '22.0.1'
Driver info: org.openqa.selenium.chrome.ChromeDriver
Capabilities {acceptInsecureCerts: false, browserName: chrome, browserVersion: 131.0.6778.108, chrome: {chromedriverVersion: 131.0.6778.87 (ce31cae94873..., userDataDir: C:\WINDOWS\TEMP\scoped_dir2...}, fedcm:accounts: true, goog:chromeOptions: {debuggerAddress: localhost:61223}, networkConnectionEnabled: false, pageLoadStrategy: normal, platformName: windows, proxy: Proxy(), se:cdp: ws://localhost:61223/devtoo..., se:cdpVersion: 131.0.6778.108, setWindowRect: true, strictFileInteractability: false, timeouts: {implicit: 0, pageLoad: 300000, script: 30000}, unhandledPromptBehavior: dismiss and notify, webauthn:extension:credBlob: true, webauthn:extension:largeBlob: true, webauthn:extension:minPinLength: true, webauthn:extension:prf: true, webauthn:virtualAuthenticators: true}
Session ID: 629850c1a5d1a7ac55edf054a710652a
at org.openqa.selenium.support.ui.WebDriverWait.timeoutException(WebDriverWait.java:84)
at org.openqa.selenium.support.ui.FluentWait.until(FluentWait.java:228)
at PSf_Static_Report_and_Call_Dispostion.PSF_Customer_satisfied_With_service_Rating.Save_Succesfully(PSF_Customer_satisfied_With_service_Rating.java:165)
at PSf_Static_Report_and_Call_Dispostion.PSF_Customer_satisfied_With_service_Rating.Check_Call_Dispostion_Service_Rating_Excellent(PSF_Customer_satisfied_With_service_Rating.java:96)
at java.base/java.util.ArrayList.forEach(ArrayList.java:1597)
... Removed 25 stack frames]]>
    </failure>
  </testcase> <!-- Check_Call_Dispostion_Service_Rating_Excellent -->
  <testcase classname="PSf_Static_Report_and_Call_Dispostion.LOGINs" name="Username" time="1.474"/>
  <testcase classname="PSf_Static_Report_and_Call_Dispostion.LOGINs" name="Password" time="1.42"/>
  <testcase classname="PSf_Static_Report_and_Call_Dispostion.LOGINs" name="Captcha" time="2.245"/>
  <testcase classname="PSf_Static_Report_and_Call_Dispostion.LOGINs" name="SUBMIT_Button" time="2.199"/>
  <testcase classname="PSf_Static_Report_and_Call_Dispostion.LOGINs" name="Click_On_PSF" time="46.624"/>
  <testcase classname="PSf_Static_Report_and_Call_Dispostion.LOGINs" name="Remove_PouP" time="0.681"/>
  <testcase classname="PSf_Static_Report_and_Call_Dispostion.PSF_No_Raise_A_Complaint_Of_service_Rating" name="Click_On_Total_Due_Psf" time="0.034"/>
  <testcase classname="PSf_Static_Report_and_Call_Dispostion.PSF_No_Raise_A_Complaint_Of_service_Rating" name="Check_Call_Dispostion_Service_Rating" time="42.274">
    <failure type="org.openqa.selenium.TimeoutException" message="Expected condition failed: waiting for visibility of element located by By.xpath: //*[contains(text(),&amp;apos;Details Saved Successfully.&amp;apos;)] (tried for 10 second(s) with 500 milliseconds interval)
Build info: version: &amp;apos;4.21.0&amp;apos;, revision: &amp;apos;79ed462ef4&amp;apos;
System info: os.name: &amp;apos;Windows 11&amp;apos;, os.arch: &amp;apos;amd64&amp;apos;, os.version: &amp;apos;10.0&amp;apos;, java.version: &amp;apos;22.0.1&amp;apos;
Driver info: org.openqa.selenium.chrome.ChromeDriver
Capabilities {acceptInsecureCerts: false, browserName: chrome, browserVersion: 131.0.6778.108, chrome: {chromedriverVersion: 131.0.6778.87 (ce31cae94873..., userDataDir: C:\WINDOWS\TEMP\scoped_dir1...}, fedcm:accounts: true, goog:chromeOptions: {debuggerAddress: localhost:61299}, networkConnectionEnabled: false, pageLoadStrategy: normal, platformName: windows, proxy: Proxy(), se:cdp: ws://localhost:61299/devtoo..., se:cdpVersion: 131.0.6778.108, setWindowRect: true, strictFileInteractability: false, timeouts: {implicit: 0, pageLoad: 300000, script: 30000}, unhandledPromptBehavior: dismiss and notify, webauthn:extension:credBlob: true, webauthn:extension:largeBlob: true, webauthn:extension:minPinLength: true, webauthn:extension:prf: true, webauthn:virtualAuthenticators: true}
Session ID: 33031718c409a70e5a4a6dc42c1e8f4d">
      <![CDATA[org.openqa.selenium.TimeoutException: Expected condition failed: waiting for visibility of element located by By.xpath: //*[contains(text(),'Details Saved Successfully.')] (tried for 10 second(s) with 500 milliseconds interval)
Build info: version: '4.21.0', revision: '79ed462ef4'
System info: os.name: 'Windows 11', os.arch: 'amd64', os.version: '10.0', java.version: '22.0.1'
Driver info: org.openqa.selenium.chrome.ChromeDriver
Capabilities {acceptInsecureCerts: false, browserName: chrome, browserVersion: 131.0.6778.108, chrome: {chromedriverVersion: 131.0.6778.87 (ce31cae94873..., userDataDir: C:\WINDOWS\TEMP\scoped_dir1...}, fedcm:accounts: true, goog:chromeOptions: {debuggerAddress: localhost:61299}, networkConnectionEnabled: false, pageLoadStrategy: normal, platformName: windows, proxy: Proxy(), se:cdp: ws://localhost:61299/devtoo..., se:cdpVersion: 131.0.6778.108, setWindowRect: true, strictFileInteractability: false, timeouts: {implicit: 0, pageLoad: 300000, script: 30000}, unhandledPromptBehavior: dismiss and notify, webauthn:extension:credBlob: true, webauthn:extension:largeBlob: true, webauthn:extension:minPinLength: true, webauthn:extension:prf: true, webauthn:virtualAuthenticators: true}
Session ID: 33031718c409a70e5a4a6dc42c1e8f4d
at org.openqa.selenium.support.ui.WebDriverWait.timeoutException(WebDriverWait.java:84)
at org.openqa.selenium.support.ui.FluentWait.until(FluentWait.java:228)
at PSf_Static_Report_and_Call_Dispostion.PSF_No_Raise_A_Complaint_Of_service_Rating.Save_Succesfully(PSF_No_Raise_A_Complaint_Of_service_Rating.java:348)
at PSf_Static_Report_and_Call_Dispostion.PSF_No_Raise_A_Complaint_Of_service_Rating.Check_Call_Dispostion_Service_Rating(PSF_No_Raise_A_Complaint_Of_service_Rating.java:105)
at java.base/java.util.ArrayList.forEach(ArrayList.java:1597)
... Removed 25 stack frames]]>
    </failure>
  </testcase> <!-- Check_Call_Dispostion_Service_Rating -->
  <testcase classname="PSf_Static_Report_and_Call_Dispostion.PSF_No_Raise_A_Complaint_Of_service_Rating" name="Open_Complaint_Management_tab" time="29.664"/>
  <testcase classname="PSf_Static_Report_and_Call_Dispostion.PSF_No_Raise_A_Complaint_Of_service_Rating" name="Upload_file" time="9.978"/>
  <testcase classname="PSf_Static_Report_and_Call_Dispostion.PSF_No_Raise_A_Complaint_Of_service_Rating" name="Clcik_On_Resolved_Complaint" time="29.198">
    <failure type="org.openqa.selenium.NoSuchElementException" message="no such element: Unable to locate element: {&amp;quot;method&amp;quot;:&amp;quot;xpath&amp;quot;,&amp;quot;selector&amp;quot;:&amp;quot;(//*[@id=&amp;quot;exampleFormControlTextarea1&amp;quot;])[3]&amp;quot;}
  (Session info: chrome=131.0.6778.108)
For documentation on this error, please visit: https://www.selenium.dev/documentation/webdriver/troubleshooting/errors#no-such-element-exception
Build info: version: &amp;apos;4.21.0&amp;apos;, revision: &amp;apos;79ed462ef4&amp;apos;
System info: os.name: &amp;apos;Windows 11&amp;apos;, os.arch: &amp;apos;amd64&amp;apos;, os.version: &amp;apos;10.0&amp;apos;, java.version: &amp;apos;22.0.1&amp;apos;
Driver info: org.openqa.selenium.chrome.ChromeDriver
Command: [33031718c409a70e5a4a6dc42c1e8f4d, findElement {using=xpath, value=(//*[@id=&amp;quot;exampleFormControlTextarea1&amp;quot;])[3]}]
Capabilities {acceptInsecureCerts: false, browserName: chrome, browserVersion: 131.0.6778.108, chrome: {chromedriverVersion: 131.0.6778.87 (ce31cae94873..., userDataDir: C:\WINDOWS\TEMP\scoped_dir1...}, fedcm:accounts: true, goog:chromeOptions: {debuggerAddress: localhost:61299}, networkConnectionEnabled: false, pageLoadStrategy: normal, platformName: windows, proxy: Proxy(), se:cdp: ws://localhost:61299/devtoo..., se:cdpVersion: 131.0.6778.108, setWindowRect: true, strictFileInteractability: false, timeouts: {implicit: 0, pageLoad: 300000, script: 30000}, unhandledPromptBehavior: dismiss and notify, webauthn:extension:credBlob: true, webauthn:extension:largeBlob: true, webauthn:extension:minPinLength: true, webauthn:extension:prf: true, webauthn:virtualAuthenticators: true}
Session ID: 33031718c409a70e5a4a6dc42c1e8f4d">
      <![CDATA[org.openqa.selenium.NoSuchElementException: no such element: Unable to locate element: {"method":"xpath","selector":"(//*[@id="exampleFormControlTextarea1"])[3]"}
  (Session info: chrome=131.0.6778.108)
For documentation on this error, please visit: https://www.selenium.dev/documentation/webdriver/troubleshooting/errors#no-such-element-exception
Build info: version: '4.21.0', revision: '79ed462ef4'
System info: os.name: 'Windows 11', os.arch: 'amd64', os.version: '10.0', java.version: '22.0.1'
Driver info: org.openqa.selenium.chrome.ChromeDriver
Command: [33031718c409a70e5a4a6dc42c1e8f4d, findElement {using=xpath, value=(//*[@id="exampleFormControlTextarea1"])[3]}]
Capabilities {acceptInsecureCerts: false, browserName: chrome, browserVersion: 131.0.6778.108, chrome: {chromedriverVersion: 131.0.6778.87 (ce31cae94873..., userDataDir: C:\WINDOWS\TEMP\scoped_dir1...}, fedcm:accounts: true, goog:chromeOptions: {debuggerAddress: localhost:61299}, networkConnectionEnabled: false, pageLoadStrategy: normal, platformName: windows, proxy: Proxy(), se:cdp: ws://localhost:61299/devtoo..., se:cdpVersion: 131.0.6778.108, setWindowRect: true, strictFileInteractability: false, timeouts: {implicit: 0, pageLoad: 300000, script: 30000}, unhandledPromptBehavior: dismiss and notify, webauthn:extension:credBlob: true, webauthn:extension:largeBlob: true, webauthn:extension:minPinLength: true, webauthn:extension:prf: true, webauthn:virtualAuthenticators: true}
Session ID: 33031718c409a70e5a4a6dc42c1e8f4d
at org.openqa.selenium.remote.ErrorCodec.decode(ErrorCodec.java:167)
at org.openqa.selenium.remote.codec.w3c.W3CHttpResponseCodec.decode(W3CHttpResponseCodec.java:138)
at org.openqa.selenium.remote.codec.w3c.W3CHttpResponseCodec.decode(W3CHttpResponseCodec.java:50)
at org.openqa.selenium.remote.HttpCommandExecutor.execute(HttpCommandExecutor.java:190)
at org.openqa.selenium.remote.service.DriverCommandExecutor.invokeExecute(DriverCommandExecutor.java:216)
at org.openqa.selenium.remote.service.DriverCommandExecutor.execute(DriverCommandExecutor.java:174)
at org.openqa.selenium.remote.RemoteWebDriver.execute(RemoteWebDriver.java:518)
at org.openqa.selenium.remote.ElementLocation$ElementFinder$2.findElement(ElementLocation.java:165)
at org.openqa.selenium.remote.ElementLocation.findElement(ElementLocation.java:59)
at org.openqa.selenium.remote.RemoteWebDriver.findElement(RemoteWebDriver.java:355)
at org.openqa.selenium.remote.RemoteWebDriver.findElement(RemoteWebDriver.java:349)
at PSf_Static_Report_and_Call_Dispostion.PSF_No_Raise_A_Complaint_Of_service_Rating.Clcik_On_Resolved_Complaint(PSF_No_Raise_A_Complaint_Of_service_Rating.java:250)
at java.base/java.util.ArrayList.forEach(ArrayList.java:1597)
... Removed 28 stack frames]]>
    </failure>
  </testcase> <!-- Clcik_On_Resolved_Complaint -->
  <testcase classname="PSf_Static_Report_and_Call_Dispostion.PSF_No_Raise_A_Complaint_Of_service_Rating" name="Customer_Will_Be_Available_In_Closed_Complaints" time="17.086">
    <failure type="org.openqa.selenium.TimeoutException" message="Expected condition failed: waiting for presence of element located by: By.xpath: //*[contains(text(),&amp;quot;Closed Complaints&amp;quot;)] (tried for 15 second(s) with 500 milliseconds interval)">
      <![CDATA[org.openqa.selenium.TimeoutException: Expected condition failed: waiting for presence of element located by: By.xpath: //*[contains(text(),"Closed Complaints")] (tried for 15 second(s) with 500 milliseconds interval)
at org.openqa.selenium.support.ui.WebDriverWait.timeoutException(WebDriverWait.java:84)
at org.openqa.selenium.support.ui.FluentWait.until(FluentWait.java:228)
at PSf_Static_Report_and_Call_Dispostion.PSF_No_Raise_A_Complaint_Of_service_Rating.clickOnTab(PSF_No_Raise_A_Complaint_Of_service_Rating.java:363)
at PSf_Static_Report_and_Call_Dispostion.PSF_No_Raise_A_Complaint_Of_service_Rating.Customer_Will_Be_Available_In_Closed_Complaints(PSF_No_Raise_A_Complaint_Of_service_Rating.java:261)
at java.base/java.util.ArrayList.forEach(ArrayList.java:1597)
Caused by: org.openqa.selenium.NoSuchElementException: no such element: Unable to locate element: {"method":"xpath","selector":"//*[contains(text(),"Closed Complaints")]"}
  (Session info: chrome=131.0.6778.108)
For documentation on this error, please visit: https://www.selenium.dev/documentation/webdriver/troubleshooting/errors#no-such-element-exception
Build info: version: '4.21.0', revision: '79ed462ef4'
System info: os.name: 'Windows 11', os.arch: 'amd64', os.version: '10.0', java.version: '22.0.1'
Driver info: org.openqa.selenium.chrome.ChromeDriver
Command: [33031718c409a70e5a4a6dc42c1e8f4d, findElement {using=xpath, value=//*[contains(text(),"Closed Complaints")]}]
Capabilities {acceptInsecureCerts: false, browserName: chrome, browserVersion: 131.0.6778.108, chrome: {chromedriverVersion: 131.0.6778.87 (ce31cae94873..., userDataDir: C:\WINDOWS\TEMP\scoped_dir1...}, fedcm:accounts: true, goog:chromeOptions: {debuggerAddress: localhost:61299}, networkConnectionEnabled: false, pageLoadStrategy: normal, platformName: windows, proxy: Proxy(), se:cdp: ws://localhost:61299/devtoo..., se:cdpVersion: 131.0.6778.108, setWindowRect: true, strictFileInteractability: false, timeouts: {implicit: 0, pageLoad: 300000, script: 30000}, unhandledPromptBehavior: dismiss and notify, webauthn:extension:credBlob: true, webauthn:extension:largeBlob: true, webauthn:extension:minPinLength: true, webauthn:extension:prf: true, webauthn:virtualAuthenticators: true}
Session ID: 33031718c409a70e5a4a6dc42c1e8f4d
at org.openqa.selenium.remote.ErrorCodec.decode(ErrorCodec.java:167)
at org.openqa.selenium.remote.codec.w3c.W3CHttpResponseCodec.decode(W3CHttpResponseCodec.java:138)
at org.openqa.selenium.remote.codec.w3c.W3CHttpResponseCodec.decode(W3CHttpResponseCodec.java:50)
at org.openqa.selenium.remote.HttpCommandExecutor.execute(HttpCommandExecutor.java:190)
at org.openqa.selenium.remote.service.DriverCommandExecutor.invokeExecute(DriverCommandExecutor.java:216)
at org.openqa.selenium.remote.service.DriverCommandExecutor.execute(DriverCommandExecutor.java:174)
at org.openqa.selenium.remote.RemoteWebDriver.execute(RemoteWebDriver.java:518)
at org.openqa.selenium.remote.ElementLocation$ElementFinder$2.findElement(ElementLocation.java:165)
at org.openqa.selenium.remote.ElementLocation.findElement(ElementLocation.java:59)
at org.openqa.selenium.remote.RemoteWebDriver.findElement(RemoteWebDriver.java:355)
at org.openqa.selenium.remote.RemoteWebDriver.findElement(RemoteWebDriver.java:349)
at org.openqa.selenium.support.ui.ExpectedConditions$6.apply(ExpectedConditions.java:171)
at org.openqa.selenium.support.ui.ExpectedConditions$6.apply(ExpectedConditions.java:168)
at org.openqa.selenium.support.ui.FluentWait.until(FluentWait.java:203)
... 28 more
... Removed 28 stack frames]]>
    </failure>
  </testcase> <!-- Customer_Will_Be_Available_In_Closed_Complaints -->
  <testcase classname="PSf_Static_Report_and_Call_Dispostion.LOGINs" name="Username" time="1.447"/>
  <testcase classname="PSf_Static_Report_and_Call_Dispostion.LOGINs" name="Password" time="1.42"/>
  <testcase classname="PSf_Static_Report_and_Call_Dispostion.LOGINs" name="Captcha" time="2.192"/>
  <testcase classname="PSf_Static_Report_and_Call_Dispostion.LOGINs" name="SUBMIT_Button" time="2.196"/>
  <testcase classname="PSf_Static_Report_and_Call_Dispostion.LOGINs" name="Click_On_PSF" time="44.583"/>
  <testcase classname="PSf_Static_Report_and_Call_Dispostion.LOGINs" name="Remove_PouP" time="0.692"/>
  <testcase classname="PSf_Static_Report_and_Call_Dispostion.Wrong_Number" name="PSF_Calibration_Due" time="37.25">
    <failure type="org.openqa.selenium.TimeoutException" message="Expected condition failed: waiting for visibility of element located by By.xpath: //*[contains(text(),&amp;apos;Saved Successfully&amp;apos;)] (tried for 10 second(s) with 500 milliseconds interval)
Build info: version: &amp;apos;4.21.0&amp;apos;, revision: &amp;apos;79ed462ef4&amp;apos;
System info: os.name: &amp;apos;Windows 11&amp;apos;, os.arch: &amp;apos;amd64&amp;apos;, os.version: &amp;apos;10.0&amp;apos;, java.version: &amp;apos;22.0.1&amp;apos;
Driver info: org.openqa.selenium.chrome.ChromeDriver
Capabilities {acceptInsecureCerts: false, browserName: chrome, browserVersion: 131.0.6778.108, chrome: {chromedriverVersion: 131.0.6778.87 (ce31cae94873..., userDataDir: C:\WINDOWS\TEMP\scoped_dir1...}, fedcm:accounts: true, goog:chromeOptions: {debuggerAddress: localhost:61393}, networkConnectionEnabled: false, pageLoadStrategy: normal, platformName: windows, proxy: Proxy(), se:cdp: ws://localhost:61393/devtoo..., se:cdpVersion: 131.0.6778.108, setWindowRect: true, strictFileInteractability: false, timeouts: {implicit: 0, pageLoad: 300000, script: 30000}, unhandledPromptBehavior: dismiss and notify, webauthn:extension:credBlob: true, webauthn:extension:largeBlob: true, webauthn:extension:minPinLength: true, webauthn:extension:prf: true, webauthn:virtualAuthenticators: true}
Session ID: bee821292e54e61a46a05eae1bc19797">
      <![CDATA[org.openqa.selenium.TimeoutException: Expected condition failed: waiting for visibility of element located by By.xpath: //*[contains(text(),'Saved Successfully')] (tried for 10 second(s) with 500 milliseconds interval)
Build info: version: '4.21.0', revision: '79ed462ef4'
System info: os.name: 'Windows 11', os.arch: 'amd64', os.version: '10.0', java.version: '22.0.1'
Driver info: org.openqa.selenium.chrome.ChromeDriver
Capabilities {acceptInsecureCerts: false, browserName: chrome, browserVersion: 131.0.6778.108, chrome: {chromedriverVersion: 131.0.6778.87 (ce31cae94873..., userDataDir: C:\WINDOWS\TEMP\scoped_dir1...}, fedcm:accounts: true, goog:chromeOptions: {debuggerAddress: localhost:61393}, networkConnectionEnabled: false, pageLoadStrategy: normal, platformName: windows, proxy: Proxy(), se:cdp: ws://localhost:61393/devtoo..., se:cdpVersion: 131.0.6778.108, setWindowRect: true, strictFileInteractability: false, timeouts: {implicit: 0, pageLoad: 300000, script: 30000}, unhandledPromptBehavior: dismiss and notify, webauthn:extension:credBlob: true, webauthn:extension:largeBlob: true, webauthn:extension:minPinLength: true, webauthn:extension:prf: true, webauthn:virtualAuthenticators: true}
Session ID: bee821292e54e61a46a05eae1bc19797
at org.openqa.selenium.support.ui.WebDriverWait.timeoutException(WebDriverWait.java:84)
at org.openqa.selenium.support.ui.FluentWait.until(FluentWait.java:228)
at PSf_Static_Report_and_Call_Dispostion.Wrong_Number.Save_Succesfully(Wrong_Number.java:124)
at PSf_Static_Report_and_Call_Dispostion.Wrong_Number.PSF_Calibration_Due(Wrong_Number.java:78)
at java.base/java.util.ArrayList.forEach(ArrayList.java:1597)
... Removed 25 stack frames]]>
    </failure>
  </testcase> <!-- PSF_Calibration_Due -->
  <testcase classname="PSf_Static_Report_and_Call_Dispostion.LOGINs" name="Username" time="1.396"/>
  <testcase classname="PSf_Static_Report_and_Call_Dispostion.LOGINs" name="Password" time="1.418"/>
  <testcase classname="PSf_Static_Report_and_Call_Dispostion.LOGINs" name="Captcha" time="2.222"/>
  <testcase classname="PSf_Static_Report_and_Call_Dispostion.LOGINs" name="SUBMIT_Button" time="2.243"/>
  <testcase classname="PSf_Static_Report_and_Call_Dispostion.LOGINs" name="Click_On_PSF" time="42.706"/>
  <testcase classname="PSf_Static_Report_and_Call_Dispostion.LOGINs" name="Remove_PouP" time="0.688"/>
  <testcase classname="PSf_Static_Report_and_Call_Dispostion.PSF_Service_Rating__Very_Good" name="Click_On_Total_Due_Psf" time="0.031"/>
  <testcase classname="PSf_Static_Report_and_Call_Dispostion.PSF_Service_Rating__Very_Good" name="Check_Call_Dispostion_Service_Rating_Very_Good" time="41.285">
    <failure type="org.openqa.selenium.TimeoutException" message="Expected condition failed: waiting for visibility of element located by By.xpath: //*[contains(text(),&amp;apos;Details Saved Successfully.&amp;apos;)] (tried for 10 second(s) with 500 milliseconds interval)
Build info: version: &amp;apos;4.21.0&amp;apos;, revision: &amp;apos;79ed462ef4&amp;apos;
System info: os.name: &amp;apos;Windows 11&amp;apos;, os.arch: &amp;apos;amd64&amp;apos;, os.version: &amp;apos;10.0&amp;apos;, java.version: &amp;apos;22.0.1&amp;apos;
Driver info: org.openqa.selenium.chrome.ChromeDriver
Capabilities {acceptInsecureCerts: false, browserName: chrome, browserVersion: 131.0.6778.108, chrome: {chromedriverVersion: 131.0.6778.87 (ce31cae94873..., userDataDir: C:\WINDOWS\TEMP\scoped_dir1...}, fedcm:accounts: true, goog:chromeOptions: {debuggerAddress: localhost:61465}, networkConnectionEnabled: false, pageLoadStrategy: normal, platformName: windows, proxy: Proxy(), se:cdp: ws://localhost:61465/devtoo..., se:cdpVersion: 131.0.6778.108, setWindowRect: true, strictFileInteractability: false, timeouts: {implicit: 0, pageLoad: 300000, script: 30000}, unhandledPromptBehavior: dismiss and notify, webauthn:extension:credBlob: true, webauthn:extension:largeBlob: true, webauthn:extension:minPinLength: true, webauthn:extension:prf: true, webauthn:virtualAuthenticators: true}
Session ID: e1c354a8806f725de42e1a0e032016d6">
      <![CDATA[org.openqa.selenium.TimeoutException: Expected condition failed: waiting for visibility of element located by By.xpath: //*[contains(text(),'Details Saved Successfully.')] (tried for 10 second(s) with 500 milliseconds interval)
Build info: version: '4.21.0', revision: '79ed462ef4'
System info: os.name: 'Windows 11', os.arch: 'amd64', os.version: '10.0', java.version: '22.0.1'
Driver info: org.openqa.selenium.chrome.ChromeDriver
Capabilities {acceptInsecureCerts: false, browserName: chrome, browserVersion: 131.0.6778.108, chrome: {chromedriverVersion: 131.0.6778.87 (ce31cae94873..., userDataDir: C:\WINDOWS\TEMP\scoped_dir1...}, fedcm:accounts: true, goog:chromeOptions: {debuggerAddress: localhost:61465}, networkConnectionEnabled: false, pageLoadStrategy: normal, platformName: windows, proxy: Proxy(), se:cdp: ws://localhost:61465/devtoo..., se:cdpVersion: 131.0.6778.108, setWindowRect: true, strictFileInteractability: false, timeouts: {implicit: 0, pageLoad: 300000, script: 30000}, unhandledPromptBehavior: dismiss and notify, webauthn:extension:credBlob: true, webauthn:extension:largeBlob: true, webauthn:extension:minPinLength: true, webauthn:extension:prf: true, webauthn:virtualAuthenticators: true}
Session ID: e1c354a8806f725de42e1a0e032016d6
at org.openqa.selenium.support.ui.WebDriverWait.timeoutException(WebDriverWait.java:84)
at org.openqa.selenium.support.ui.FluentWait.until(FluentWait.java:228)
at PSf_Static_Report_and_Call_Dispostion.PSF_Service_Rating__Very_Good.Save_Succesfully(PSF_Service_Rating__Very_Good.java:175)
at PSf_Static_Report_and_Call_Dispostion.PSF_Service_Rating__Very_Good.Check_Call_Dispostion_Service_Rating_Very_Good(PSF_Service_Rating__Very_Good.java:99)
at java.base/java.util.ArrayList.forEach(ArrayList.java:1597)
... Removed 25 stack frames]]>
    </failure>
  </testcase> <!-- Check_Call_Dispostion_Service_Rating_Very_Good -->
  <testcase classname="PSf_Static_Report_and_Call_Dispostion.PSF_Service_Rating__Very_Good" name="Check_Yes_Customer_Is_Satisfied" time="17.056">
    <failure type="org.openqa.selenium.TimeoutException" message="Expected condition failed: waiting for presence of element located by: By.xpath: //*[contains(text(),&amp;quot;PSF Calibration Due&amp;quot;)] (tried for 15 second(s) with 500 milliseconds interval)">
      <![CDATA[org.openqa.selenium.TimeoutException: Expected condition failed: waiting for presence of element located by: By.xpath: //*[contains(text(),"PSF Calibration Due")] (tried for 15 second(s) with 500 milliseconds interval)
at org.openqa.selenium.support.ui.WebDriverWait.timeoutException(WebDriverWait.java:84)
at org.openqa.selenium.support.ui.FluentWait.until(FluentWait.java:228)
at PSf_Static_Report_and_Call_Dispostion.PSF_Service_Rating__Very_Good.clickOnTab(PSF_Service_Rating__Very_Good.java:190)
at PSf_Static_Report_and_Call_Dispostion.PSF_Service_Rating__Very_Good.Check_Yes_Customer_Is_Satisfied(PSF_Service_Rating__Very_Good.java:109)
at java.base/java.util.ArrayList.forEach(ArrayList.java:1597)
Caused by: org.openqa.selenium.NoSuchElementException: no such element: Unable to locate element: {"method":"xpath","selector":"//*[contains(text(),"PSF Calibration Due")]"}
  (Session info: chrome=131.0.6778.108)
For documentation on this error, please visit: https://www.selenium.dev/documentation/webdriver/troubleshooting/errors#no-such-element-exception
Build info: version: '4.21.0', revision: '79ed462ef4'
System info: os.name: 'Windows 11', os.arch: 'amd64', os.version: '10.0', java.version: '22.0.1'
Driver info: org.openqa.selenium.chrome.ChromeDriver
Command: [e1c354a8806f725de42e1a0e032016d6, findElement {using=xpath, value=//*[contains(text(),"PSF Calibration Due")]}]
Capabilities {acceptInsecureCerts: false, browserName: chrome, browserVersion: 131.0.6778.108, chrome: {chromedriverVersion: 131.0.6778.87 (ce31cae94873..., userDataDir: C:\WINDOWS\TEMP\scoped_dir1...}, fedcm:accounts: true, goog:chromeOptions: {debuggerAddress: localhost:61465}, networkConnectionEnabled: false, pageLoadStrategy: normal, platformName: windows, proxy: Proxy(), se:cdp: ws://localhost:61465/devtoo..., se:cdpVersion: 131.0.6778.108, setWindowRect: true, strictFileInteractability: false, timeouts: {implicit: 0, pageLoad: 300000, script: 30000}, unhandledPromptBehavior: dismiss and notify, webauthn:extension:credBlob: true, webauthn:extension:largeBlob: true, webauthn:extension:minPinLength: true, webauthn:extension:prf: true, webauthn:virtualAuthenticators: true}
Session ID: e1c354a8806f725de42e1a0e032016d6
at org.openqa.selenium.remote.ErrorCodec.decode(ErrorCodec.java:167)
at org.openqa.selenium.remote.codec.w3c.W3CHttpResponseCodec.decode(W3CHttpResponseCodec.java:138)
at org.openqa.selenium.remote.codec.w3c.W3CHttpResponseCodec.decode(W3CHttpResponseCodec.java:50)
at org.openqa.selenium.remote.HttpCommandExecutor.execute(HttpCommandExecutor.java:190)
at org.openqa.selenium.remote.service.DriverCommandExecutor.invokeExecute(DriverCommandExecutor.java:216)
at org.openqa.selenium.remote.service.DriverCommandExecutor.execute(DriverCommandExecutor.java:174)
at org.openqa.selenium.remote.RemoteWebDriver.execute(RemoteWebDriver.java:518)
at org.openqa.selenium.remote.ElementLocation$ElementFinder$2.findElement(ElementLocation.java:165)
at org.openqa.selenium.remote.ElementLocation.findElement(ElementLocation.java:59)
at org.openqa.selenium.remote.RemoteWebDriver.findElement(RemoteWebDriver.java:355)
at org.openqa.selenium.remote.RemoteWebDriver.findElement(RemoteWebDriver.java:349)
at org.openqa.selenium.support.ui.ExpectedConditions$6.apply(ExpectedConditions.java:171)
at org.openqa.selenium.support.ui.ExpectedConditions$6.apply(ExpectedConditions.java:168)
at org.openqa.selenium.support.ui.FluentWait.until(FluentWait.java:203)
... 28 more
... Removed 28 stack frames]]>
    </failure>
  </testcase> <!-- Check_Yes_Customer_Is_Satisfied -->
  <testcase classname="PSf_Static_Report_and_Call_Dispostion.LOGINs" name="Username" time="1.293"/>
  <testcase classname="PSf_Static_Report_and_Call_Dispostion.LOGINs" name="Password" time="1.431"/>
  <testcase classname="PSf_Static_Report_and_Call_Dispostion.LOGINs" name="Captcha" time="2.232"/>
  <testcase classname="PSf_Static_Report_and_Call_Dispostion.LOGINs" name="SUBMIT_Button" time="2.211"/>
  <testcase classname="PSf_Static_Report_and_Call_Dispostion.LOGINs" name="Click_On_PSF" time="43.666"/>
  <testcase classname="PSf_Static_Report_and_Call_Dispostion.LOGINs" name="Remove_PouP" time="0.691"/>
  <testcase classname="PSf_Static_Report_and_Call_Dispostion.Psf_Service_Rating_Select_Good" name="Click_On_Total_Due_Psf" time="0.032"/>
  <testcase classname="PSf_Static_Report_and_Call_Dispostion.Psf_Service_Rating_Select_Good" name="Check_Call_Dispostion_Service_Rating__Good" time="41.29">
    <failure type="org.openqa.selenium.TimeoutException" message="Expected condition failed: waiting for visibility of element located by By.xpath: //*[contains(text(),&amp;apos;Details Saved Successfully.&amp;apos;)] (tried for 10 second(s) with 500 milliseconds interval)
Build info: version: &amp;apos;4.21.0&amp;apos;, revision: &amp;apos;79ed462ef4&amp;apos;
System info: os.name: &amp;apos;Windows 11&amp;apos;, os.arch: &amp;apos;amd64&amp;apos;, os.version: &amp;apos;10.0&amp;apos;, java.version: &amp;apos;22.0.1&amp;apos;
Driver info: org.openqa.selenium.chrome.ChromeDriver
Capabilities {acceptInsecureCerts: false, browserName: chrome, browserVersion: 131.0.6778.108, chrome: {chromedriverVersion: 131.0.6778.87 (ce31cae94873..., userDataDir: C:\WINDOWS\TEMP\scoped_dir1...}, fedcm:accounts: true, goog:chromeOptions: {debuggerAddress: localhost:61552}, networkConnectionEnabled: false, pageLoadStrategy: normal, platformName: windows, proxy: Proxy(), se:cdp: ws://localhost:61552/devtoo..., se:cdpVersion: 131.0.6778.108, setWindowRect: true, strictFileInteractability: false, timeouts: {implicit: 0, pageLoad: 300000, script: 30000}, unhandledPromptBehavior: dismiss and notify, webauthn:extension:credBlob: true, webauthn:extension:largeBlob: true, webauthn:extension:minPinLength: true, webauthn:extension:prf: true, webauthn:virtualAuthenticators: true}
Session ID: c1d7ad4dc289fcfee0eb51fcb23c178d">
      <![CDATA[org.openqa.selenium.TimeoutException: Expected condition failed: waiting for visibility of element located by By.xpath: //*[contains(text(),'Details Saved Successfully.')] (tried for 10 second(s) with 500 milliseconds interval)
Build info: version: '4.21.0', revision: '79ed462ef4'
System info: os.name: 'Windows 11', os.arch: 'amd64', os.version: '10.0', java.version: '22.0.1'
Driver info: org.openqa.selenium.chrome.ChromeDriver
Capabilities {acceptInsecureCerts: false, browserName: chrome, browserVersion: 131.0.6778.108, chrome: {chromedriverVersion: 131.0.6778.87 (ce31cae94873..., userDataDir: C:\WINDOWS\TEMP\scoped_dir1...}, fedcm:accounts: true, goog:chromeOptions: {debuggerAddress: localhost:61552}, networkConnectionEnabled: false, pageLoadStrategy: normal, platformName: windows, proxy: Proxy(), se:cdp: ws://localhost:61552/devtoo..., se:cdpVersion: 131.0.6778.108, setWindowRect: true, strictFileInteractability: false, timeouts: {implicit: 0, pageLoad: 300000, script: 30000}, unhandledPromptBehavior: dismiss and notify, webauthn:extension:credBlob: true, webauthn:extension:largeBlob: true, webauthn:extension:minPinLength: true, webauthn:extension:prf: true, webauthn:virtualAuthenticators: true}
Session ID: c1d7ad4dc289fcfee0eb51fcb23c178d
at org.openqa.selenium.support.ui.WebDriverWait.timeoutException(WebDriverWait.java:84)
at org.openqa.selenium.support.ui.FluentWait.until(FluentWait.java:228)
at PSf_Static_Report_and_Call_Dispostion.Psf_Service_Rating_Select_Good.Save_Succesfully(Psf_Service_Rating_Select_Good.java:176)
at PSf_Static_Report_and_Call_Dispostion.Psf_Service_Rating_Select_Good.Check_Call_Dispostion_Service_Rating__Good(Psf_Service_Rating_Select_Good.java:100)
at java.base/java.util.ArrayList.forEach(ArrayList.java:1597)
... Removed 25 stack frames]]>
    </failure>
  </testcase> <!-- Check_Call_Dispostion_Service_Rating__Good -->
  <testcase classname="PSf_Static_Report_and_Call_Dispostion.Psf_Service_Rating_Select_Good" name="Check_Yes_Customer_Is_Satisfied" time="17.07">
    <failure type="org.openqa.selenium.TimeoutException" message="Expected condition failed: waiting for presence of element located by: By.xpath: //*[contains(text(),&amp;quot;PSF Calibration Due&amp;quot;)] (tried for 15 second(s) with 500 milliseconds interval)">
      <![CDATA[org.openqa.selenium.TimeoutException: Expected condition failed: waiting for presence of element located by: By.xpath: //*[contains(text(),"PSF Calibration Due")] (tried for 15 second(s) with 500 milliseconds interval)
at org.openqa.selenium.support.ui.WebDriverWait.timeoutException(WebDriverWait.java:84)
at org.openqa.selenium.support.ui.FluentWait.until(FluentWait.java:228)
at PSf_Static_Report_and_Call_Dispostion.Psf_Service_Rating_Select_Good.clickOnTab(Psf_Service_Rating_Select_Good.java:191)
at PSf_Static_Report_and_Call_Dispostion.Psf_Service_Rating_Select_Good.Check_Yes_Customer_Is_Satisfied(Psf_Service_Rating_Select_Good.java:110)
at java.base/java.util.ArrayList.forEach(ArrayList.java:1597)
Caused by: org.openqa.selenium.NoSuchElementException: no such element: Unable to locate element: {"method":"xpath","selector":"//*[contains(text(),"PSF Calibration Due")]"}
  (Session info: chrome=131.0.6778.108)
For documentation on this error, please visit: https://www.selenium.dev/documentation/webdriver/troubleshooting/errors#no-such-element-exception
Build info: version: '4.21.0', revision: '79ed462ef4'
System info: os.name: 'Windows 11', os.arch: 'amd64', os.version: '10.0', java.version: '22.0.1'
Driver info: org.openqa.selenium.chrome.ChromeDriver
Command: [c1d7ad4dc289fcfee0eb51fcb23c178d, findElement {using=xpath, value=//*[contains(text(),"PSF Calibration Due")]}]
Capabilities {acceptInsecureCerts: false, browserName: chrome, browserVersion: 131.0.6778.108, chrome: {chromedriverVersion: 131.0.6778.87 (ce31cae94873..., userDataDir: C:\WINDOWS\TEMP\scoped_dir1...}, fedcm:accounts: true, goog:chromeOptions: {debuggerAddress: localhost:61552}, networkConnectionEnabled: false, pageLoadStrategy: normal, platformName: windows, proxy: Proxy(), se:cdp: ws://localhost:61552/devtoo..., se:cdpVersion: 131.0.6778.108, setWindowRect: true, strictFileInteractability: false, timeouts: {implicit: 0, pageLoad: 300000, script: 30000}, unhandledPromptBehavior: dismiss and notify, webauthn:extension:credBlob: true, webauthn:extension:largeBlob: true, webauthn:extension:minPinLength: true, webauthn:extension:prf: true, webauthn:virtualAuthenticators: true}
Session ID: c1d7ad4dc289fcfee0eb51fcb23c178d
at org.openqa.selenium.remote.ErrorCodec.decode(ErrorCodec.java:167)
at org.openqa.selenium.remote.codec.w3c.W3CHttpResponseCodec.decode(W3CHttpResponseCodec.java:138)
at org.openqa.selenium.remote.codec.w3c.W3CHttpResponseCodec.decode(W3CHttpResponseCodec.java:50)
at org.openqa.selenium.remote.HttpCommandExecutor.execute(HttpCommandExecutor.java:190)
at org.openqa.selenium.remote.service.DriverCommandExecutor.invokeExecute(DriverCommandExecutor.java:216)
at org.openqa.selenium.remote.service.DriverCommandExecutor.execute(DriverCommandExecutor.java:174)
at org.openqa.selenium.remote.RemoteWebDriver.execute(RemoteWebDriver.java:518)
at org.openqa.selenium.remote.ElementLocation$ElementFinder$2.findElement(ElementLocation.java:165)
at org.openqa.selenium.remote.ElementLocation.findElement(ElementLocation.java:59)
at org.openqa.selenium.remote.RemoteWebDriver.findElement(RemoteWebDriver.java:355)
at org.openqa.selenium.remote.RemoteWebDriver.findElement(RemoteWebDriver.java:349)
at org.openqa.selenium.support.ui.ExpectedConditions$6.apply(ExpectedConditions.java:171)
at org.openqa.selenium.support.ui.ExpectedConditions$6.apply(ExpectedConditions.java:168)
at org.openqa.selenium.support.ui.FluentWait.until(FluentWait.java:203)
... 28 more
... Removed 28 stack frames]]>
    </failure>
  </testcase> <!-- Check_Yes_Customer_Is_Satisfied -->
  <testcase classname="PSf_Static_Report_and_Call_Dispostion.LOGINs" name="Username" time="1.383"/>
  <testcase classname="PSf_Static_Report_and_Call_Dispostion.LOGINs" name="Password" time="1.375"/>
  <testcase classname="PSf_Static_Report_and_Call_Dispostion.LOGINs" name="Captcha" time="2.205"/>
  <testcase classname="PSf_Static_Report_and_Call_Dispostion.LOGINs" name="SUBMIT_Button" time="2.168"/>
  <testcase classname="PSf_Static_Report_and_Call_Dispostion.LOGINs" name="Click_On_PSF" time="48.772"/>
  <testcase classname="PSf_Static_Report_and_Call_Dispostion.LOGINs" name="Remove_PouP" time="0.682"/>
  <testcase classname="PSf_Static_Report_and_Call_Dispostion.Psf_Service_Rating_Select_Average" name="Click_On_Total_Due_Psf" time="0.047"/>
  <testcase classname="PSf_Static_Report_and_Call_Dispostion.Psf_Service_Rating_Select_Average" name="Check_Call_Dispostion_Service_Rating__Average" time="42.854">
    <failure type="org.openqa.selenium.TimeoutException" message="Expected condition failed: waiting for visibility of element located by By.xpath: //*[contains(text(),&amp;apos;Complaint generated successfully.&amp;apos;)] (tried for 10 second(s) with 500 milliseconds interval)
Build info: version: &amp;apos;4.21.0&amp;apos;, revision: &amp;apos;79ed462ef4&amp;apos;
System info: os.name: &amp;apos;Windows 11&amp;apos;, os.arch: &amp;apos;amd64&amp;apos;, os.version: &amp;apos;10.0&amp;apos;, java.version: &amp;apos;22.0.1&amp;apos;
Driver info: org.openqa.selenium.chrome.ChromeDriver
Capabilities {acceptInsecureCerts: false, browserName: chrome, browserVersion: 131.0.6778.108, chrome: {chromedriverVersion: 131.0.6778.87 (ce31cae94873..., userDataDir: C:\WINDOWS\TEMP\scoped_dir1...}, fedcm:accounts: true, goog:chromeOptions: {debuggerAddress: localhost:61632}, networkConnectionEnabled: false, pageLoadStrategy: normal, platformName: windows, proxy: Proxy(), se:cdp: ws://localhost:61632/devtoo..., se:cdpVersion: 131.0.6778.108, setWindowRect: true, strictFileInteractability: false, timeouts: {implicit: 0, pageLoad: 300000, script: 30000}, unhandledPromptBehavior: dismiss and notify, webauthn:extension:credBlob: true, webauthn:extension:largeBlob: true, webauthn:extension:minPinLength: true, webauthn:extension:prf: true, webauthn:virtualAuthenticators: true}
Session ID: 32ddb89ea1adbec3edcccbf43c9529d5">
      <![CDATA[org.openqa.selenium.TimeoutException: Expected condition failed: waiting for visibility of element located by By.xpath: //*[contains(text(),'Complaint generated successfully.')] (tried for 10 second(s) with 500 milliseconds interval)
Build info: version: '4.21.0', revision: '79ed462ef4'
System info: os.name: 'Windows 11', os.arch: 'amd64', os.version: '10.0', java.version: '22.0.1'
Driver info: org.openqa.selenium.chrome.ChromeDriver
Capabilities {acceptInsecureCerts: false, browserName: chrome, browserVersion: 131.0.6778.108, chrome: {chromedriverVersion: 131.0.6778.87 (ce31cae94873..., userDataDir: C:\WINDOWS\TEMP\scoped_dir1...}, fedcm:accounts: true, goog:chromeOptions: {debuggerAddress: localhost:61632}, networkConnectionEnabled: false, pageLoadStrategy: normal, platformName: windows, proxy: Proxy(), se:cdp: ws://localhost:61632/devtoo..., se:cdpVersion: 131.0.6778.108, setWindowRect: true, strictFileInteractability: false, timeouts: {implicit: 0, pageLoad: 300000, script: 30000}, unhandledPromptBehavior: dismiss and notify, webauthn:extension:credBlob: true, webauthn:extension:largeBlob: true, webauthn:extension:minPinLength: true, webauthn:extension:prf: true, webauthn:virtualAuthenticators: true}
Session ID: 32ddb89ea1adbec3edcccbf43c9529d5
at org.openqa.selenium.support.ui.WebDriverWait.timeoutException(WebDriverWait.java:84)
at org.openqa.selenium.support.ui.FluentWait.until(FluentWait.java:228)
at PSf_Static_Report_and_Call_Dispostion.Psf_Service_Rating_Select_Average.Save_Succesfully(Psf_Service_Rating_Select_Average.java:363)
at PSf_Static_Report_and_Call_Dispostion.Psf_Service_Rating_Select_Average.Check_Call_Dispostion_Service_Rating__Average(Psf_Service_Rating_Select_Average.java:130)
at java.base/java.util.ArrayList.forEach(ArrayList.java:1597)
... Removed 25 stack frames]]>
    </failure>
  </testcase> <!-- Check_Call_Dispostion_Service_Rating__Average -->
  <testcase classname="PSf_Static_Report_and_Call_Dispostion.Psf_Service_Rating_Select_Average" name="Click_Open_Complaint_Management" time="26.631">
    <failure type="org.openqa.selenium.NoSuchElementException" message="no such element: Unable to locate element: {&amp;quot;method&amp;quot;:&amp;quot;xpath&amp;quot;,&amp;quot;selector&amp;quot;:&amp;quot;(//*[@mattooltipposition=&amp;quot;above&amp;quot;])[5]&amp;quot;}
  (Session info: chrome=131.0.6778.108)
For documentation on this error, please visit: https://www.selenium.dev/documentation/webdriver/troubleshooting/errors#no-such-element-exception
Build info: version: &amp;apos;4.21.0&amp;apos;, revision: &amp;apos;79ed462ef4&amp;apos;
System info: os.name: &amp;apos;Windows 11&amp;apos;, os.arch: &amp;apos;amd64&amp;apos;, os.version: &amp;apos;10.0&amp;apos;, java.version: &amp;apos;22.0.1&amp;apos;
Driver info: org.openqa.selenium.chrome.ChromeDriver
Command: [32ddb89ea1adbec3edcccbf43c9529d5, findElement {using=xpath, value=(//*[@mattooltipposition=&amp;quot;above&amp;quot;])[5]}]
Capabilities {acceptInsecureCerts: false, browserName: chrome, browserVersion: 131.0.6778.108, chrome: {chromedriverVersion: 131.0.6778.87 (ce31cae94873..., userDataDir: C:\WINDOWS\TEMP\scoped_dir1...}, fedcm:accounts: true, goog:chromeOptions: {debuggerAddress: localhost:61632}, networkConnectionEnabled: false, pageLoadStrategy: normal, platformName: windows, proxy: Proxy(), se:cdp: ws://localhost:61632/devtoo..., se:cdpVersion: 131.0.6778.108, setWindowRect: true, strictFileInteractability: false, timeouts: {implicit: 0, pageLoad: 300000, script: 30000}, unhandledPromptBehavior: dismiss and notify, webauthn:extension:credBlob: true, webauthn:extension:largeBlob: true, webauthn:extension:minPinLength: true, webauthn:extension:prf: true, webauthn:virtualAuthenticators: true}
Session ID: 32ddb89ea1adbec3edcccbf43c9529d5">
      <![CDATA[org.openqa.selenium.NoSuchElementException: no such element: Unable to locate element: {"method":"xpath","selector":"(//*[@mattooltipposition="above"])[5]"}
  (Session info: chrome=131.0.6778.108)
For documentation on this error, please visit: https://www.selenium.dev/documentation/webdriver/troubleshooting/errors#no-such-element-exception
Build info: version: '4.21.0', revision: '79ed462ef4'
System info: os.name: 'Windows 11', os.arch: 'amd64', os.version: '10.0', java.version: '22.0.1'
Driver info: org.openqa.selenium.chrome.ChromeDriver
Command: [32ddb89ea1adbec3edcccbf43c9529d5, findElement {using=xpath, value=(//*[@mattooltipposition="above"])[5]}]
Capabilities {acceptInsecureCerts: false, browserName: chrome, browserVersion: 131.0.6778.108, chrome: {chromedriverVersion: 131.0.6778.87 (ce31cae94873..., userDataDir: C:\WINDOWS\TEMP\scoped_dir1...}, fedcm:accounts: true, goog:chromeOptions: {debuggerAddress: localhost:61632}, networkConnectionEnabled: false, pageLoadStrategy: normal, platformName: windows, proxy: Proxy(), se:cdp: ws://localhost:61632/devtoo..., se:cdpVersion: 131.0.6778.108, setWindowRect: true, strictFileInteractability: false, timeouts: {implicit: 0, pageLoad: 300000, script: 30000}, unhandledPromptBehavior: dismiss and notify, webauthn:extension:credBlob: true, webauthn:extension:largeBlob: true, webauthn:extension:minPinLength: true, webauthn:extension:prf: true, webauthn:virtualAuthenticators: true}
Session ID: 32ddb89ea1adbec3edcccbf43c9529d5
at org.openqa.selenium.remote.ErrorCodec.decode(ErrorCodec.java:167)
at org.openqa.selenium.remote.codec.w3c.W3CHttpResponseCodec.decode(W3CHttpResponseCodec.java:138)
at org.openqa.selenium.remote.codec.w3c.W3CHttpResponseCodec.decode(W3CHttpResponseCodec.java:50)
at org.openqa.selenium.remote.HttpCommandExecutor.execute(HttpCommandExecutor.java:190)
at org.openqa.selenium.remote.service.DriverCommandExecutor.invokeExecute(DriverCommandExecutor.java:216)
at org.openqa.selenium.remote.service.DriverCommandExecutor.execute(DriverCommandExecutor.java:174)
at org.openqa.selenium.remote.RemoteWebDriver.execute(RemoteWebDriver.java:518)
at org.openqa.selenium.remote.ElementLocation$ElementFinder$2.findElement(ElementLocation.java:165)
at org.openqa.selenium.remote.ElementLocation.findElement(ElementLocation.java:59)
at org.openqa.selenium.remote.RemoteWebDriver.findElement(RemoteWebDriver.java:355)
at org.openqa.selenium.remote.RemoteWebDriver.findElement(RemoteWebDriver.java:349)
at PSf_Static_Report_and_Call_Dispostion.Psf_Service_Rating_Select_Average.Click_Open_Complaint_Management(Psf_Service_Rating_Select_Average.java:150)
at java.base/java.util.ArrayList.forEach(ArrayList.java:1597)
... Removed 28 stack frames]]>
    </failure>
  </testcase> <!-- Click_Open_Complaint_Management -->
  <testcase classname="PSf_Static_Report_and_Call_Dispostion.Psf_Service_Rating_Select_Average" name="Click__On_InProgress_To_Update_Complaint_Status" time="17.03">
    <failure type="org.openqa.selenium.NoSuchElementException" message="no such element: Unable to locate element: {&amp;quot;method&amp;quot;:&amp;quot;xpath&amp;quot;,&amp;quot;selector&amp;quot;:&amp;quot;(//*[@role=&amp;quot;row&amp;quot;])[2]&amp;quot;}
  (Session info: chrome=131.0.6778.108)
For documentation on this error, please visit: https://www.selenium.dev/documentation/webdriver/troubleshooting/errors#no-such-element-exception
Build info: version: &amp;apos;4.21.0&amp;apos;, revision: &amp;apos;79ed462ef4&amp;apos;
System info: os.name: &amp;apos;Windows 11&amp;apos;, os.arch: &amp;apos;amd64&amp;apos;, os.version: &amp;apos;10.0&amp;apos;, java.version: &amp;apos;22.0.1&amp;apos;
Driver info: org.openqa.selenium.chrome.ChromeDriver
Command: [32ddb89ea1adbec3edcccbf43c9529d5, findElement {using=xpath, value=(//*[@role=&amp;quot;row&amp;quot;])[2]}]
Capabilities {acceptInsecureCerts: false, browserName: chrome, browserVersion: 131.0.6778.108, chrome: {chromedriverVersion: 131.0.6778.87 (ce31cae94873..., userDataDir: C:\WINDOWS\TEMP\scoped_dir1...}, fedcm:accounts: true, goog:chromeOptions: {debuggerAddress: localhost:61632}, networkConnectionEnabled: false, pageLoadStrategy: normal, platformName: windows, proxy: Proxy(), se:cdp: ws://localhost:61632/devtoo..., se:cdpVersion: 131.0.6778.108, setWindowRect: true, strictFileInteractability: false, timeouts: {implicit: 0, pageLoad: 300000, script: 30000}, unhandledPromptBehavior: dismiss and notify, webauthn:extension:credBlob: true, webauthn:extension:largeBlob: true, webauthn:extension:minPinLength: true, webauthn:extension:prf: true, webauthn:virtualAuthenticators: true}
Session ID: 32ddb89ea1adbec3edcccbf43c9529d5">
      <![CDATA[org.openqa.selenium.NoSuchElementException: no such element: Unable to locate element: {"method":"xpath","selector":"(//*[@role="row"])[2]"}
  (Session info: chrome=131.0.6778.108)
For documentation on this error, please visit: https://www.selenium.dev/documentation/webdriver/troubleshooting/errors#no-such-element-exception
Build info: version: '4.21.0', revision: '79ed462ef4'
System info: os.name: 'Windows 11', os.arch: 'amd64', os.version: '10.0', java.version: '22.0.1'
Driver info: org.openqa.selenium.chrome.ChromeDriver
Command: [32ddb89ea1adbec3edcccbf43c9529d5, findElement {using=xpath, value=(//*[@role="row"])[2]}]
Capabilities {acceptInsecureCerts: false, browserName: chrome, browserVersion: 131.0.6778.108, chrome: {chromedriverVersion: 131.0.6778.87 (ce31cae94873..., userDataDir: C:\WINDOWS\TEMP\scoped_dir1...}, fedcm:accounts: true, goog:chromeOptions: {debuggerAddress: localhost:61632}, networkConnectionEnabled: false, pageLoadStrategy: normal, platformName: windows, proxy: Proxy(), se:cdp: ws://localhost:61632/devtoo..., se:cdpVersion: 131.0.6778.108, setWindowRect: true, strictFileInteractability: false, timeouts: {implicit: 0, pageLoad: 300000, script: 30000}, unhandledPromptBehavior: dismiss and notify, webauthn:extension:credBlob: true, webauthn:extension:largeBlob: true, webauthn:extension:minPinLength: true, webauthn:extension:prf: true, webauthn:virtualAuthenticators: true}
Session ID: 32ddb89ea1adbec3edcccbf43c9529d5
at org.openqa.selenium.remote.ErrorCodec.decode(ErrorCodec.java:167)
at org.openqa.selenium.remote.codec.w3c.W3CHttpResponseCodec.decode(W3CHttpResponseCodec.java:138)
at org.openqa.selenium.remote.codec.w3c.W3CHttpResponseCodec.decode(W3CHttpResponseCodec.java:50)
at org.openqa.selenium.remote.HttpCommandExecutor.execute(HttpCommandExecutor.java:190)
at org.openqa.selenium.remote.service.DriverCommandExecutor.invokeExecute(DriverCommandExecutor.java:216)
at org.openqa.selenium.remote.service.DriverCommandExecutor.execute(DriverCommandExecutor.java:174)
at org.openqa.selenium.remote.RemoteWebDriver.execute(RemoteWebDriver.java:518)
at org.openqa.selenium.remote.ElementLocation$ElementFinder$2.findElement(ElementLocation.java:165)
at org.openqa.selenium.remote.ElementLocation.findElement(ElementLocation.java:59)
at org.openqa.selenium.remote.RemoteWebDriver.findElement(RemoteWebDriver.java:355)
at org.openqa.selenium.remote.RemoteWebDriver.findElement(RemoteWebDriver.java:349)
at PSf_Static_Report_and_Call_Dispostion.Psf_Service_Rating_Select_Average.getAndClickFirstCustomer(Psf_Service_Rating_Select_Average.java:399)
at PSf_Static_Report_and_Call_Dispostion.Psf_Service_Rating_Select_Average.Click__On_InProgress_To_Update_Complaint_Status(Psf_Service_Rating_Select_Average.java:166)
at java.base/java.util.ArrayList.forEach(ArrayList.java:1597)
... Removed 28 stack frames]]>
    </failure>
  </testcase> <!-- Click__On_InProgress_To_Update_Complaint_Status -->
  <testcase classname="PSf_Static_Report_and_Call_Dispostion.Psf_Service_Rating_Select_Average" name="Click__On_Resolved_Complaints_To_Update_Complaint_Status" time="17.049">
    <failure type="org.openqa.selenium.NoSuchElementException" message="no such element: Unable to locate element: {&amp;quot;method&amp;quot;:&amp;quot;xpath&amp;quot;,&amp;quot;selector&amp;quot;:&amp;quot;(//*[@role=&amp;quot;row&amp;quot;])[2]&amp;quot;}
  (Session info: chrome=131.0.6778.108)
For documentation on this error, please visit: https://www.selenium.dev/documentation/webdriver/troubleshooting/errors#no-such-element-exception
Build info: version: &amp;apos;4.21.0&amp;apos;, revision: &amp;apos;79ed462ef4&amp;apos;
System info: os.name: &amp;apos;Windows 11&amp;apos;, os.arch: &amp;apos;amd64&amp;apos;, os.version: &amp;apos;10.0&amp;apos;, java.version: &amp;apos;22.0.1&amp;apos;
Driver info: org.openqa.selenium.chrome.ChromeDriver
Command: [32ddb89ea1adbec3edcccbf43c9529d5, findElement {using=xpath, value=(//*[@role=&amp;quot;row&amp;quot;])[2]}]
Capabilities {acceptInsecureCerts: false, browserName: chrome, browserVersion: 131.0.6778.108, chrome: {chromedriverVersion: 131.0.6778.87 (ce31cae94873..., userDataDir: C:\WINDOWS\TEMP\scoped_dir1...}, fedcm:accounts: true, goog:chromeOptions: {debuggerAddress: localhost:61632}, networkConnectionEnabled: false, pageLoadStrategy: normal, platformName: windows, proxy: Proxy(), se:cdp: ws://localhost:61632/devtoo..., se:cdpVersion: 131.0.6778.108, setWindowRect: true, strictFileInteractability: false, timeouts: {implicit: 0, pageLoad: 300000, script: 30000}, unhandledPromptBehavior: dismiss and notify, webauthn:extension:credBlob: true, webauthn:extension:largeBlob: true, webauthn:extension:minPinLength: true, webauthn:extension:prf: true, webauthn:virtualAuthenticators: true}
Session ID: 32ddb89ea1adbec3edcccbf43c9529d5">
      <![CDATA[org.openqa.selenium.NoSuchElementException: no such element: Unable to locate element: {"method":"xpath","selector":"(//*[@role="row"])[2]"}
  (Session info: chrome=131.0.6778.108)
For documentation on this error, please visit: https://www.selenium.dev/documentation/webdriver/troubleshooting/errors#no-such-element-exception
Build info: version: '4.21.0', revision: '79ed462ef4'
System info: os.name: 'Windows 11', os.arch: 'amd64', os.version: '10.0', java.version: '22.0.1'
Driver info: org.openqa.selenium.chrome.ChromeDriver
Command: [32ddb89ea1adbec3edcccbf43c9529d5, findElement {using=xpath, value=(//*[@role="row"])[2]}]
Capabilities {acceptInsecureCerts: false, browserName: chrome, browserVersion: 131.0.6778.108, chrome: {chromedriverVersion: 131.0.6778.87 (ce31cae94873..., userDataDir: C:\WINDOWS\TEMP\scoped_dir1...}, fedcm:accounts: true, goog:chromeOptions: {debuggerAddress: localhost:61632}, networkConnectionEnabled: false, pageLoadStrategy: normal, platformName: windows, proxy: Proxy(), se:cdp: ws://localhost:61632/devtoo..., se:cdpVersion: 131.0.6778.108, setWindowRect: true, strictFileInteractability: false, timeouts: {implicit: 0, pageLoad: 300000, script: 30000}, unhandledPromptBehavior: dismiss and notify, webauthn:extension:credBlob: true, webauthn:extension:largeBlob: true, webauthn:extension:minPinLength: true, webauthn:extension:prf: true, webauthn:virtualAuthenticators: true}
Session ID: 32ddb89ea1adbec3edcccbf43c9529d5
at org.openqa.selenium.remote.ErrorCodec.decode(ErrorCodec.java:167)
at org.openqa.selenium.remote.codec.w3c.W3CHttpResponseCodec.decode(W3CHttpResponseCodec.java:138)
at org.openqa.selenium.remote.codec.w3c.W3CHttpResponseCodec.decode(W3CHttpResponseCodec.java:50)
at org.openqa.selenium.remote.HttpCommandExecutor.execute(HttpCommandExecutor.java:190)
at org.openqa.selenium.remote.service.DriverCommandExecutor.invokeExecute(DriverCommandExecutor.java:216)
at org.openqa.selenium.remote.service.DriverCommandExecutor.execute(DriverCommandExecutor.java:174)
at org.openqa.selenium.remote.RemoteWebDriver.execute(RemoteWebDriver.java:518)
at org.openqa.selenium.remote.ElementLocation$ElementFinder$2.findElement(ElementLocation.java:165)
at org.openqa.selenium.remote.ElementLocation.findElement(ElementLocation.java:59)
at org.openqa.selenium.remote.RemoteWebDriver.findElement(RemoteWebDriver.java:355)
at org.openqa.selenium.remote.RemoteWebDriver.findElement(RemoteWebDriver.java:349)
at PSf_Static_Report_and_Call_Dispostion.Psf_Service_Rating_Select_Average.getAndClickFirstCustomer(Psf_Service_Rating_Select_Average.java:399)
at PSf_Static_Report_and_Call_Dispostion.Psf_Service_Rating_Select_Average.Click__On_Resolved_Complaints_To_Update_Complaint_Status(Psf_Service_Rating_Select_Average.java:220)
at java.base/java.util.ArrayList.forEach(ArrayList.java:1597)
... Removed 28 stack frames]]>
    </failure>
  </testcase> <!-- Click__On_Resolved_Complaints_To_Update_Complaint_Status -->
  <testcase classname="PSf_Static_Report_and_Call_Dispostion.Psf_Service_Rating_Select_Average" name="Upload_file" time="17.018">
    <failure type="org.openqa.selenium.NoSuchElementException" message="no such element: Unable to locate element: {&amp;quot;method&amp;quot;:&amp;quot;xpath&amp;quot;,&amp;quot;selector&amp;quot;:&amp;quot;//*[@id=&amp;quot;inputGroupFile02&amp;quot;]&amp;quot;}
  (Session info: chrome=131.0.6778.108)
For documentation on this error, please visit: https://www.selenium.dev/documentation/webdriver/troubleshooting/errors#no-such-element-exception
Build info: version: &amp;apos;4.21.0&amp;apos;, revision: &amp;apos;79ed462ef4&amp;apos;
System info: os.name: &amp;apos;Windows 11&amp;apos;, os.arch: &amp;apos;amd64&amp;apos;, os.version: &amp;apos;10.0&amp;apos;, java.version: &amp;apos;22.0.1&amp;apos;
Driver info: org.openqa.selenium.chrome.ChromeDriver
Command: [32ddb89ea1adbec3edcccbf43c9529d5, findElement {using=xpath, value=//*[@id=&amp;quot;inputGroupFile02&amp;quot;]}]
Capabilities {acceptInsecureCerts: false, browserName: chrome, browserVersion: 131.0.6778.108, chrome: {chromedriverVersion: 131.0.6778.87 (ce31cae94873..., userDataDir: C:\WINDOWS\TEMP\scoped_dir1...}, fedcm:accounts: true, goog:chromeOptions: {debuggerAddress: localhost:61632}, networkConnectionEnabled: false, pageLoadStrategy: normal, platformName: windows, proxy: Proxy(), se:cdp: ws://localhost:61632/devtoo..., se:cdpVersion: 131.0.6778.108, setWindowRect: true, strictFileInteractability: false, timeouts: {implicit: 0, pageLoad: 300000, script: 30000}, unhandledPromptBehavior: dismiss and notify, webauthn:extension:credBlob: true, webauthn:extension:largeBlob: true, webauthn:extension:minPinLength: true, webauthn:extension:prf: true, webauthn:virtualAuthenticators: true}
Session ID: 32ddb89ea1adbec3edcccbf43c9529d5">
      <![CDATA[org.openqa.selenium.NoSuchElementException: no such element: Unable to locate element: {"method":"xpath","selector":"//*[@id="inputGroupFile02"]"}
  (Session info: chrome=131.0.6778.108)
For documentation on this error, please visit: https://www.selenium.dev/documentation/webdriver/troubleshooting/errors#no-such-element-exception
Build info: version: '4.21.0', revision: '79ed462ef4'
System info: os.name: 'Windows 11', os.arch: 'amd64', os.version: '10.0', java.version: '22.0.1'
Driver info: org.openqa.selenium.chrome.ChromeDriver
Command: [32ddb89ea1adbec3edcccbf43c9529d5, findElement {using=xpath, value=//*[@id="inputGroupFile02"]}]
Capabilities {acceptInsecureCerts: false, browserName: chrome, browserVersion: 131.0.6778.108, chrome: {chromedriverVersion: 131.0.6778.87 (ce31cae94873..., userDataDir: C:\WINDOWS\TEMP\scoped_dir1...}, fedcm:accounts: true, goog:chromeOptions: {debuggerAddress: localhost:61632}, networkConnectionEnabled: false, pageLoadStrategy: normal, platformName: windows, proxy: Proxy(), se:cdp: ws://localhost:61632/devtoo..., se:cdpVersion: 131.0.6778.108, setWindowRect: true, strictFileInteractability: false, timeouts: {implicit: 0, pageLoad: 300000, script: 30000}, unhandledPromptBehavior: dismiss and notify, webauthn:extension:credBlob: true, webauthn:extension:largeBlob: true, webauthn:extension:minPinLength: true, webauthn:extension:prf: true, webauthn:virtualAuthenticators: true}
Session ID: 32ddb89ea1adbec3edcccbf43c9529d5
at org.openqa.selenium.remote.ErrorCodec.decode(ErrorCodec.java:167)
at org.openqa.selenium.remote.codec.w3c.W3CHttpResponseCodec.decode(W3CHttpResponseCodec.java:138)
at org.openqa.selenium.remote.codec.w3c.W3CHttpResponseCodec.decode(W3CHttpResponseCodec.java:50)
at org.openqa.selenium.remote.HttpCommandExecutor.execute(HttpCommandExecutor.java:190)
at org.openqa.selenium.remote.service.DriverCommandExecutor.invokeExecute(DriverCommandExecutor.java:216)
at org.openqa.selenium.remote.service.DriverCommandExecutor.execute(DriverCommandExecutor.java:174)
at org.openqa.selenium.remote.RemoteWebDriver.execute(RemoteWebDriver.java:518)
at org.openqa.selenium.remote.ElementLocation$ElementFinder$2.findElement(ElementLocation.java:165)
at org.openqa.selenium.remote.ElementLocation.findElement(ElementLocation.java:59)
at org.openqa.selenium.remote.RemoteWebDriver.findElement(RemoteWebDriver.java:355)
at org.openqa.selenium.remote.RemoteWebDriver.findElement(RemoteWebDriver.java:349)
at PSf_Static_Report_and_Call_Dispostion.Psf_Service_Rating_Select_Average.Upload_file(Psf_Service_Rating_Select_Average.java:268)
at java.base/java.util.ArrayList.forEach(ArrayList.java:1597)
... Removed 28 stack frames]]>
    </failure>
  </testcase> <!-- Upload_file -->
  <testcase classname="PSf_Static_Report_and_Call_Dispostion.Psf_Service_Rating_Select_Average" name="Customer_Will_Be_Available_In_Resolved_Complaints" time="25.369">
    <failure type="org.openqa.selenium.NoSuchElementException" message="no such element: Unable to locate element: {&amp;quot;method&amp;quot;:&amp;quot;xpath&amp;quot;,&amp;quot;selector&amp;quot;:&amp;quot;(//*[@mattooltipposition=&amp;quot;above&amp;quot;])[5]&amp;quot;}
  (Session info: chrome=131.0.6778.108)
For documentation on this error, please visit: https://www.selenium.dev/documentation/webdriver/troubleshooting/errors#no-such-element-exception
Build info: version: &amp;apos;4.21.0&amp;apos;, revision: &amp;apos;79ed462ef4&amp;apos;
System info: os.name: &amp;apos;Windows 11&amp;apos;, os.arch: &amp;apos;amd64&amp;apos;, os.version: &amp;apos;10.0&amp;apos;, java.version: &amp;apos;22.0.1&amp;apos;
Driver info: org.openqa.selenium.chrome.ChromeDriver
Command: [32ddb89ea1adbec3edcccbf43c9529d5, findElement {using=xpath, value=(//*[@mattooltipposition=&amp;quot;above&amp;quot;])[5]}]
Capabilities {acceptInsecureCerts: false, browserName: chrome, browserVersion: 131.0.6778.108, chrome: {chromedriverVersion: 131.0.6778.87 (ce31cae94873..., userDataDir: C:\WINDOWS\TEMP\scoped_dir1...}, fedcm:accounts: true, goog:chromeOptions: {debuggerAddress: localhost:61632}, networkConnectionEnabled: false, pageLoadStrategy: normal, platformName: windows, proxy: Proxy(), se:cdp: ws://localhost:61632/devtoo..., se:cdpVersion: 131.0.6778.108, setWindowRect: true, strictFileInteractability: false, timeouts: {implicit: 0, pageLoad: 300000, script: 30000}, unhandledPromptBehavior: dismiss and notify, webauthn:extension:credBlob: true, webauthn:extension:largeBlob: true, webauthn:extension:minPinLength: true, webauthn:extension:prf: true, webauthn:virtualAuthenticators: true}
Session ID: 32ddb89ea1adbec3edcccbf43c9529d5">
      <![CDATA[org.openqa.selenium.NoSuchElementException: no such element: Unable to locate element: {"method":"xpath","selector":"(//*[@mattooltipposition="above"])[5]"}
  (Session info: chrome=131.0.6778.108)
For documentation on this error, please visit: https://www.selenium.dev/documentation/webdriver/troubleshooting/errors#no-such-element-exception
Build info: version: '4.21.0', revision: '79ed462ef4'
System info: os.name: 'Windows 11', os.arch: 'amd64', os.version: '10.0', java.version: '22.0.1'
Driver info: org.openqa.selenium.chrome.ChromeDriver
Command: [32ddb89ea1adbec3edcccbf43c9529d5, findElement {using=xpath, value=(//*[@mattooltipposition="above"])[5]}]
Capabilities {acceptInsecureCerts: false, browserName: chrome, browserVersion: 131.0.6778.108, chrome: {chromedriverVersion: 131.0.6778.87 (ce31cae94873..., userDataDir: C:\WINDOWS\TEMP\scoped_dir1...}, fedcm:accounts: true, goog:chromeOptions: {debuggerAddress: localhost:61632}, networkConnectionEnabled: false, pageLoadStrategy: normal, platformName: windows, proxy: Proxy(), se:cdp: ws://localhost:61632/devtoo..., se:cdpVersion: 131.0.6778.108, setWindowRect: true, strictFileInteractability: false, timeouts: {implicit: 0, pageLoad: 300000, script: 30000}, unhandledPromptBehavior: dismiss and notify, webauthn:extension:credBlob: true, webauthn:extension:largeBlob: true, webauthn:extension:minPinLength: true, webauthn:extension:prf: true, webauthn:virtualAuthenticators: true}
Session ID: 32ddb89ea1adbec3edcccbf43c9529d5
at org.openqa.selenium.remote.ErrorCodec.decode(ErrorCodec.java:167)
at org.openqa.selenium.remote.codec.w3c.W3CHttpResponseCodec.decode(W3CHttpResponseCodec.java:138)
at org.openqa.selenium.remote.codec.w3c.W3CHttpResponseCodec.decode(W3CHttpResponseCodec.java:50)
at org.openqa.selenium.remote.HttpCommandExecutor.execute(HttpCommandExecutor.java:190)
at org.openqa.selenium.remote.service.DriverCommandExecutor.invokeExecute(DriverCommandExecutor.java:216)
at org.openqa.selenium.remote.service.DriverCommandExecutor.execute(DriverCommandExecutor.java:174)
at org.openqa.selenium.remote.RemoteWebDriver.execute(RemoteWebDriver.java:518)
at org.openqa.selenium.remote.ElementLocation$ElementFinder$2.findElement(ElementLocation.java:165)
at org.openqa.selenium.remote.ElementLocation.findElement(ElementLocation.java:59)
at org.openqa.selenium.remote.RemoteWebDriver.findElement(RemoteWebDriver.java:355)
at org.openqa.selenium.remote.RemoteWebDriver.findElement(RemoteWebDriver.java:349)
at PSf_Static_Report_and_Call_Dispostion.Psf_Service_Rating_Select_Average.Customer_Will_Be_Available_In_Resolved_Complaints(Psf_Service_Rating_Select_Average.java:293)
at java.base/java.util.ArrayList.forEach(ArrayList.java:1597)
... Removed 28 stack frames]]>
    </failure>
  </testcase> <!-- Customer_Will_Be_Available_In_Resolved_Complaints -->
  <testcase classname="PSf_Static_Report_and_Call_Dispostion.LOGINs" name="Username" time="1.431"/>
  <testcase classname="PSf_Static_Report_and_Call_Dispostion.LOGINs" name="Password" time="1.365"/>
  <testcase classname="PSf_Static_Report_and_Call_Dispostion.LOGINs" name="Captcha" time="2.259"/>
  <testcase classname="PSf_Static_Report_and_Call_Dispostion.LOGINs" name="SUBMIT_Button" time="2.212"/>
  <testcase classname="PSf_Static_Report_and_Call_Dispostion.LOGINs" name="Click_On_PSF" time="46.981"/>
  <testcase classname="PSf_Static_Report_and_Call_Dispostion.LOGINs" name="Remove_PouP" time="0.657"/>
  <testcase classname="PSf_Static_Report_and_Call_Dispostion.Psf_Service_Rating_Select_Poor" name="Click_On_Total_Due_Psf" time="0.048"/>
  <testcase classname="PSf_Static_Report_and_Call_Dispostion.Psf_Service_Rating_Select_Poor" name="Check_Call_Dispostion_Service_Rating__Poor" time="43.594">
    <failure type="org.openqa.selenium.TimeoutException" message="Expected condition failed: waiting for visibility of element located by By.xpath: //*[contains(text(),&amp;apos;Complaint generated successfully.&amp;apos;)] (tried for 10 second(s) with 500 milliseconds interval)
Build info: version: &amp;apos;4.21.0&amp;apos;, revision: &amp;apos;79ed462ef4&amp;apos;
System info: os.name: &amp;apos;Windows 11&amp;apos;, os.arch: &amp;apos;amd64&amp;apos;, os.version: &amp;apos;10.0&amp;apos;, java.version: &amp;apos;22.0.1&amp;apos;
Driver info: org.openqa.selenium.chrome.ChromeDriver
Capabilities {acceptInsecureCerts: false, browserName: chrome, browserVersion: 131.0.6778.108, chrome: {chromedriverVersion: 131.0.6778.87 (ce31cae94873..., userDataDir: C:\WINDOWS\TEMP\scoped_dir2...}, fedcm:accounts: true, goog:chromeOptions: {debuggerAddress: localhost:61710}, networkConnectionEnabled: false, pageLoadStrategy: normal, platformName: windows, proxy: Proxy(), se:cdp: ws://localhost:61710/devtoo..., se:cdpVersion: 131.0.6778.108, setWindowRect: true, strictFileInteractability: false, timeouts: {implicit: 0, pageLoad: 300000, script: 30000}, unhandledPromptBehavior: dismiss and notify, webauthn:extension:credBlob: true, webauthn:extension:largeBlob: true, webauthn:extension:minPinLength: true, webauthn:extension:prf: true, webauthn:virtualAuthenticators: true}
Session ID: cbed68be49231da71596d54d911e80d2">
      <![CDATA[org.openqa.selenium.TimeoutException: Expected condition failed: waiting for visibility of element located by By.xpath: //*[contains(text(),'Complaint generated successfully.')] (tried for 10 second(s) with 500 milliseconds interval)
Build info: version: '4.21.0', revision: '79ed462ef4'
System info: os.name: 'Windows 11', os.arch: 'amd64', os.version: '10.0', java.version: '22.0.1'
Driver info: org.openqa.selenium.chrome.ChromeDriver
Capabilities {acceptInsecureCerts: false, browserName: chrome, browserVersion: 131.0.6778.108, chrome: {chromedriverVersion: 131.0.6778.87 (ce31cae94873..., userDataDir: C:\WINDOWS\TEMP\scoped_dir2...}, fedcm:accounts: true, goog:chromeOptions: {debuggerAddress: localhost:61710}, networkConnectionEnabled: false, pageLoadStrategy: normal, platformName: windows, proxy: Proxy(), se:cdp: ws://localhost:61710/devtoo..., se:cdpVersion: 131.0.6778.108, setWindowRect: true, strictFileInteractability: false, timeouts: {implicit: 0, pageLoad: 300000, script: 30000}, unhandledPromptBehavior: dismiss and notify, webauthn:extension:credBlob: true, webauthn:extension:largeBlob: true, webauthn:extension:minPinLength: true, webauthn:extension:prf: true, webauthn:virtualAuthenticators: true}
Session ID: cbed68be49231da71596d54d911e80d2
at org.openqa.selenium.support.ui.WebDriverWait.timeoutException(WebDriverWait.java:84)
at org.openqa.selenium.support.ui.FluentWait.until(FluentWait.java:228)
at PSf_Static_Report_and_Call_Dispostion.Psf_Service_Rating_Select_Poor.Save_Succesfully(Psf_Service_Rating_Select_Poor.java:363)
at PSf_Static_Report_and_Call_Dispostion.Psf_Service_Rating_Select_Poor.Check_Call_Dispostion_Service_Rating__Poor(Psf_Service_Rating_Select_Poor.java:130)
at java.base/java.util.ArrayList.forEach(ArrayList.java:1597)
... Removed 25 stack frames]]>
    </failure>
  </testcase> <!-- Check_Call_Dispostion_Service_Rating__Poor -->
  <testcase classname="PSf_Static_Report_and_Call_Dispostion.Psf_Service_Rating_Select_Poor" name="Click_Open_Complaint_Management" time="26.999">
    <failure type="org.openqa.selenium.NoSuchElementException" message="no such element: Unable to locate element: {&amp;quot;method&amp;quot;:&amp;quot;xpath&amp;quot;,&amp;quot;selector&amp;quot;:&amp;quot;(//*[@mattooltipposition=&amp;quot;above&amp;quot;])[5]&amp;quot;}
  (Session info: chrome=131.0.6778.108)
For documentation on this error, please visit: https://www.selenium.dev/documentation/webdriver/troubleshooting/errors#no-such-element-exception
Build info: version: &amp;apos;4.21.0&amp;apos;, revision: &amp;apos;79ed462ef4&amp;apos;
System info: os.name: &amp;apos;Windows 11&amp;apos;, os.arch: &amp;apos;amd64&amp;apos;, os.version: &amp;apos;10.0&amp;apos;, java.version: &amp;apos;22.0.1&amp;apos;
Driver info: org.openqa.selenium.chrome.ChromeDriver
Command: [cbed68be49231da71596d54d911e80d2, findElement {using=xpath, value=(//*[@mattooltipposition=&amp;quot;above&amp;quot;])[5]}]
Capabilities {acceptInsecureCerts: false, browserName: chrome, browserVersion: 131.0.6778.108, chrome: {chromedriverVersion: 131.0.6778.87 (ce31cae94873..., userDataDir: C:\WINDOWS\TEMP\scoped_dir2...}, fedcm:accounts: true, goog:chromeOptions: {debuggerAddress: localhost:61710}, networkConnectionEnabled: false, pageLoadStrategy: normal, platformName: windows, proxy: Proxy(), se:cdp: ws://localhost:61710/devtoo..., se:cdpVersion: 131.0.6778.108, setWindowRect: true, strictFileInteractability: false, timeouts: {implicit: 0, pageLoad: 300000, script: 30000}, unhandledPromptBehavior: dismiss and notify, webauthn:extension:credBlob: true, webauthn:extension:largeBlob: true, webauthn:extension:minPinLength: true, webauthn:extension:prf: true, webauthn:virtualAuthenticators: true}
Session ID: cbed68be49231da71596d54d911e80d2">
      <![CDATA[org.openqa.selenium.NoSuchElementException: no such element: Unable to locate element: {"method":"xpath","selector":"(//*[@mattooltipposition="above"])[5]"}
  (Session info: chrome=131.0.6778.108)
For documentation on this error, please visit: https://www.selenium.dev/documentation/webdriver/troubleshooting/errors#no-such-element-exception
Build info: version: '4.21.0', revision: '79ed462ef4'
System info: os.name: 'Windows 11', os.arch: 'amd64', os.version: '10.0', java.version: '22.0.1'
Driver info: org.openqa.selenium.chrome.ChromeDriver
Command: [cbed68be49231da71596d54d911e80d2, findElement {using=xpath, value=(//*[@mattooltipposition="above"])[5]}]
Capabilities {acceptInsecureCerts: false, browserName: chrome, browserVersion: 131.0.6778.108, chrome: {chromedriverVersion: 131.0.6778.87 (ce31cae94873..., userDataDir: C:\WINDOWS\TEMP\scoped_dir2...}, fedcm:accounts: true, goog:chromeOptions: {debuggerAddress: localhost:61710}, networkConnectionEnabled: false, pageLoadStrategy: normal, platformName: windows, proxy: Proxy(), se:cdp: ws://localhost:61710/devtoo..., se:cdpVersion: 131.0.6778.108, setWindowRect: true, strictFileInteractability: false, timeouts: {implicit: 0, pageLoad: 300000, script: 30000}, unhandledPromptBehavior: dismiss and notify, webauthn:extension:credBlob: true, webauthn:extension:largeBlob: true, webauthn:extension:minPinLength: true, webauthn:extension:prf: true, webauthn:virtualAuthenticators: true}
Session ID: cbed68be49231da71596d54d911e80d2
at org.openqa.selenium.remote.ErrorCodec.decode(ErrorCodec.java:167)
at org.openqa.selenium.remote.codec.w3c.W3CHttpResponseCodec.decode(W3CHttpResponseCodec.java:138)
at org.openqa.selenium.remote.codec.w3c.W3CHttpResponseCodec.decode(W3CHttpResponseCodec.java:50)
at org.openqa.selenium.remote.HttpCommandExecutor.execute(HttpCommandExecutor.java:190)
at org.openqa.selenium.remote.service.DriverCommandExecutor.invokeExecute(DriverCommandExecutor.java:216)
at org.openqa.selenium.remote.service.DriverCommandExecutor.execute(DriverCommandExecutor.java:174)
at org.openqa.selenium.remote.RemoteWebDriver.execute(RemoteWebDriver.java:518)
at org.openqa.selenium.remote.ElementLocation$ElementFinder$2.findElement(ElementLocation.java:165)
at org.openqa.selenium.remote.ElementLocation.findElement(ElementLocation.java:59)
at org.openqa.selenium.remote.RemoteWebDriver.findElement(RemoteWebDriver.java:355)
at org.openqa.selenium.remote.RemoteWebDriver.findElement(RemoteWebDriver.java:349)
at PSf_Static_Report_and_Call_Dispostion.Psf_Service_Rating_Select_Poor.Click_Open_Complaint_Management(Psf_Service_Rating_Select_Poor.java:150)
at java.base/java.util.ArrayList.forEach(ArrayList.java:1597)
... Removed 28 stack frames]]>
    </failure>
  </testcase> <!-- Click_Open_Complaint_Management -->
  <testcase classname="PSf_Static_Report_and_Call_Dispostion.Psf_Service_Rating_Select_Poor" name="Click__On_InProgress_To_Update_Complaint_Status" time="17.026">
    <failure type="org.openqa.selenium.NoSuchElementException" message="no such element: Unable to locate element: {&amp;quot;method&amp;quot;:&amp;quot;xpath&amp;quot;,&amp;quot;selector&amp;quot;:&amp;quot;(//*[@role=&amp;quot;row&amp;quot;])[2]&amp;quot;}
  (Session info: chrome=131.0.6778.108)
For documentation on this error, please visit: https://www.selenium.dev/documentation/webdriver/troubleshooting/errors#no-such-element-exception
Build info: version: &amp;apos;4.21.0&amp;apos;, revision: &amp;apos;79ed462ef4&amp;apos;
System info: os.name: &amp;apos;Windows 11&amp;apos;, os.arch: &amp;apos;amd64&amp;apos;, os.version: &amp;apos;10.0&amp;apos;, java.version: &amp;apos;22.0.1&amp;apos;
Driver info: org.openqa.selenium.chrome.ChromeDriver
Command: [cbed68be49231da71596d54d911e80d2, findElement {using=xpath, value=(//*[@role=&amp;quot;row&amp;quot;])[2]}]
Capabilities {acceptInsecureCerts: false, browserName: chrome, browserVersion: 131.0.6778.108, chrome: {chromedriverVersion: 131.0.6778.87 (ce31cae94873..., userDataDir: C:\WINDOWS\TEMP\scoped_dir2...}, fedcm:accounts: true, goog:chromeOptions: {debuggerAddress: localhost:61710}, networkConnectionEnabled: false, pageLoadStrategy: normal, platformName: windows, proxy: Proxy(), se:cdp: ws://localhost:61710/devtoo..., se:cdpVersion: 131.0.6778.108, setWindowRect: true, strictFileInteractability: false, timeouts: {implicit: 0, pageLoad: 300000, script: 30000}, unhandledPromptBehavior: dismiss and notify, webauthn:extension:credBlob: true, webauthn:extension:largeBlob: true, webauthn:extension:minPinLength: true, webauthn:extension:prf: true, webauthn:virtualAuthenticators: true}
Session ID: cbed68be49231da71596d54d911e80d2">
      <![CDATA[org.openqa.selenium.NoSuchElementException: no such element: Unable to locate element: {"method":"xpath","selector":"(//*[@role="row"])[2]"}
  (Session info: chrome=131.0.6778.108)
For documentation on this error, please visit: https://www.selenium.dev/documentation/webdriver/troubleshooting/errors#no-such-element-exception
Build info: version: '4.21.0', revision: '79ed462ef4'
System info: os.name: 'Windows 11', os.arch: 'amd64', os.version: '10.0', java.version: '22.0.1'
Driver info: org.openqa.selenium.chrome.ChromeDriver
Command: [cbed68be49231da71596d54d911e80d2, findElement {using=xpath, value=(//*[@role="row"])[2]}]
Capabilities {acceptInsecureCerts: false, browserName: chrome, browserVersion: 131.0.6778.108, chrome: {chromedriverVersion: 131.0.6778.87 (ce31cae94873..., userDataDir: C:\WINDOWS\TEMP\scoped_dir2...}, fedcm:accounts: true, goog:chromeOptions: {debuggerAddress: localhost:61710}, networkConnectionEnabled: false, pageLoadStrategy: normal, platformName: windows, proxy: Proxy(), se:cdp: ws://localhost:61710/devtoo..., se:cdpVersion: 131.0.6778.108, setWindowRect: true, strictFileInteractability: false, timeouts: {implicit: 0, pageLoad: 300000, script: 30000}, unhandledPromptBehavior: dismiss and notify, webauthn:extension:credBlob: true, webauthn:extension:largeBlob: true, webauthn:extension:minPinLength: true, webauthn:extension:prf: true, webauthn:virtualAuthenticators: true}
Session ID: cbed68be49231da71596d54d911e80d2
at org.openqa.selenium.remote.ErrorCodec.decode(ErrorCodec.java:167)
at org.openqa.selenium.remote.codec.w3c.W3CHttpResponseCodec.decode(W3CHttpResponseCodec.java:138)
at org.openqa.selenium.remote.codec.w3c.W3CHttpResponseCodec.decode(W3CHttpResponseCodec.java:50)
at org.openqa.selenium.remote.HttpCommandExecutor.execute(HttpCommandExecutor.java:190)
at org.openqa.selenium.remote.service.DriverCommandExecutor.invokeExecute(DriverCommandExecutor.java:216)
at org.openqa.selenium.remote.service.DriverCommandExecutor.execute(DriverCommandExecutor.java:174)
at org.openqa.selenium.remote.RemoteWebDriver.execute(RemoteWebDriver.java:518)
at org.openqa.selenium.remote.ElementLocation$ElementFinder$2.findElement(ElementLocation.java:165)
at org.openqa.selenium.remote.ElementLocation.findElement(ElementLocation.java:59)
at org.openqa.selenium.remote.RemoteWebDriver.findElement(RemoteWebDriver.java:355)
at org.openqa.selenium.remote.RemoteWebDriver.findElement(RemoteWebDriver.java:349)
at PSf_Static_Report_and_Call_Dispostion.Psf_Service_Rating_Select_Poor.getAndClickFirstCustomer(Psf_Service_Rating_Select_Poor.java:399)
at PSf_Static_Report_and_Call_Dispostion.Psf_Service_Rating_Select_Poor.Click__On_InProgress_To_Update_Complaint_Status(Psf_Service_Rating_Select_Poor.java:166)
at java.base/java.util.ArrayList.forEach(ArrayList.java:1597)
... Removed 28 stack frames]]>
    </failure>
  </testcase> <!-- Click__On_InProgress_To_Update_Complaint_Status -->
  <testcase classname="PSf_Static_Report_and_Call_Dispostion.Psf_Service_Rating_Select_Poor" name="Click__On_Resolved_Complaints_To_Update_Complaint_Status" time="17.01">
    <failure type="org.openqa.selenium.NoSuchElementException" message="no such element: Unable to locate element: {&amp;quot;method&amp;quot;:&amp;quot;xpath&amp;quot;,&amp;quot;selector&amp;quot;:&amp;quot;(//*[@role=&amp;quot;row&amp;quot;])[2]&amp;quot;}
  (Session info: chrome=131.0.6778.108)
For documentation on this error, please visit: https://www.selenium.dev/documentation/webdriver/troubleshooting/errors#no-such-element-exception
Build info: version: &amp;apos;4.21.0&amp;apos;, revision: &amp;apos;79ed462ef4&amp;apos;
System info: os.name: &amp;apos;Windows 11&amp;apos;, os.arch: &amp;apos;amd64&amp;apos;, os.version: &amp;apos;10.0&amp;apos;, java.version: &amp;apos;22.0.1&amp;apos;
Driver info: org.openqa.selenium.chrome.ChromeDriver
Command: [cbed68be49231da71596d54d911e80d2, findElement {using=xpath, value=(//*[@role=&amp;quot;row&amp;quot;])[2]}]
Capabilities {acceptInsecureCerts: false, browserName: chrome, browserVersion: 131.0.6778.108, chrome: {chromedriverVersion: 131.0.6778.87 (ce31cae94873..., userDataDir: C:\WINDOWS\TEMP\scoped_dir2...}, fedcm:accounts: true, goog:chromeOptions: {debuggerAddress: localhost:61710}, networkConnectionEnabled: false, pageLoadStrategy: normal, platformName: windows, proxy: Proxy(), se:cdp: ws://localhost:61710/devtoo..., se:cdpVersion: 131.0.6778.108, setWindowRect: true, strictFileInteractability: false, timeouts: {implicit: 0, pageLoad: 300000, script: 30000}, unhandledPromptBehavior: dismiss and notify, webauthn:extension:credBlob: true, webauthn:extension:largeBlob: true, webauthn:extension:minPinLength: true, webauthn:extension:prf: true, webauthn:virtualAuthenticators: true}
Session ID: cbed68be49231da71596d54d911e80d2">
      <![CDATA[org.openqa.selenium.NoSuchElementException: no such element: Unable to locate element: {"method":"xpath","selector":"(//*[@role="row"])[2]"}
  (Session info: chrome=131.0.6778.108)
For documentation on this error, please visit: https://www.selenium.dev/documentation/webdriver/troubleshooting/errors#no-such-element-exception
Build info: version: '4.21.0', revision: '79ed462ef4'
System info: os.name: 'Windows 11', os.arch: 'amd64', os.version: '10.0', java.version: '22.0.1'
Driver info: org.openqa.selenium.chrome.ChromeDriver
Command: [cbed68be49231da71596d54d911e80d2, findElement {using=xpath, value=(//*[@role="row"])[2]}]
Capabilities {acceptInsecureCerts: false, browserName: chrome, browserVersion: 131.0.6778.108, chrome: {chromedriverVersion: 131.0.6778.87 (ce31cae94873..., userDataDir: C:\WINDOWS\TEMP\scoped_dir2...}, fedcm:accounts: true, goog:chromeOptions: {debuggerAddress: localhost:61710}, networkConnectionEnabled: false, pageLoadStrategy: normal, platformName: windows, proxy: Proxy(), se:cdp: ws://localhost:61710/devtoo..., se:cdpVersion: 131.0.6778.108, setWindowRect: true, strictFileInteractability: false, timeouts: {implicit: 0, pageLoad: 300000, script: 30000}, unhandledPromptBehavior: dismiss and notify, webauthn:extension:credBlob: true, webauthn:extension:largeBlob: true, webauthn:extension:minPinLength: true, webauthn:extension:prf: true, webauthn:virtualAuthenticators: true}
Session ID: cbed68be49231da71596d54d911e80d2
at org.openqa.selenium.remote.ErrorCodec.decode(ErrorCodec.java:167)
at org.openqa.selenium.remote.codec.w3c.W3CHttpResponseCodec.decode(W3CHttpResponseCodec.java:138)
at org.openqa.selenium.remote.codec.w3c.W3CHttpResponseCodec.decode(W3CHttpResponseCodec.java:50)
at org.openqa.selenium.remote.HttpCommandExecutor.execute(HttpCommandExecutor.java:190)
at org.openqa.selenium.remote.service.DriverCommandExecutor.invokeExecute(DriverCommandExecutor.java:216)
at org.openqa.selenium.remote.service.DriverCommandExecutor.execute(DriverCommandExecutor.java:174)
at org.openqa.selenium.remote.RemoteWebDriver.execute(RemoteWebDriver.java:518)
at org.openqa.selenium.remote.ElementLocation$ElementFinder$2.findElement(ElementLocation.java:165)
at org.openqa.selenium.remote.ElementLocation.findElement(ElementLocation.java:59)
at org.openqa.selenium.remote.RemoteWebDriver.findElement(RemoteWebDriver.java:355)
at org.openqa.selenium.remote.RemoteWebDriver.findElement(RemoteWebDriver.java:349)
at PSf_Static_Report_and_Call_Dispostion.Psf_Service_Rating_Select_Poor.getAndClickFirstCustomer(Psf_Service_Rating_Select_Poor.java:399)
at PSf_Static_Report_and_Call_Dispostion.Psf_Service_Rating_Select_Poor.Click__On_Resolved_Complaints_To_Update_Complaint_Status(Psf_Service_Rating_Select_Poor.java:220)
at java.base/java.util.ArrayList.forEach(ArrayList.java:1597)
... Removed 28 stack frames]]>
    </failure>
  </testcase> <!-- Click__On_Resolved_Complaints_To_Update_Complaint_Status -->
  <testcase classname="PSf_Static_Report_and_Call_Dispostion.Psf_Service_Rating_Select_Poor" name="Upload_file" time="17.022">
    <failure type="org.openqa.selenium.NoSuchElementException" message="no such element: Unable to locate element: {&amp;quot;method&amp;quot;:&amp;quot;xpath&amp;quot;,&amp;quot;selector&amp;quot;:&amp;quot;//*[@id=&amp;quot;inputGroupFile02&amp;quot;]&amp;quot;}
  (Session info: chrome=131.0.6778.108)
For documentation on this error, please visit: https://www.selenium.dev/documentation/webdriver/troubleshooting/errors#no-such-element-exception
Build info: version: &amp;apos;4.21.0&amp;apos;, revision: &amp;apos;79ed462ef4&amp;apos;
System info: os.name: &amp;apos;Windows 11&amp;apos;, os.arch: &amp;apos;amd64&amp;apos;, os.version: &amp;apos;10.0&amp;apos;, java.version: &amp;apos;22.0.1&amp;apos;
Driver info: org.openqa.selenium.chrome.ChromeDriver
Command: [cbed68be49231da71596d54d911e80d2, findElement {using=xpath, value=//*[@id=&amp;quot;inputGroupFile02&amp;quot;]}]
Capabilities {acceptInsecureCerts: false, browserName: chrome, browserVersion: 131.0.6778.108, chrome: {chromedriverVersion: 131.0.6778.87 (ce31cae94873..., userDataDir: C:\WINDOWS\TEMP\scoped_dir2...}, fedcm:accounts: true, goog:chromeOptions: {debuggerAddress: localhost:61710}, networkConnectionEnabled: false, pageLoadStrategy: normal, platformName: windows, proxy: Proxy(), se:cdp: ws://localhost:61710/devtoo..., se:cdpVersion: 131.0.6778.108, setWindowRect: true, strictFileInteractability: false, timeouts: {implicit: 0, pageLoad: 300000, script: 30000}, unhandledPromptBehavior: dismiss and notify, webauthn:extension:credBlob: true, webauthn:extension:largeBlob: true, webauthn:extension:minPinLength: true, webauthn:extension:prf: true, webauthn:virtualAuthenticators: true}
Session ID: cbed68be49231da71596d54d911e80d2">
      <![CDATA[org.openqa.selenium.NoSuchElementException: no such element: Unable to locate element: {"method":"xpath","selector":"//*[@id="inputGroupFile02"]"}
  (Session info: chrome=131.0.6778.108)
For documentation on this error, please visit: https://www.selenium.dev/documentation/webdriver/troubleshooting/errors#no-such-element-exception
Build info: version: '4.21.0', revision: '79ed462ef4'
System info: os.name: 'Windows 11', os.arch: 'amd64', os.version: '10.0', java.version: '22.0.1'
Driver info: org.openqa.selenium.chrome.ChromeDriver
Command: [cbed68be49231da71596d54d911e80d2, findElement {using=xpath, value=//*[@id="inputGroupFile02"]}]
Capabilities {acceptInsecureCerts: false, browserName: chrome, browserVersion: 131.0.6778.108, chrome: {chromedriverVersion: 131.0.6778.87 (ce31cae94873..., userDataDir: C:\WINDOWS\TEMP\scoped_dir2...}, fedcm:accounts: true, goog:chromeOptions: {debuggerAddress: localhost:61710}, networkConnectionEnabled: false, pageLoadStrategy: normal, platformName: windows, proxy: Proxy(), se:cdp: ws://localhost:61710/devtoo..., se:cdpVersion: 131.0.6778.108, setWindowRect: true, strictFileInteractability: false, timeouts: {implicit: 0, pageLoad: 300000, script: 30000}, unhandledPromptBehavior: dismiss and notify, webauthn:extension:credBlob: true, webauthn:extension:largeBlob: true, webauthn:extension:minPinLength: true, webauthn:extension:prf: true, webauthn:virtualAuthenticators: true}
Session ID: cbed68be49231da71596d54d911e80d2
at org.openqa.selenium.remote.ErrorCodec.decode(ErrorCodec.java:167)
at org.openqa.selenium.remote.codec.w3c.W3CHttpResponseCodec.decode(W3CHttpResponseCodec.java:138)
at org.openqa.selenium.remote.codec.w3c.W3CHttpResponseCodec.decode(W3CHttpResponseCodec.java:50)
at org.openqa.selenium.remote.HttpCommandExecutor.execute(HttpCommandExecutor.java:190)
at org.openqa.selenium.remote.service.DriverCommandExecutor.invokeExecute(DriverCommandExecutor.java:216)
at org.openqa.selenium.remote.service.DriverCommandExecutor.execute(DriverCommandExecutor.java:174)
at org.openqa.selenium.remote.RemoteWebDriver.execute(RemoteWebDriver.java:518)
at org.openqa.selenium.remote.ElementLocation$ElementFinder$2.findElement(ElementLocation.java:165)
at org.openqa.selenium.remote.ElementLocation.findElement(ElementLocation.java:59)
at org.openqa.selenium.remote.RemoteWebDriver.findElement(RemoteWebDriver.java:355)
at org.openqa.selenium.remote.RemoteWebDriver.findElement(RemoteWebDriver.java:349)
at PSf_Static_Report_and_Call_Dispostion.Psf_Service_Rating_Select_Poor.Upload_file(Psf_Service_Rating_Select_Poor.java:268)
at java.base/java.util.ArrayList.forEach(ArrayList.java:1597)
... Removed 28 stack frames]]>
    </failure>
  </testcase> <!-- Upload_file -->
  <testcase classname="PSf_Static_Report_and_Call_Dispostion.Psf_Service_Rating_Select_Poor" name="Customer_Will_Be_Available_In_Resolved_Complaints" time="25.398">
    <failure type="org.openqa.selenium.NoSuchElementException" message="no such element: Unable to locate element: {&amp;quot;method&amp;quot;:&amp;quot;xpath&amp;quot;,&amp;quot;selector&amp;quot;:&amp;quot;(//*[@mattooltipposition=&amp;quot;above&amp;quot;])[5]&amp;quot;}
  (Session info: chrome=131.0.6778.108)
For documentation on this error, please visit: https://www.selenium.dev/documentation/webdriver/troubleshooting/errors#no-such-element-exception
Build info: version: &amp;apos;4.21.0&amp;apos;, revision: &amp;apos;79ed462ef4&amp;apos;
System info: os.name: &amp;apos;Windows 11&amp;apos;, os.arch: &amp;apos;amd64&amp;apos;, os.version: &amp;apos;10.0&amp;apos;, java.version: &amp;apos;22.0.1&amp;apos;
Driver info: org.openqa.selenium.chrome.ChromeDriver
Command: [cbed68be49231da71596d54d911e80d2, findElement {using=xpath, value=(//*[@mattooltipposition=&amp;quot;above&amp;quot;])[5]}]
Capabilities {acceptInsecureCerts: false, browserName: chrome, browserVersion: 131.0.6778.108, chrome: {chromedriverVersion: 131.0.6778.87 (ce31cae94873..., userDataDir: C:\WINDOWS\TEMP\scoped_dir2...}, fedcm:accounts: true, goog:chromeOptions: {debuggerAddress: localhost:61710}, networkConnectionEnabled: false, pageLoadStrategy: normal, platformName: windows, proxy: Proxy(), se:cdp: ws://localhost:61710/devtoo..., se:cdpVersion: 131.0.6778.108, setWindowRect: true, strictFileInteractability: false, timeouts: {implicit: 0, pageLoad: 300000, script: 30000}, unhandledPromptBehavior: dismiss and notify, webauthn:extension:credBlob: true, webauthn:extension:largeBlob: true, webauthn:extension:minPinLength: true, webauthn:extension:prf: true, webauthn:virtualAuthenticators: true}
Session ID: cbed68be49231da71596d54d911e80d2">
      <![CDATA[org.openqa.selenium.NoSuchElementException: no such element: Unable to locate element: {"method":"xpath","selector":"(//*[@mattooltipposition="above"])[5]"}
  (Session info: chrome=131.0.6778.108)
For documentation on this error, please visit: https://www.selenium.dev/documentation/webdriver/troubleshooting/errors#no-such-element-exception
Build info: version: '4.21.0', revision: '79ed462ef4'
System info: os.name: 'Windows 11', os.arch: 'amd64', os.version: '10.0', java.version: '22.0.1'
Driver info: org.openqa.selenium.chrome.ChromeDriver
Command: [cbed68be49231da71596d54d911e80d2, findElement {using=xpath, value=(//*[@mattooltipposition="above"])[5]}]
Capabilities {acceptInsecureCerts: false, browserName: chrome, browserVersion: 131.0.6778.108, chrome: {chromedriverVersion: 131.0.6778.87 (ce31cae94873..., userDataDir: C:\WINDOWS\TEMP\scoped_dir2...}, fedcm:accounts: true, goog:chromeOptions: {debuggerAddress: localhost:61710}, networkConnectionEnabled: false, pageLoadStrategy: normal, platformName: windows, proxy: Proxy(), se:cdp: ws://localhost:61710/devtoo..., se:cdpVersion: 131.0.6778.108, setWindowRect: true, strictFileInteractability: false, timeouts: {implicit: 0, pageLoad: 300000, script: 30000}, unhandledPromptBehavior: dismiss and notify, webauthn:extension:credBlob: true, webauthn:extension:largeBlob: true, webauthn:extension:minPinLength: true, webauthn:extension:prf: true, webauthn:virtualAuthenticators: true}
Session ID: cbed68be49231da71596d54d911e80d2
at org.openqa.selenium.remote.ErrorCodec.decode(ErrorCodec.java:167)
at org.openqa.selenium.remote.codec.w3c.W3CHttpResponseCodec.decode(W3CHttpResponseCodec.java:138)
at org.openqa.selenium.remote.codec.w3c.W3CHttpResponseCodec.decode(W3CHttpResponseCodec.java:50)
at org.openqa.selenium.remote.HttpCommandExecutor.execute(HttpCommandExecutor.java:190)
at org.openqa.selenium.remote.service.DriverCommandExecutor.invokeExecute(DriverCommandExecutor.java:216)
at org.openqa.selenium.remote.service.DriverCommandExecutor.execute(DriverCommandExecutor.java:174)
at org.openqa.selenium.remote.RemoteWebDriver.execute(RemoteWebDriver.java:518)
at org.openqa.selenium.remote.ElementLocation$ElementFinder$2.findElement(ElementLocation.java:165)
at org.openqa.selenium.remote.ElementLocation.findElement(ElementLocation.java:59)
at org.openqa.selenium.remote.RemoteWebDriver.findElement(RemoteWebDriver.java:355)
at org.openqa.selenium.remote.RemoteWebDriver.findElement(RemoteWebDriver.java:349)
at PSf_Static_Report_and_Call_Dispostion.Psf_Service_Rating_Select_Poor.Customer_Will_Be_Available_In_Resolved_Complaints(Psf_Service_Rating_Select_Poor.java:293)
at java.base/java.util.ArrayList.forEach(ArrayList.java:1597)
... Removed 28 stack frames]]>
    </failure>
  </testcase> <!-- Customer_Will_Be_Available_In_Resolved_Complaints -->
  <testcase classname="PSf_Static_Report_and_Call_Dispostion.LOGINs" name="Username" time="1.448"/>
  <testcase classname="PSf_Static_Report_and_Call_Dispostion.LOGINs" name="Password" time="1.39"/>
  <testcase classname="PSf_Static_Report_and_Call_Dispostion.LOGINs" name="Captcha" time="2.224"/>
  <testcase classname="PSf_Static_Report_and_Call_Dispostion.LOGINs" name="SUBMIT_Button" time="2.189"/>
  <testcase classname="PSf_Static_Report_and_Call_Dispostion.LOGINs" name="Click_On_PSF" time="26.288"/>
  <testcase classname="PSf_Static_Report_and_Call_Dispostion.LOGINs" name="Remove_PouP" time="0.629"/>
  <testcase classname="PSf_Static_Report_and_Call_Dispostion.Reshedule_The_Appointment_In_Complaint_Mangemnet" name="Click_On_The_Complaint_Management" time="3.077"/>
  <testcase classname="PSf_Static_Report_and_Call_Dispostion.Reshedule_The_Appointment_In_Complaint_Mangemnet" name="Click_On_In_Progress_Complaints" time="6.256"/>
  <testcase classname="PSf_Static_Report_and_Call_Dispostion.Reshedule_The_Appointment_In_Complaint_Mangemnet" name="Click_On_Reshedule_Appointment" time="31.12">
    <failure type="org.openqa.selenium.NoSuchElementException" message="no such element: Unable to locate element: {&amp;quot;method&amp;quot;:&amp;quot;xpath&amp;quot;,&amp;quot;selector&amp;quot;:&amp;quot;(//*[@id=&amp;quot;exampleFormControlTextarea1&amp;quot;])[3]&amp;quot;}
  (Session info: chrome=131.0.6778.108)
For documentation on this error, please visit: https://www.selenium.dev/documentation/webdriver/troubleshooting/errors#no-such-element-exception
Build info: version: &amp;apos;4.21.0&amp;apos;, revision: &amp;apos;79ed462ef4&amp;apos;
System info: os.name: &amp;apos;Windows 11&amp;apos;, os.arch: &amp;apos;amd64&amp;apos;, os.version: &amp;apos;10.0&amp;apos;, java.version: &amp;apos;22.0.1&amp;apos;
Driver info: org.openqa.selenium.chrome.ChromeDriver
Command: [866a707d1c88f46443c2cf5dab7d83ea, findElement {using=xpath, value=(//*[@id=&amp;quot;exampleFormControlTextarea1&amp;quot;])[3]}]
Capabilities {acceptInsecureCerts: false, browserName: chrome, browserVersion: 131.0.6778.108, chrome: {chromedriverVersion: 131.0.6778.87 (ce31cae94873..., userDataDir: C:\WINDOWS\TEMP\scoped_dir9...}, fedcm:accounts: true, goog:chromeOptions: {debuggerAddress: localhost:61816}, networkConnectionEnabled: false, pageLoadStrategy: normal, platformName: windows, proxy: Proxy(), se:cdp: ws://localhost:61816/devtoo..., se:cdpVersion: 131.0.6778.108, setWindowRect: true, strictFileInteractability: false, timeouts: {implicit: 0, pageLoad: 300000, script: 30000}, unhandledPromptBehavior: dismiss and notify, webauthn:extension:credBlob: true, webauthn:extension:largeBlob: true, webauthn:extension:minPinLength: true, webauthn:extension:prf: true, webauthn:virtualAuthenticators: true}
Session ID: 866a707d1c88f46443c2cf5dab7d83ea">
      <![CDATA[org.openqa.selenium.NoSuchElementException: no such element: Unable to locate element: {"method":"xpath","selector":"(//*[@id="exampleFormControlTextarea1"])[3]"}
  (Session info: chrome=131.0.6778.108)
For documentation on this error, please visit: https://www.selenium.dev/documentation/webdriver/troubleshooting/errors#no-such-element-exception
Build info: version: '4.21.0', revision: '79ed462ef4'
System info: os.name: 'Windows 11', os.arch: 'amd64', os.version: '10.0', java.version: '22.0.1'
Driver info: org.openqa.selenium.chrome.ChromeDriver
Command: [866a707d1c88f46443c2cf5dab7d83ea, findElement {using=xpath, value=(//*[@id="exampleFormControlTextarea1"])[3]}]
Capabilities {acceptInsecureCerts: false, browserName: chrome, browserVersion: 131.0.6778.108, chrome: {chromedriverVersion: 131.0.6778.87 (ce31cae94873..., userDataDir: C:\WINDOWS\TEMP\scoped_dir9...}, fedcm:accounts: true, goog:chromeOptions: {debuggerAddress: localhost:61816}, networkConnectionEnabled: false, pageLoadStrategy: normal, platformName: windows, proxy: Proxy(), se:cdp: ws://localhost:61816/devtoo..., se:cdpVersion: 131.0.6778.108, setWindowRect: true, strictFileInteractability: false, timeouts: {implicit: 0, pageLoad: 300000, script: 30000}, unhandledPromptBehavior: dismiss and notify, webauthn:extension:credBlob: true, webauthn:extension:largeBlob: true, webauthn:extension:minPinLength: true, webauthn:extension:prf: true, webauthn:virtualAuthenticators: true}
Session ID: 866a707d1c88f46443c2cf5dab7d83ea
at org.openqa.selenium.remote.ErrorCodec.decode(ErrorCodec.java:167)
at org.openqa.selenium.remote.codec.w3c.W3CHttpResponseCodec.decode(W3CHttpResponseCodec.java:138)
at org.openqa.selenium.remote.codec.w3c.W3CHttpResponseCodec.decode(W3CHttpResponseCodec.java:50)
at org.openqa.selenium.remote.HttpCommandExecutor.execute(HttpCommandExecutor.java:190)
at org.openqa.selenium.remote.service.DriverCommandExecutor.invokeExecute(DriverCommandExecutor.java:216)
at org.openqa.selenium.remote.service.DriverCommandExecutor.execute(DriverCommandExecutor.java:174)
at org.openqa.selenium.remote.RemoteWebDriver.execute(RemoteWebDriver.java:518)
at org.openqa.selenium.remote.ElementLocation$ElementFinder$2.findElement(ElementLocation.java:165)
at org.openqa.selenium.remote.ElementLocation.findElement(ElementLocation.java:59)
at org.openqa.selenium.remote.RemoteWebDriver.findElement(RemoteWebDriver.java:355)
at org.openqa.selenium.remote.RemoteWebDriver.findElement(RemoteWebDriver.java:349)
at PSf_Static_Report_and_Call_Dispostion.Reshedule_The_Appointment_In_Complaint_Mangemnet.Click_On_Reshedule_Appointment(Reshedule_The_Appointment_In_Complaint_Mangemnet.java:105)
at java.base/java.util.ArrayList.forEach(ArrayList.java:1597)
... Removed 28 stack frames]]>
    </failure>
  </testcase> <!-- Click_On_Reshedule_Appointment -->
  <testcase classname="PSf_Static_Report_and_Call_Dispostion.LOGINs" name="Username" time="1.44"/>
  <testcase classname="PSf_Static_Report_and_Call_Dispostion.LOGINs" name="Password" time="1.405"/>
  <testcase classname="PSf_Static_Report_and_Call_Dispostion.LOGINs" name="Captcha" time="2.231"/>
  <testcase classname="PSf_Static_Report_and_Call_Dispostion.LOGINs" name="SUBMIT_Button" time="2.239"/>
  <testcase classname="PSf_Static_Report_and_Call_Dispostion.LOGINs" name="Click_On_PSF" time="44.745"/>
  <testcase classname="PSf_Static_Report_and_Call_Dispostion.LOGINs" name="Remove_PouP" time="0.708"/>
  <testcase classname="PSf_Static_Report_and_Call_Dispostion.Call_Me_Later_In_Complaint_Mangement" name="Click_On_The_Complaint_Management" time="3.097"/>
  <testcase classname="PSf_Static_Report_and_Call_Dispostion.Call_Me_Later_In_Complaint_Mangement" name="Click_On_In_Progress_Complaints" time="6.221"/>
  <testcase classname="PSf_Static_Report_and_Call_Dispostion.Call_Me_Later_In_Complaint_Mangement" name="Click_On_Reshedule_Appointment" time="13.032">
    <failure type="org.openqa.selenium.ElementClickInterceptedException" message="element click intercepted: Element &amp;lt;button mat-icon-button=&amp;quot;&amp;quot; type=&amp;quot;button&amp;quot; class=&amp;quot;mat-focus-indicator mat-icon-button mat-button-base&amp;quot; aria-haspopup=&amp;quot;dialog&amp;quot; aria-label=&amp;quot;Open calendar&amp;quot; tabindex=&amp;quot;0&amp;quot;&amp;gt;...&amp;lt;/button&amp;gt; is not clickable at point (343, 159). Other element would receive the click: &amp;lt;div _ngcontent-via-c271=&amp;quot;&amp;quot; class=&amp;quot;col-sm-4 address-section&amp;quot;&amp;gt;...&amp;lt;/div&amp;gt;
  (Session info: chrome=131.0.6778.108)
Build info: version: &amp;apos;4.21.0&amp;apos;, revision: &amp;apos;79ed462ef4&amp;apos;
System info: os.name: &amp;apos;Windows 11&amp;apos;, os.arch: &amp;apos;amd64&amp;apos;, os.version: &amp;apos;10.0&amp;apos;, java.version: &amp;apos;22.0.1&amp;apos;
Driver info: org.openqa.selenium.chrome.ChromeDriver
Command: [9d793f8e9b6f5b1e48627b66d2bba62c, clickElement {id=f.98E5A2429AECFD79E3AD93052F15056F.d.EEB5FFA643CFF50BE391C87CAA67D1CD.e.1045}]
Capabilities {acceptInsecureCerts: false, browserName: chrome, browserVersion: 131.0.6778.108, chrome: {chromedriverVersion: 131.0.6778.87 (ce31cae94873..., userDataDir: C:\WINDOWS\TEMP\scoped_dir2...}, fedcm:accounts: true, goog:chromeOptions: {debuggerAddress: localhost:61917}, networkConnectionEnabled: false, pageLoadStrategy: normal, platformName: windows, proxy: Proxy(), se:cdp: ws://localhost:61917/devtoo..., se:cdpVersion: 131.0.6778.108, setWindowRect: true, strictFileInteractability: false, timeouts: {implicit: 0, pageLoad: 300000, script: 30000}, unhandledPromptBehavior: dismiss and notify, webauthn:extension:credBlob: true, webauthn:extension:largeBlob: true, webauthn:extension:minPinLength: true, webauthn:extension:prf: true, webauthn:virtualAuthenticators: true}
Element: [[ChromeDriver: chrome on windows (9d793f8e9b6f5b1e48627b66d2bba62c)] -&amp;gt; xpath: //*[@aria-label=&amp;quot;Open calendar&amp;quot;]]
Session ID: 9d793f8e9b6f5b1e48627b66d2bba62c">
      <![CDATA[org.openqa.selenium.ElementClickInterceptedException: element click intercepted: Element <button mat-icon-button="" type="button" class="mat-focus-indicator mat-icon-button mat-button-base" aria-haspopup="dialog" aria-label="Open calendar" tabindex="0">...</button> is not clickable at point (343, 159). Other element would receive the click: <div _ngcontent-via-c271="" class="col-sm-4 address-section">...</div>
  (Session info: chrome=131.0.6778.108)
Build info: version: '4.21.0', revision: '79ed462ef4'
System info: os.name: 'Windows 11', os.arch: 'amd64', os.version: '10.0', java.version: '22.0.1'
Driver info: org.openqa.selenium.chrome.ChromeDriver
Command: [9d793f8e9b6f5b1e48627b66d2bba62c, clickElement {id=f.98E5A2429AECFD79E3AD93052F15056F.d.EEB5FFA643CFF50BE391C87CAA67D1CD.e.1045}]
Capabilities {acceptInsecureCerts: false, browserName: chrome, browserVersion: 131.0.6778.108, chrome: {chromedriverVersion: 131.0.6778.87 (ce31cae94873..., userDataDir: C:\WINDOWS\TEMP\scoped_dir2...}, fedcm:accounts: true, goog:chromeOptions: {debuggerAddress: localhost:61917}, networkConnectionEnabled: false, pageLoadStrategy: normal, platformName: windows, proxy: Proxy(), se:cdp: ws://localhost:61917/devtoo..., se:cdpVersion: 131.0.6778.108, setWindowRect: true, strictFileInteractability: false, timeouts: {implicit: 0, pageLoad: 300000, script: 30000}, unhandledPromptBehavior: dismiss and notify, webauthn:extension:credBlob: true, webauthn:extension:largeBlob: true, webauthn:extension:minPinLength: true, webauthn:extension:prf: true, webauthn:virtualAuthenticators: true}
Element: [[ChromeDriver: chrome on windows (9d793f8e9b6f5b1e48627b66d2bba62c)] -> xpath: //*[@aria-label="Open calendar"]]
Session ID: 9d793f8e9b6f5b1e48627b66d2bba62c
at org.openqa.selenium.remote.ErrorCodec.decode(ErrorCodec.java:167)
at org.openqa.selenium.remote.codec.w3c.W3CHttpResponseCodec.decode(W3CHttpResponseCodec.java:138)
at org.openqa.selenium.remote.codec.w3c.W3CHttpResponseCodec.decode(W3CHttpResponseCodec.java:50)
at org.openqa.selenium.remote.HttpCommandExecutor.execute(HttpCommandExecutor.java:190)
at org.openqa.selenium.remote.service.DriverCommandExecutor.invokeExecute(DriverCommandExecutor.java:216)
at org.openqa.selenium.remote.service.DriverCommandExecutor.execute(DriverCommandExecutor.java:174)
at org.openqa.selenium.remote.RemoteWebDriver.execute(RemoteWebDriver.java:518)
at org.openqa.selenium.remote.RemoteWebElement.execute(RemoteWebElement.java:223)
at org.openqa.selenium.remote.RemoteWebElement.click(RemoteWebElement.java:76)
at PSf_Static_Report_and_Call_Dispostion.Call_Me_Later_In_Complaint_Mangement.Click_On_Reshedule_Appointment(Call_Me_Later_In_Complaint_Mangement.java:88)
at java.base/java.util.ArrayList.forEach(ArrayList.java:1597)
... Removed 28 stack frames]]>
    </failure>
  </testcase> <!-- Click_On_Reshedule_Appointment -->
  <testcase classname="PSf_Static_Report_and_Call_Dispostion.LOGINs" name="Username" time="1.38"/>
  <testcase classname="PSf_Static_Report_and_Call_Dispostion.LOGINs" name="Password" time="1.379"/>
  <testcase classname="PSf_Static_Report_and_Call_Dispostion.LOGINs" name="Captcha" time="2.202"/>
  <testcase classname="PSf_Static_Report_and_Call_Dispostion.LOGINs" name="SUBMIT_Button" time="2.206"/>
  <testcase classname="PSf_Static_Report_and_Call_Dispostion.LOGINs" name="Click_On_PSF" time="24.032"/>
  <testcase classname="PSf_Static_Report_and_Call_Dispostion.LOGINs" name="Remove_PouP" time="0.652"/>
  <testcase classname="PSf_Static_Report_and_Call_Dispostion.Number_Busy_in_Complaint_Management" name="Click_On_The_Complaint_Management" time="3.093"/>
  <testcase classname="PSf_Static_Report_and_Call_Dispostion.Number_Busy_in_Complaint_Management" name="Click_On_In_Progress_Complaints" time="6.266"/>
  <testcase classname="PSf_Static_Report_and_Call_Dispostion.Number_Busy_in_Complaint_Management" name="Click_On_Reshedule_Appointment" time="18.579">
    <failure type="org.openqa.selenium.ElementClickInterceptedException" message="element click intercepted: Element &amp;lt;span _ngcontent-cge-c265=&amp;quot;&amp;quot; class=&amp;quot;ng-star-inserted&amp;quot;&amp;gt;...&amp;lt;/span&amp;gt; is not clickable at point (144, 167). Other element would receive the click: &amp;lt;div _ngcontent-cge-c271=&amp;quot;&amp;quot; class=&amp;quot;col-sm-2 header-user pe-0&amp;quot;&amp;gt;...&amp;lt;/div&amp;gt;
  (Session info: chrome=131.0.6778.108)
Build info: version: &amp;apos;4.21.0&amp;apos;, revision: &amp;apos;79ed462ef4&amp;apos;
System info: os.name: &amp;apos;Windows 11&amp;apos;, os.arch: &amp;apos;amd64&amp;apos;, os.version: &amp;apos;10.0&amp;apos;, java.version: &amp;apos;22.0.1&amp;apos;
Driver info: org.openqa.selenium.chrome.ChromeDriver
Command: [ddb580795f8067c3a18a11acfb26546e, clickElement {id=f.E7A2E293D65925ED2EBA20776FBF69AE.d.A99752D46A6187E646494F6638D7CFDD.e.1094}]
Capabilities {acceptInsecureCerts: false, browserName: chrome, browserVersion: 131.0.6778.108, chrome: {chromedriverVersion: 131.0.6778.87 (ce31cae94873..., userDataDir: C:\WINDOWS\TEMP\scoped_dir1...}, fedcm:accounts: true, goog:chromeOptions: {debuggerAddress: localhost:61993}, networkConnectionEnabled: false, pageLoadStrategy: normal, platformName: windows, proxy: Proxy(), se:cdp: ws://localhost:61993/devtoo..., se:cdpVersion: 131.0.6778.108, setWindowRect: true, strictFileInteractability: false, timeouts: {implicit: 0, pageLoad: 300000, script: 30000}, unhandledPromptBehavior: dismiss and notify, webauthn:extension:credBlob: true, webauthn:extension:largeBlob: true, webauthn:extension:minPinLength: true, webauthn:extension:prf: true, webauthn:virtualAuthenticators: true}
Element: [[ChromeDriver: chrome on windows (ddb580795f8067c3a18a11acfb26546e)] -&amp;gt; xpath: //*[text()=&amp;quot;Submit&amp;quot;]]
Session ID: ddb580795f8067c3a18a11acfb26546e">
      <![CDATA[org.openqa.selenium.ElementClickInterceptedException: element click intercepted: Element <span _ngcontent-cge-c265="" class="ng-star-inserted">...</span> is not clickable at point (144, 167). Other element would receive the click: <div _ngcontent-cge-c271="" class="col-sm-2 header-user pe-0">...</div>
  (Session info: chrome=131.0.6778.108)
Build info: version: '4.21.0', revision: '79ed462ef4'
System info: os.name: 'Windows 11', os.arch: 'amd64', os.version: '10.0', java.version: '22.0.1'
Driver info: org.openqa.selenium.chrome.ChromeDriver
Command: [ddb580795f8067c3a18a11acfb26546e, clickElement {id=f.E7A2E293D65925ED2EBA20776FBF69AE.d.A99752D46A6187E646494F6638D7CFDD.e.1094}]
Capabilities {acceptInsecureCerts: false, browserName: chrome, browserVersion: 131.0.6778.108, chrome: {chromedriverVersion: 131.0.6778.87 (ce31cae94873..., userDataDir: C:\WINDOWS\TEMP\scoped_dir1...}, fedcm:accounts: true, goog:chromeOptions: {debuggerAddress: localhost:61993}, networkConnectionEnabled: false, pageLoadStrategy: normal, platformName: windows, proxy: Proxy(), se:cdp: ws://localhost:61993/devtoo..., se:cdpVersion: 131.0.6778.108, setWindowRect: true, strictFileInteractability: false, timeouts: {implicit: 0, pageLoad: 300000, script: 30000}, unhandledPromptBehavior: dismiss and notify, webauthn:extension:credBlob: true, webauthn:extension:largeBlob: true, webauthn:extension:minPinLength: true, webauthn:extension:prf: true, webauthn:virtualAuthenticators: true}
Element: [[ChromeDriver: chrome on windows (ddb580795f8067c3a18a11acfb26546e)] -> xpath: //*[text()="Submit"]]
Session ID: ddb580795f8067c3a18a11acfb26546e
at org.openqa.selenium.remote.ErrorCodec.decode(ErrorCodec.java:167)
at org.openqa.selenium.remote.codec.w3c.W3CHttpResponseCodec.decode(W3CHttpResponseCodec.java:138)
at org.openqa.selenium.remote.codec.w3c.W3CHttpResponseCodec.decode(W3CHttpResponseCodec.java:50)
at org.openqa.selenium.remote.HttpCommandExecutor.execute(HttpCommandExecutor.java:190)
at org.openqa.selenium.remote.service.DriverCommandExecutor.invokeExecute(DriverCommandExecutor.java:216)
at org.openqa.selenium.remote.service.DriverCommandExecutor.execute(DriverCommandExecutor.java:174)
at org.openqa.selenium.remote.RemoteWebDriver.execute(RemoteWebDriver.java:518)
at org.openqa.selenium.remote.RemoteWebElement.execute(RemoteWebElement.java:223)
at org.openqa.selenium.remote.RemoteWebElement.click(RemoteWebElement.java:76)
at PSf_Static_Report_and_Call_Dispostion.Number_Busy_in_Complaint_Management.Click_On_Reshedule_Appointment(Number_Busy_in_Complaint_Management.java:109)
at java.base/java.util.ArrayList.forEach(ArrayList.java:1597)
... Removed 28 stack frames]]>
    </failure>
  </testcase> <!-- Click_On_Reshedule_Appointment -->
  <testcase classname="PSf_Static_Report_and_Call_Dispostion.LOGINs" name="Username" time="1.539"/>
  <testcase classname="PSf_Static_Report_and_Call_Dispostion.LOGINs" name="Password" time="1.468"/>
  <testcase classname="PSf_Static_Report_and_Call_Dispostion.LOGINs" name="Captcha" time="2.265"/>
  <testcase classname="PSf_Static_Report_and_Call_Dispostion.LOGINs" name="SUBMIT_Button" time="2.213"/>
  <testcase classname="PSf_Static_Report_and_Call_Dispostion.LOGINs" name="Click_On_PSF" time="24.859"/>
  <testcase classname="PSf_Static_Report_and_Call_Dispostion.LOGINs" name="Remove_PouP" time="0.695"/>
  <testcase classname="PSf_Static_Report_and_Call_Dispostion.checkPSF_NPS_data_In_dashboard" name="Click_On_Dashboard" time="0.568"/>
  <testcase classname="PSf_Static_Report_and_Call_Dispostion.checkPSF_NPS_data_In_dashboard" name="Click_On_NPS_Dashboard" time="16.136"/>
  <testcase classname="PSf_Static_Report_and_Call_Dispostion.checkPSF_NPS_data_In_dashboard" name="Data_Check_Of_NPS_Dashboard" time="23.377"/>
</testsuite> <!-- PSF -->
