<?xml version="1.0" encoding="UTF-8"?>
<!-- Generated by org.testng.reporters.JUnitReportReporter -->
<testsuite hostname="DESKTOP-7SBKKJ1" failures="1" tests="18" name="mergeSMR_North_Zone.Service_Due_Analysis_Report" time="181.576" errors="0" timestamp="2024-12-12T18:20:38 IST" skipped="0">
  <testcase classname="mergeSMR_North_Zone.Service_Due_Analysis_Report" name="Click_On_Report" time="10.157"/>
  <system-out/>
  <testcase classname="mergeSMR_North_Zone.Service_Due_Analysis_Report" name="Click_On_Service_Due_Analysis_REPORT" time="7.304"/>
  <system-out/>
  <testcase classname="mergeSMR_North_Zone.Service_Due_Analysis_Report" name="Select_Parameter_VehicleChannel_SMRE_PERFORMANCE_REPORT" time="6.326"/>
  <system-out/>
  <testcase classname="mergeSMR_North_Zone.Service_Due_Analysis_Report" name="Select_Parameter_DelaerChannel_SMRE_PERFORMANCE_REPORT" time="6.274"/>
  <system-out/>
  <testcase classname="mergeSMR_North_Zone.Service_Due_Analysis_Report" name="Select_Parameter_ZONE_SMRE_PERFORMANCE_REPORT" time="6.309"/>
  <system-out/>
  <testcase classname="mergeSMR_North_Zone.Service_Due_Analysis_Report" name="Select_Parameter_REGION_SMRE_PERFORMANCE_REPORT" time="6.419"/>
  <system-out/>
  <testcase classname="mergeSMR_North_Zone.Service_Due_Analysis_Report" name="Select_Parameter_DEALER_NAME_SMRE_PERFORMANCE_REPORT" time="6.586"/>
  <system-out/>
  <testcase classname="mergeSMR_North_Zone.Service_Due_Analysis_Report" name="Select_Parameter_WORKSHOP_NAME_SMRE_PERFORMANCE_REPORT" time="6.492"/>
  <system-out/>
  <testcase classname="mergeSMR_North_Zone.Service_Due_Analysis_Report" name="Select_Parameter_REPORT_TYPE_SMRE_PERFORMANCE_REPORT" time="6.366"/>
  <system-out/>
  <testcase classname="mergeSMR_North_Zone.Service_Due_Analysis_Report" name="Select_Parameter_SERVICE_TYPE_SMRE_PERFORMANCE_REPORT" time="6.382"/>
  <system-out/>
  <testcase classname="mergeSMR_North_Zone.Service_Due_Analysis_Report" name="Select_Date_Range_ServiceDueAnalysis_REPORT" time="28.736"/>
  <system-out/>
  <testcase classname="mergeSMR_North_Zone.Service_Due_Analysis_Report" name="Data_Verification_ZoneAndRegionWise" time="0.048"/>
  <system-out/>
  <testcase classname="mergeSMR_North_Zone.Service_Due_Analysis_Report" name="ClickOn_Edit_And_Select_ReportType_WorkshopWise" time="8.813"/>
  <system-out/>
  <testcase classname="mergeSMR_North_Zone.Service_Due_Analysis_Report" name="Generate_WorkshopWise_Report" time="25.218"/>
  <system-out/>
  <testcase classname="mergeSMR_North_Zone.Service_Due_Analysis_Report" name="Data_Verification_WorkshopWise" time="0.021"/>
  <system-out/>
  <testcase classname="mergeSMR_North_Zone.Service_Due_Analysis_Report" name="ClickOn_Edit_And_Select_ReportType_SMREWise" time="8.863"/>
  <system-out/>
  <testcase classname="mergeSMR_North_Zone.Service_Due_Analysis_Report" name="Generate_SMREWise_Report" time="25.231"/>
  <system-out/>
  <testcase classname="mergeSMR_North_Zone.Service_Due_Analysis_Report" name="Data_Verification_SMREWise" time="16.031">
    <failure message="The report does not contain any data. No data validation can be done expected [true] but found [false]" type="java.lang.AssertionError">
      <![CDATA[java.lang.AssertionError: The report does not contain any data. No data validation can be done expected [true] but found [false]
at org.testng.Assert.fail(Assert.java:99)
at org.testng.Assert.failNotEquals(Assert.java:1037)
at org.testng.Assert.assertTrue(Assert.java:45)
at mergeSMR_North_Zone.Service_Due_Analysis_Report.Data_Verification_SMREWise(Service_Due_Analysis_Report.java:353)
at java.base/jdk.internal.reflect.DirectMethodHandleAccessor.invoke(DirectMethodHandleAccessor.java:103)
at java.base/java.lang.reflect.Method.invoke(Method.java:580)
at org.testng.internal.MethodInvocationHelper.invokeMethod(MethodInvocationHelper.java:133)
at org.testng.internal.TestInvoker.invokeMethod(TestInvoker.java:598)
at org.testng.internal.TestInvoker.invokeTestMethod(TestInvoker.java:173)
at org.testng.internal.MethodRunner.runInSequence(MethodRunner.java:46)
at org.testng.internal.TestInvoker$MethodInvocationAgent.invoke(TestInvoker.java:824)
at org.testng.internal.TestInvoker.invokeTestMethods(TestInvoker.java:146)
at org.testng.internal.TestMethodWorker.invokeTestMethods(TestMethodWorker.java:146)
at org.testng.internal.TestMethodWorker.run(TestMethodWorker.java:128)
at java.base/java.util.ArrayList.forEach(ArrayList.java:1597)
at org.testng.TestRunner.privateRun(TestRunner.java:794)
at org.testng.TestRunner.run(TestRunner.java:596)
at org.testng.SuiteRunner.runTest(SuiteRunner.java:377)
at org.testng.SuiteRunner.runSequentially(SuiteRunner.java:371)
at org.testng.SuiteRunner.privateRun(SuiteRunner.java:332)
at org.testng.SuiteRunner.run(SuiteRunner.java:276)
at org.testng.SuiteRunnerWorker.runSuite(SuiteRunnerWorker.java:53)
at org.testng.SuiteRunnerWorker.run(SuiteRunnerWorker.java:96)
at org.testng.TestNG.runSuitesSequentially(TestNG.java:1212)
at org.testng.TestNG.runSuitesLocally(TestNG.java:1134)
at org.testng.TestNG.runSuites(TestNG.java:1063)
at org.testng.TestNG.run(TestNG.java:1031)
at org.testng.remote.AbstractRemoteTestNG.run(AbstractRemoteTestNG.java:115)
at org.testng.remote.RemoteTestNG.initAndRun(RemoteTestNG.java:293)
at org.testng.remote.RemoteTestNG.main(RemoteTestNG.java:91)
]]>
    </failure>
  </testcase> <!-- Data_Verification_SMREWise -->
  <system-out/>
</testsuite> <!-- mergeSMR_North_Zone.Service_Due_Analysis_Report -->
