<?xml version="1.0" encoding="UTF-8"?>
<!-- Generated by org.testng.reporters.JUnitReportReporter -->
<testsuite hostname="DESKTOP-7SBKKJ1" failures="1" tests="9" name="PSf_Static_Report_and_Call_Dispostion.check_NPS_dat_In_dashboard" time="107.393" errors="0" timestamp="2024-11-27T16:04:28 IST" skipped="0">
  <testcase classname="PSf_Static_Report_and_Call_Dispostion.check_NPS_dat_In_dashboard" name="Username" time="1.313"/>
  <system-out/>
  <testcase classname="PSf_Static_Report_and_Call_Dispostion.check_NPS_dat_In_dashboard" name="Password" time="1.494"/>
  <system-out/>
  <testcase classname="PSf_Static_Report_and_Call_Dispostion.check_NPS_dat_In_dashboard" name="Captcha" time="2.247"/>
  <system-out/>
  <testcase classname="PSf_Static_Report_and_Call_Dispostion.check_NPS_dat_In_dashboard" name="SUBMIT_Button" time="2.223"/>
  <system-out/>
  <testcase classname="PSf_Static_Report_and_Call_Dispostion.check_NPS_dat_In_dashboard" name="Click_On_PSF" time="43.291"/>
  <system-out/>
  <testcase classname="PSf_Static_Report_and_Call_Dispostion.check_NPS_dat_In_dashboard" name="Remove_PouP" time="0.682"/>
  <system-out/>
  <testcase classname="PSf_Static_Report_and_Call_Dispostion.check_NPS_dat_In_dashboard" name="Click_On_Dashboard" time="0.593"/>
  <system-out/>
  <testcase classname="PSf_Static_Report_and_Call_Dispostion.check_NPS_dat_In_dashboard" name="Click_On_NPS_Dashboard" time="16.166"/>
  <system-out/>
  <testcase classname="PSf_Static_Report_and_Call_Dispostion.check_NPS_dat_In_dashboard" name="Data_Check_Of_NPS_Dashboard" time="39.384">
    <failure message="NPS Dashboard does not contain any data." type="java.lang.AssertionError">
      <![CDATA[java.lang.AssertionError: NPS Dashboard does not contain any data.
at org.testng.Assert.fail(Assert.java:99)
at PSf_Static_Report_and_Call_Dispostion.check_NPS_dat_In_dashboard.verifyReportData(check_NPS_dat_In_dashboard.java:143)
at PSf_Static_Report_and_Call_Dispostion.check_NPS_dat_In_dashboard.Data_Check_Of_NPS_Dashboard(check_NPS_dat_In_dashboard.java:68)
at java.base/jdk.internal.reflect.DirectMethodHandleAccessor.invoke(DirectMethodHandleAccessor.java:103)
at java.base/java.lang.reflect.Method.invoke(Method.java:580)
at org.testng.internal.MethodInvocationHelper.invokeMethod(MethodInvocationHelper.java:133)
at org.testng.internal.TestInvoker.invokeMethod(TestInvoker.java:598)
at org.testng.internal.TestInvoker.invokeTestMethod(TestInvoker.java:173)
at org.testng.internal.MethodRunner.runInSequence(MethodRunner.java:46)
at org.testng.internal.TestInvoker$MethodInvocationAgent.invoke(TestInvoker.java:824)
at org.testng.internal.TestInvoker.invokeTestMethods(TestInvoker.java:146)
at org.testng.internal.TestMethodWorker.invokeTestMethods(TestMethodWorker.java:146)
at org.testng.internal.TestMethodWorker.run(TestMethodWorker.java:128)
at java.base/java.util.ArrayList.forEach(ArrayList.java:1597)
at org.testng.TestRunner.privateRun(TestRunner.java:794)
at org.testng.TestRunner.run(TestRunner.java:596)
at org.testng.SuiteRunner.runTest(SuiteRunner.java:377)
at org.testng.SuiteRunner.runSequentially(SuiteRunner.java:371)
at org.testng.SuiteRunner.privateRun(SuiteRunner.java:332)
at org.testng.SuiteRunner.run(SuiteRunner.java:276)
at org.testng.SuiteRunnerWorker.runSuite(SuiteRunnerWorker.java:53)
at org.testng.SuiteRunnerWorker.run(SuiteRunnerWorker.java:96)
at org.testng.TestNG.runSuitesSequentially(TestNG.java:1212)
at org.testng.TestNG.runSuitesLocally(TestNG.java:1134)
at org.testng.TestNG.runSuites(TestNG.java:1063)
at org.testng.TestNG.run(TestNG.java:1031)
at org.testng.remote.AbstractRemoteTestNG.run(AbstractRemoteTestNG.java:115)
at org.testng.remote.RemoteTestNG.initAndRun(RemoteTestNG.java:293)
at org.testng.remote.RemoteTestNG.main(RemoteTestNG.java:91)
]]>
    </failure>
  </testcase> <!-- Data_Check_Of_NPS_Dashboard -->
  <system-out/>
</testsuite> <!-- PSf_Static_Report_and_Call_Dispostion.check_NPS_dat_In_dashboard -->
