<?xml version="1.0" encoding="UTF-8"?>
<!-- Generated by org.testng.reporters.JUnitReportReporter -->
<testsuite hostname="DESKTOP-7SBKKJ1" failures="0" tests="9" name="PSf_Static_Report_and_Call_Dispostion.Number_Busy_in_Complaint_Management" time="59.789" errors="1" timestamp="2024-12-05T14:26:19 IST" skipped="0">
  <testcase classname="PSf_Static_Report_and_Call_Dispostion.Number_Busy_in_Complaint_Management" name="Username" time="1.380"/>
  <system-out/>
  <testcase classname="PSf_Static_Report_and_Call_Dispostion.Number_Busy_in_Complaint_Management" name="Password" time="1.379"/>
  <system-out/>
  <testcase classname="PSf_Static_Report_and_Call_Dispostion.Number_Busy_in_Complaint_Management" name="Captcha" time="2.202"/>
  <system-out/>
  <testcase classname="PSf_Static_Report_and_Call_Dispostion.Number_Busy_in_Complaint_Management" name="SUBMIT_Button" time="2.206"/>
  <system-out/>
  <testcase classname="PSf_Static_Report_and_Call_Dispostion.Number_Busy_in_Complaint_Management" name="Click_On_PSF" time="24.032"/>
  <system-out/>
  <testcase classname="PSf_Static_Report_and_Call_Dispostion.Number_Busy_in_Complaint_Management" name="Remove_PouP" time="0.652"/>
  <system-out/>
  <testcase classname="PSf_Static_Report_and_Call_Dispostion.Number_Busy_in_Complaint_Management" name="Click_On_The_Complaint_Management" time="3.093"/>
  <system-out/>
  <testcase classname="PSf_Static_Report_and_Call_Dispostion.Number_Busy_in_Complaint_Management" name="Click_On_In_Progress_Complaints" time="6.266"/>
  <system-out/>
  <testcase classname="PSf_Static_Report_and_Call_Dispostion.Number_Busy_in_Complaint_Management" name="Click_On_Reshedule_Appointment" time="18.579">
    <error message="element click intercepted: Element &lt;span _ngcontent-cge-c265=&quot;&quot; class=&quot;ng-star-inserted&quot;&gt;...&lt;/span&gt; is not clickable at point (144, 167). Other element would receive the click: &lt;div _ngcontent-cge-c271=&quot;&quot; class=&quot;col-sm-2 header-user pe-0&quot;&gt;...&lt;/div&gt;
  (Session info: chrome=131.0.6778.108)
Build info: version: &#039;4.21.0&#039;, revision: &#039;79ed462ef4&#039;
System info: os.name: &#039;Windows 11&#039;, os.arch: &#039;amd64&#039;, os.version: &#039;10.0&#039;, java.version: &#039;22.0.1&#039;
Driver info: org.openqa.selenium.chrome.ChromeDriver
Command: [ddb580795f8067c3a18a11acfb26546e, clickElement {id=f.E7A2E293D65925ED2EBA20776FBF69AE.d.A99752D46A6187E646494F6638D7CFDD.e.1094}]
Capabilities {acceptInsecureCerts: false, browserName: chrome, browserVersion: 131.0.6778.108, chrome: {chromedriverVersion: 131.0.6778.87 (ce31cae94873..., userDataDir: C:\WINDOWS\TEMP\scoped_dir1...}, fedcm:accounts: true, goog:chromeOptions: {debuggerAddress: localhost:61993}, networkConnectionEnabled: false, pageLoadStrategy: normal, platformName: windows, proxy: Proxy(), se:cdp: ws://localhost:61993/devtoo..., se:cdpVersion: 131.0.6778.108, setWindowRect: true, strictFileInteractability: false, timeouts: {implicit: 0, pageLoad: 300000, script: 30000}, unhandledPromptBehavior: dismiss and notify, webauthn:extension:credBlob: true, webauthn:extension:largeBlob: true, webauthn:extension:minPinLength: true, webauthn:extension:prf: true, webauthn:virtualAuthenticators: true}
Element: [[ChromeDriver: chrome on windows (ddb580795f8067c3a18a11acfb26546e)] -&gt; xpath: //*[text()=&quot;Submit&quot;]]
Session ID: ddb580795f8067c3a18a11acfb26546e" type="org.openqa.selenium.ElementClickInterceptedException">
      <![CDATA[org.openqa.selenium.ElementClickInterceptedException: element click intercepted: Element <span _ngcontent-cge-c265="" class="ng-star-inserted">...</span> is not clickable at point (144, 167). Other element would receive the click: <div _ngcontent-cge-c271="" class="col-sm-2 header-user pe-0">...</div>
  (Session info: chrome=131.0.6778.108)
Build info: version: '4.21.0', revision: '79ed462ef4'
System info: os.name: 'Windows 11', os.arch: 'amd64', os.version: '10.0', java.version: '22.0.1'
Driver info: org.openqa.selenium.chrome.ChromeDriver
Command: [ddb580795f8067c3a18a11acfb26546e, clickElement {id=f.E7A2E293D65925ED2EBA20776FBF69AE.d.A99752D46A6187E646494F6638D7CFDD.e.1094}]
Capabilities {acceptInsecureCerts: false, browserName: chrome, browserVersion: 131.0.6778.108, chrome: {chromedriverVersion: 131.0.6778.87 (ce31cae94873..., userDataDir: C:\WINDOWS\TEMP\scoped_dir1...}, fedcm:accounts: true, goog:chromeOptions: {debuggerAddress: localhost:61993}, networkConnectionEnabled: false, pageLoadStrategy: normal, platformName: windows, proxy: Proxy(), se:cdp: ws://localhost:61993/devtoo..., se:cdpVersion: 131.0.6778.108, setWindowRect: true, strictFileInteractability: false, timeouts: {implicit: 0, pageLoad: 300000, script: 30000}, unhandledPromptBehavior: dismiss and notify, webauthn:extension:credBlob: true, webauthn:extension:largeBlob: true, webauthn:extension:minPinLength: true, webauthn:extension:prf: true, webauthn:virtualAuthenticators: true}
Element: [[ChromeDriver: chrome on windows (ddb580795f8067c3a18a11acfb26546e)] -> xpath: //*[text()="Submit"]]
Session ID: ddb580795f8067c3a18a11acfb26546e
at java.base/jdk.internal.reflect.DirectConstructorHandleAccessor.newInstance(DirectConstructorHandleAccessor.java:62)
at java.base/java.lang.reflect.Constructor.newInstanceWithCaller(Constructor.java:502)
at java.base/java.lang.reflect.Constructor.newInstance(Constructor.java:486)
at org.openqa.selenium.remote.ErrorCodec.decode(ErrorCodec.java:167)
at org.openqa.selenium.remote.codec.w3c.W3CHttpResponseCodec.decode(W3CHttpResponseCodec.java:138)
at org.openqa.selenium.remote.codec.w3c.W3CHttpResponseCodec.decode(W3CHttpResponseCodec.java:50)
at org.openqa.selenium.remote.HttpCommandExecutor.execute(HttpCommandExecutor.java:190)
at org.openqa.selenium.remote.service.DriverCommandExecutor.invokeExecute(DriverCommandExecutor.java:216)
at org.openqa.selenium.remote.service.DriverCommandExecutor.execute(DriverCommandExecutor.java:174)
at org.openqa.selenium.remote.RemoteWebDriver.execute(RemoteWebDriver.java:518)
at org.openqa.selenium.remote.RemoteWebElement.execute(RemoteWebElement.java:223)
at org.openqa.selenium.remote.RemoteWebElement.click(RemoteWebElement.java:76)
at PSf_Static_Report_and_Call_Dispostion.Number_Busy_in_Complaint_Management.Click_On_Reshedule_Appointment(Number_Busy_in_Complaint_Management.java:109)
at java.base/jdk.internal.reflect.DirectMethodHandleAccessor.invoke(DirectMethodHandleAccessor.java:103)
at java.base/java.lang.reflect.Method.invoke(Method.java:580)
at org.testng.internal.MethodInvocationHelper.invokeMethod(MethodInvocationHelper.java:133)
at org.testng.internal.TestInvoker.invokeMethod(TestInvoker.java:598)
at org.testng.internal.TestInvoker.invokeTestMethod(TestInvoker.java:173)
at org.testng.internal.MethodRunner.runInSequence(MethodRunner.java:46)
at org.testng.internal.TestInvoker$MethodInvocationAgent.invoke(TestInvoker.java:824)
at org.testng.internal.TestInvoker.invokeTestMethods(TestInvoker.java:146)
at org.testng.internal.TestMethodWorker.invokeTestMethods(TestMethodWorker.java:146)
at org.testng.internal.TestMethodWorker.run(TestMethodWorker.java:128)
at java.base/java.util.ArrayList.forEach(ArrayList.java:1597)
at org.testng.TestRunner.privateRun(TestRunner.java:794)
at org.testng.TestRunner.run(TestRunner.java:596)
at org.testng.SuiteRunner.runTest(SuiteRunner.java:377)
at org.testng.SuiteRunner.runSequentially(SuiteRunner.java:371)
at org.testng.SuiteRunner.privateRun(SuiteRunner.java:332)
at org.testng.SuiteRunner.run(SuiteRunner.java:276)
at org.testng.SuiteRunnerWorker.runSuite(SuiteRunnerWorker.java:53)
at org.testng.SuiteRunnerWorker.run(SuiteRunnerWorker.java:96)
at org.testng.TestNG.runSuitesSequentially(TestNG.java:1212)
at org.testng.TestNG.runSuitesLocally(TestNG.java:1134)
at org.testng.TestNG.runSuites(TestNG.java:1063)
at org.testng.TestNG.run(TestNG.java:1031)
at org.testng.remote.AbstractRemoteTestNG.run(AbstractRemoteTestNG.java:115)
at org.testng.remote.RemoteTestNG.initAndRun(RemoteTestNG.java:293)
at org.testng.remote.RemoteTestNG.main(RemoteTestNG.java:91)
]]>
    </error>
  </testcase> <!-- Click_On_Reshedule_Appointment -->
  <system-out/>
</testsuite> <!-- PSf_Static_Report_and_Call_Dispostion.Number_Busy_in_Complaint_Management -->
