<?xml version="1.0" encoding="UTF-8"?>
<!-- Generated by org.testng.reporters.JUnitReportReporter -->
<testsuite hostname="DESKTOP-7SBKKJ1" failures="0" tests="9" name="PSf_Static_Report_and_Call_Dispostion.Call_Me_Later_In_Complaint_Mangement" time="75.118" errors="1" timestamp="2024-12-05T14:26:19 IST" skipped="0">
  <testcase classname="PSf_Static_Report_and_Call_Dispostion.Call_Me_Later_In_Complaint_Mangement" name="Username" time="1.440"/>
  <system-out/>
  <testcase classname="PSf_Static_Report_and_Call_Dispostion.Call_Me_Later_In_Complaint_Mangement" name="Password" time="1.405"/>
  <system-out/>
  <testcase classname="PSf_Static_Report_and_Call_Dispostion.Call_Me_Later_In_Complaint_Mangement" name="Captcha" time="2.231"/>
  <system-out/>
  <testcase classname="PSf_Static_Report_and_Call_Dispostion.Call_Me_Later_In_Complaint_Mangement" name="SUBMIT_Button" time="2.239"/>
  <system-out/>
  <testcase classname="PSf_Static_Report_and_Call_Dispostion.Call_Me_Later_In_Complaint_Mangement" name="Click_On_PSF" time="44.745"/>
  <system-out/>
  <testcase classname="PSf_Static_Report_and_Call_Dispostion.Call_Me_Later_In_Complaint_Mangement" name="Remove_PouP" time="0.708"/>
  <system-out/>
  <testcase classname="PSf_Static_Report_and_Call_Dispostion.Call_Me_Later_In_Complaint_Mangement" name="Click_On_The_Complaint_Management" time="3.097"/>
  <system-out/>
  <testcase classname="PSf_Static_Report_and_Call_Dispostion.Call_Me_Later_In_Complaint_Mangement" name="Click_On_In_Progress_Complaints" time="6.221"/>
  <system-out/>
  <testcase classname="PSf_Static_Report_and_Call_Dispostion.Call_Me_Later_In_Complaint_Mangement" name="Click_On_Reshedule_Appointment" time="13.032">
    <error message="element click intercepted: Element &lt;button mat-icon-button=&quot;&quot; type=&quot;button&quot; class=&quot;mat-focus-indicator mat-icon-button mat-button-base&quot; aria-haspopup=&quot;dialog&quot; aria-label=&quot;Open calendar&quot; tabindex=&quot;0&quot;&gt;...&lt;/button&gt; is not clickable at point (343, 159). Other element would receive the click: &lt;div _ngcontent-via-c271=&quot;&quot; class=&quot;col-sm-4 address-section&quot;&gt;...&lt;/div&gt;
  (Session info: chrome=131.0.6778.108)
Build info: version: &#039;4.21.0&#039;, revision: &#039;79ed462ef4&#039;
System info: os.name: &#039;Windows 11&#039;, os.arch: &#039;amd64&#039;, os.version: &#039;10.0&#039;, java.version: &#039;22.0.1&#039;
Driver info: org.openqa.selenium.chrome.ChromeDriver
Command: [9d793f8e9b6f5b1e48627b66d2bba62c, clickElement {id=f.98E5A2429AECFD79E3AD93052F15056F.d.EEB5FFA643CFF50BE391C87CAA67D1CD.e.1045}]
Capabilities {acceptInsecureCerts: false, browserName: chrome, browserVersion: 131.0.6778.108, chrome: {chromedriverVersion: 131.0.6778.87 (ce31cae94873..., userDataDir: C:\WINDOWS\TEMP\scoped_dir2...}, fedcm:accounts: true, goog:chromeOptions: {debuggerAddress: localhost:61917}, networkConnectionEnabled: false, pageLoadStrategy: normal, platformName: windows, proxy: Proxy(), se:cdp: ws://localhost:61917/devtoo..., se:cdpVersion: 131.0.6778.108, setWindowRect: true, strictFileInteractability: false, timeouts: {implicit: 0, pageLoad: 300000, script: 30000}, unhandledPromptBehavior: dismiss and notify, webauthn:extension:credBlob: true, webauthn:extension:largeBlob: true, webauthn:extension:minPinLength: true, webauthn:extension:prf: true, webauthn:virtualAuthenticators: true}
Element: [[ChromeDriver: chrome on windows (9d793f8e9b6f5b1e48627b66d2bba62c)] -&gt; xpath: //*[@aria-label=&quot;Open calendar&quot;]]
Session ID: 9d793f8e9b6f5b1e48627b66d2bba62c" type="org.openqa.selenium.ElementClickInterceptedException">
      <![CDATA[org.openqa.selenium.ElementClickInterceptedException: element click intercepted: Element <button mat-icon-button="" type="button" class="mat-focus-indicator mat-icon-button mat-button-base" aria-haspopup="dialog" aria-label="Open calendar" tabindex="0">...</button> is not clickable at point (343, 159). Other element would receive the click: <div _ngcontent-via-c271="" class="col-sm-4 address-section">...</div>
  (Session info: chrome=131.0.6778.108)
Build info: version: '4.21.0', revision: '79ed462ef4'
System info: os.name: 'Windows 11', os.arch: 'amd64', os.version: '10.0', java.version: '22.0.1'
Driver info: org.openqa.selenium.chrome.ChromeDriver
Command: [9d793f8e9b6f5b1e48627b66d2bba62c, clickElement {id=f.98E5A2429AECFD79E3AD93052F15056F.d.EEB5FFA643CFF50BE391C87CAA67D1CD.e.1045}]
Capabilities {acceptInsecureCerts: false, browserName: chrome, browserVersion: 131.0.6778.108, chrome: {chromedriverVersion: 131.0.6778.87 (ce31cae94873..., userDataDir: C:\WINDOWS\TEMP\scoped_dir2...}, fedcm:accounts: true, goog:chromeOptions: {debuggerAddress: localhost:61917}, networkConnectionEnabled: false, pageLoadStrategy: normal, platformName: windows, proxy: Proxy(), se:cdp: ws://localhost:61917/devtoo..., se:cdpVersion: 131.0.6778.108, setWindowRect: true, strictFileInteractability: false, timeouts: {implicit: 0, pageLoad: 300000, script: 30000}, unhandledPromptBehavior: dismiss and notify, webauthn:extension:credBlob: true, webauthn:extension:largeBlob: true, webauthn:extension:minPinLength: true, webauthn:extension:prf: true, webauthn:virtualAuthenticators: true}
Element: [[ChromeDriver: chrome on windows (9d793f8e9b6f5b1e48627b66d2bba62c)] -> xpath: //*[@aria-label="Open calendar"]]
Session ID: 9d793f8e9b6f5b1e48627b66d2bba62c
at java.base/jdk.internal.reflect.DirectConstructorHandleAccessor.newInstance(DirectConstructorHandleAccessor.java:62)
at java.base/java.lang.reflect.Constructor.newInstanceWithCaller(Constructor.java:502)
at java.base/java.lang.reflect.Constructor.newInstance(Constructor.java:486)
at org.openqa.selenium.remote.ErrorCodec.decode(ErrorCodec.java:167)
at org.openqa.selenium.remote.codec.w3c.W3CHttpResponseCodec.decode(W3CHttpResponseCodec.java:138)
at org.openqa.selenium.remote.codec.w3c.W3CHttpResponseCodec.decode(W3CHttpResponseCodec.java:50)
at org.openqa.selenium.remote.HttpCommandExecutor.execute(HttpCommandExecutor.java:190)
at org.openqa.selenium.remote.service.DriverCommandExecutor.invokeExecute(DriverCommandExecutor.java:216)
at org.openqa.selenium.remote.service.DriverCommandExecutor.execute(DriverCommandExecutor.java:174)
at org.openqa.selenium.remote.RemoteWebDriver.execute(RemoteWebDriver.java:518)
at org.openqa.selenium.remote.RemoteWebElement.execute(RemoteWebElement.java:223)
at org.openqa.selenium.remote.RemoteWebElement.click(RemoteWebElement.java:76)
at PSf_Static_Report_and_Call_Dispostion.Call_Me_Later_In_Complaint_Mangement.Click_On_Reshedule_Appointment(Call_Me_Later_In_Complaint_Mangement.java:88)
at java.base/jdk.internal.reflect.DirectMethodHandleAccessor.invoke(DirectMethodHandleAccessor.java:103)
at java.base/java.lang.reflect.Method.invoke(Method.java:580)
at org.testng.internal.MethodInvocationHelper.invokeMethod(MethodInvocationHelper.java:133)
at org.testng.internal.TestInvoker.invokeMethod(TestInvoker.java:598)
at org.testng.internal.TestInvoker.invokeTestMethod(TestInvoker.java:173)
at org.testng.internal.MethodRunner.runInSequence(MethodRunner.java:46)
at org.testng.internal.TestInvoker$MethodInvocationAgent.invoke(TestInvoker.java:824)
at org.testng.internal.TestInvoker.invokeTestMethods(TestInvoker.java:146)
at org.testng.internal.TestMethodWorker.invokeTestMethods(TestMethodWorker.java:146)
at org.testng.internal.TestMethodWorker.run(TestMethodWorker.java:128)
at java.base/java.util.ArrayList.forEach(ArrayList.java:1597)
at org.testng.TestRunner.privateRun(TestRunner.java:794)
at org.testng.TestRunner.run(TestRunner.java:596)
at org.testng.SuiteRunner.runTest(SuiteRunner.java:377)
at org.testng.SuiteRunner.runSequentially(SuiteRunner.java:371)
at org.testng.SuiteRunner.privateRun(SuiteRunner.java:332)
at org.testng.SuiteRunner.run(SuiteRunner.java:276)
at org.testng.SuiteRunnerWorker.runSuite(SuiteRunnerWorker.java:53)
at org.testng.SuiteRunnerWorker.run(SuiteRunnerWorker.java:96)
at org.testng.TestNG.runSuitesSequentially(TestNG.java:1212)
at org.testng.TestNG.runSuitesLocally(TestNG.java:1134)
at org.testng.TestNG.runSuites(TestNG.java:1063)
at org.testng.TestNG.run(TestNG.java:1031)
at org.testng.remote.AbstractRemoteTestNG.run(AbstractRemoteTestNG.java:115)
at org.testng.remote.RemoteTestNG.initAndRun(RemoteTestNG.java:293)
at org.testng.remote.RemoteTestNG.main(RemoteTestNG.java:91)
]]>
    </error>
  </testcase> <!-- Click_On_Reshedule_Appointment -->
  <system-out/>
</testsuite> <!-- PSf_Static_Report_and_Call_Dispostion.Call_Me_Later_In_Complaint_Mangement -->
