<?xml version="1.0" encoding="UTF-8"?>
<!-- Generated by org.testng.reporters.JUnitReportReporter -->
<testsuite hostname="DESKTOP-7SBKKJ1" failures="2" tests="13" name="USER_Admin_Reports.Smart_Eye_Overall_Performance" time="47.419" errors="0" timestamp="2024-12-11T18:24:34 IST" skipped="0">
  <testcase classname="USER_Admin_Reports.Smart_Eye_Overall_Performance" name="Username" time="0.589"/>
  <system-out/>
  <testcase classname="USER_Admin_Reports.Smart_Eye_Overall_Performance" name="Password" time="0.880"/>
  <system-out/>
  <testcase classname="USER_Admin_Reports.Smart_Eye_Overall_Performance" name="Captcha" time="0.720"/>
  <system-out/>
  <testcase classname="USER_Admin_Reports.Smart_Eye_Overall_Performance" name="SUBMIT_Button" time="0.197"/>
  <system-out/>
  <testcase classname="USER_Admin_Reports.Smart_Eye_Overall_Performance" name="Remove_PouP" time="0.686"/>
  <system-out/>
  <testcase classname="USER_Admin_Reports.Smart_Eye_Overall_Performance" name="Click_On_Reports" time="5.277"/>
  <system-out/>
  <testcase classname="USER_Admin_Reports.Smart_Eye_Overall_Performance" name="Click_On_Smart_Eye_Overall_Performance" time="0.109"/>
  <system-out/>
  <testcase classname="USER_Admin_Reports.Smart_Eye_Overall_Performance" name="Check_Data__Of_Zone_And_Region_Wise" time="21.419">
    <failure message="&#039;Zone And Region Wise&#039; does not contain any data." type="java.lang.AssertionError">
      <![CDATA[java.lang.AssertionError: 'Zone And Region Wise' does not contain any data.
at org.testng.Assert.fail(Assert.java:99)
at USER_Admin_Reports.Smart_Eye_Overall_Performance.checkDataPresence(Smart_Eye_Overall_Performance.java:428)
at USER_Admin_Reports.Smart_Eye_Overall_Performance.Check_Data__Of_Zone_And_Region_Wise(Smart_Eye_Overall_Performance.java:76)
at java.base/jdk.internal.reflect.DirectMethodHandleAccessor.invoke(DirectMethodHandleAccessor.java:103)
at java.base/java.lang.reflect.Method.invoke(Method.java:580)
at org.testng.internal.MethodInvocationHelper.invokeMethod(MethodInvocationHelper.java:133)
at org.testng.internal.TestInvoker.invokeMethod(TestInvoker.java:598)
at org.testng.internal.TestInvoker.invokeTestMethod(TestInvoker.java:173)
at org.testng.internal.MethodRunner.runInSequence(MethodRunner.java:46)
at org.testng.internal.TestInvoker$MethodInvocationAgent.invoke(TestInvoker.java:824)
at org.testng.internal.TestInvoker.invokeTestMethods(TestInvoker.java:146)
at org.testng.internal.TestMethodWorker.invokeTestMethods(TestMethodWorker.java:146)
at org.testng.internal.TestMethodWorker.run(TestMethodWorker.java:128)
at java.base/java.util.ArrayList.forEach(ArrayList.java:1597)
at org.testng.TestRunner.privateRun(TestRunner.java:794)
at org.testng.TestRunner.run(TestRunner.java:596)
at org.testng.SuiteRunner.runTest(SuiteRunner.java:377)
at org.testng.SuiteRunner.runSequentially(SuiteRunner.java:371)
at org.testng.SuiteRunner.privateRun(SuiteRunner.java:332)
at org.testng.SuiteRunner.run(SuiteRunner.java:276)
at org.testng.SuiteRunnerWorker.runSuite(SuiteRunnerWorker.java:53)
at org.testng.SuiteRunnerWorker.run(SuiteRunnerWorker.java:96)
at org.testng.TestNG.runSuitesSequentially(TestNG.java:1212)
at org.testng.TestNG.runSuitesLocally(TestNG.java:1134)
at org.testng.TestNG.runSuites(TestNG.java:1063)
at org.testng.TestNG.run(TestNG.java:1031)
at org.testng.remote.AbstractRemoteTestNG.run(AbstractRemoteTestNG.java:115)
at org.testng.remote.RemoteTestNG.initAndRun(RemoteTestNG.java:293)
at org.testng.remote.RemoteTestNG.main(RemoteTestNG.java:91)
]]>
    </failure>
  </testcase> <!-- Check_Data__Of_Zone_And_Region_Wise -->
  <system-out/>
  <testcase classname="USER_Admin_Reports.Smart_Eye_Overall_Performance" name="Check_Data__Of_Dealer_Parent_Group_Wise" time="4.125"/>
  <system-out/>
  <testcase classname="USER_Admin_Reports.Smart_Eye_Overall_Performance" name="Check_Data__Of_Workshop_Wise" time="4.026"/>
  <system-out/>
  <testcase classname="USER_Admin_Reports.Smart_Eye_Overall_Performance" name="Check_Data__Of_Day_Wise" time="4.205"/>
  <system-out/>
  <testcase classname="USER_Admin_Reports.Smart_Eye_Overall_Performance" name="Check_Data__Of_Service_Type_Wise" time="5.186"/>
  <system-out/>
  <testcase classname="USER_Admin_Reports.Smart_Eye_Overall_Performance" name="Comparison_Of_All_Tab_Text" time="0.000">
    <failure message="Assertion failed: Zone Region Texts do not match Workshop Wise Texts" type="java.lang.AssertionError">
      <![CDATA[java.lang.AssertionError: Assertion failed: Zone Region Texts do not match Workshop Wise Texts
at org.testng.Assert.fail(Assert.java:99)
at USER_Admin_Reports.Smart_Eye_Overall_Performance.Comparison_Of_All_Tab_Text(Smart_Eye_Overall_Performance.java:383)
at java.base/jdk.internal.reflect.DirectMethodHandleAccessor.invoke(DirectMethodHandleAccessor.java:103)
at java.base/java.lang.reflect.Method.invoke(Method.java:580)
at org.testng.internal.MethodInvocationHelper.invokeMethod(MethodInvocationHelper.java:133)
at org.testng.internal.TestInvoker.invokeMethod(TestInvoker.java:598)
at org.testng.internal.TestInvoker.invokeTestMethod(TestInvoker.java:173)
at org.testng.internal.MethodRunner.runInSequence(MethodRunner.java:46)
at org.testng.internal.TestInvoker$MethodInvocationAgent.invoke(TestInvoker.java:824)
at org.testng.internal.TestInvoker.invokeTestMethods(TestInvoker.java:146)
at org.testng.internal.TestMethodWorker.invokeTestMethods(TestMethodWorker.java:146)
at org.testng.internal.TestMethodWorker.run(TestMethodWorker.java:128)
at java.base/java.util.ArrayList.forEach(ArrayList.java:1597)
at org.testng.TestRunner.privateRun(TestRunner.java:794)
at org.testng.TestRunner.run(TestRunner.java:596)
at org.testng.SuiteRunner.runTest(SuiteRunner.java:377)
at org.testng.SuiteRunner.runSequentially(SuiteRunner.java:371)
at org.testng.SuiteRunner.privateRun(SuiteRunner.java:332)
at org.testng.SuiteRunner.run(SuiteRunner.java:276)
at org.testng.SuiteRunnerWorker.runSuite(SuiteRunnerWorker.java:53)
at org.testng.SuiteRunnerWorker.run(SuiteRunnerWorker.java:96)
at org.testng.TestNG.runSuitesSequentially(TestNG.java:1212)
at org.testng.TestNG.runSuitesLocally(TestNG.java:1134)
at org.testng.TestNG.runSuites(TestNG.java:1063)
at org.testng.TestNG.run(TestNG.java:1031)
at org.testng.remote.AbstractRemoteTestNG.run(AbstractRemoteTestNG.java:115)
at org.testng.remote.RemoteTestNG.initAndRun(RemoteTestNG.java:293)
at org.testng.remote.RemoteTestNG.main(RemoteTestNG.java:91)
]]>
    </failure>
  </testcase> <!-- Comparison_Of_All_Tab_Text -->
  <system-out/>
</testsuite> <!-- USER_Admin_Reports.Smart_Eye_Overall_Performance -->
