<?xml version="1.0" encoding="UTF-8"?>
<!-- Generated by org.testng.reporters.JUnitXMLReporter -->
<testsuite ignored="0" hostname="DESKTOP-7SBKKJ1" failures="10" tests="129" name="SMR_Admin" time="498.755" errors="0" timestamp="2024-12-11T18:24:33 IST">
  <testcase classname="USER_Admin_Reports.Login_Admin" name="Username" time="0.821"/>
  <testcase classname="USER_Admin_Reports.Login_Admin" name="Password" time="1.01"/>
  <testcase classname="USER_Admin_Reports.Login_Admin" name="Captcha" time="0.736"/>
  <testcase classname="USER_Admin_Reports.Login_Admin" name="SUBMIT_Button" time="0.251"/>
  <testcase classname="USER_Admin_Reports.Login_Admin" name="Remove_PouP" time="0.764"/>
  <testcase classname="USER_Admin_Reports.Auto_Dialer_report" name="Click_On_Reports" time="6.552"/>
  <testcase classname="USER_Admin_Reports.Auto_Dialer_report" name="Click_On_Auto_Dialer_Report" time="0.141"/>
  <testcase classname="USER_Admin_Reports.Auto_Dialer_report" name="Verify_Auto_Dialer_Report_Data" time="3.306"/>
  <testcase classname="USER_Admin_Reports.Login_Admin" name="Username" time="0.82"/>
  <testcase classname="USER_Admin_Reports.Login_Admin" name="Password" time="0.945"/>
  <testcase classname="USER_Admin_Reports.Login_Admin" name="Captcha" time="0.76"/>
  <testcase classname="USER_Admin_Reports.Login_Admin" name="SUBMIT_Button" time="0.221"/>
  <testcase classname="USER_Admin_Reports.Login_Admin" name="Remove_PouP" time="0.695"/>
  <testcase classname="USER_Admin_Reports.Data_Allocation_Report" name="Click_On_Reports" time="8.481"/>
  <testcase classname="USER_Admin_Reports.Data_Allocation_Report" name="Click_On_Data_Allocation_Reports" time="0.088"/>
  <testcase classname="USER_Admin_Reports.Data_Allocation_Report" name="Verify_Data_Allocation_Reports_Data" time="1.975"/>
  <testcase classname="USER_Admin_Reports.Login_Admin" name="Username" time="0.881"/>
  <testcase classname="USER_Admin_Reports.Login_Admin" name="Password" time="1.025"/>
  <testcase classname="USER_Admin_Reports.Login_Admin" name="Captcha" time="0.714"/>
  <testcase classname="USER_Admin_Reports.Login_Admin" name="SUBMIT_Button" time="0.162"/>
  <testcase classname="USER_Admin_Reports.Login_Admin" name="Remove_PouP" time="0.672"/>
  <testcase classname="USER_Admin_Reports.User_SMR_Bot_Status_reports" name="Click_On_Reports" time="3.762"/>
  <testcase classname="USER_Admin_Reports.User_SMR_Bot_Status_reports" name="Click_On_SMR_Bot_Status" time="0.093"/>
  <testcase classname="USER_Admin_Reports.User_SMR_Bot_Status_reports" name="Check_Data_Workshop_Wise" time="18.308">
    <failure type="java.lang.AssertionError" message="&amp;apos;Workshop Wise&amp;apos; Admin Reports does not contain any data it is  null.">
      <![CDATA[java.lang.AssertionError: 'Workshop Wise' Admin Reports does not contain any data it is  null.
at USER_Admin_Reports.User_SMR_Bot_Status_reports.checkDataPresence(User_SMR_Bot_Status_reports.java:332)
at USER_Admin_Reports.User_SMR_Bot_Status_reports.Check_Data_Workshop_Wise(User_SMR_Bot_Status_reports.java:74)
at java.base/java.util.ArrayList.forEach(ArrayList.java:1597)
... Removed 26 stack frames]]>
    </failure>
  </testcase> <!-- Check_Data_Workshop_Wise -->
  <testcase classname="USER_Admin_Reports.User_SMR_Bot_Status_reports" name="Check_Data_Day_Wise" time="17.55">
    <failure type="java.lang.AssertionError" message="&amp;apos;Data Day Wise&amp;apos; Admin Reports does not contain any data it is  null.">
      <![CDATA[java.lang.AssertionError: 'Data Day Wise' Admin Reports does not contain any data it is  null.
at USER_Admin_Reports.User_SMR_Bot_Status_reports.checkDataPresence(User_SMR_Bot_Status_reports.java:332)
at USER_Admin_Reports.User_SMR_Bot_Status_reports.Check_Data_Day_Wise(User_SMR_Bot_Status_reports.java:145)
at java.base/java.util.ArrayList.forEach(ArrayList.java:1597)
... Removed 26 stack frames]]>
    </failure>
  </testcase> <!-- Check_Data_Day_Wise -->
  <testcase classname="USER_Admin_Reports.User_SMR_Bot_Status_reports" name="Check_Service_Type_Wise" time="17.428">
    <failure type="java.lang.AssertionError" message="&amp;apos;Service Type Wise&amp;apos; Admin Reports does not contain any data it is  null.">
      <![CDATA[java.lang.AssertionError: 'Service Type Wise' Admin Reports does not contain any data it is  null.
at USER_Admin_Reports.User_SMR_Bot_Status_reports.checkDataPresence(User_SMR_Bot_Status_reports.java:332)
at USER_Admin_Reports.User_SMR_Bot_Status_reports.Check_Service_Type_Wise(User_SMR_Bot_Status_reports.java:214)
at java.base/java.util.ArrayList.forEach(ArrayList.java:1597)
... Removed 26 stack frames]]>
    </failure>
  </testcase> <!-- Check_Service_Type_Wise -->
  <testcase classname="USER_Admin_Reports.User_SMR_Bot_Status_reports" name="Comparison_Of_All_Tab_Text" time="0.017">
    <failure type="java.lang.AssertionError" message="Test failed with the following issues:
Workshop Wise Texts is empty or null.
Day Wise Texts is empty or null.
Service Type Texts is empty or null.
">
      <![CDATA[java.lang.AssertionError: Test failed with the following issues:
Workshop Wise Texts is empty or null.
Day Wise Texts is empty or null.
Service Type Texts is empty or null.

at USER_Admin_Reports.User_SMR_Bot_Status_reports.Comparison_Of_All_Tab_Text(User_SMR_Bot_Status_reports.java:308)
at java.base/java.util.ArrayList.forEach(ArrayList.java:1597)
... Removed 26 stack frames]]>
    </failure>
  </testcase> <!-- Comparison_Of_All_Tab_Text -->
  <testcase classname="USER_Admin_Reports.Login_Admin" name="Username" time="0.703"/>
  <testcase classname="USER_Admin_Reports.Login_Admin" name="Password" time="0.766"/>
  <testcase classname="USER_Admin_Reports.Login_Admin" name="Captcha" time="0.703"/>
  <testcase classname="USER_Admin_Reports.Login_Admin" name="SUBMIT_Button" time="0.163"/>
  <testcase classname="USER_Admin_Reports.Login_Admin" name="Remove_PouP" time="0.664"/>
  <testcase classname="USER_Admin_Reports.UserListReports" name="Click_On_Reports" time="10.428"/>
  <testcase classname="USER_Admin_Reports.UserListReports" name="Click_On_User_List" time="0.135"/>
  <testcase classname="USER_Admin_Reports.UserListReports" name="Verify_userlist_Data" time="2.032"/>
  <testcase classname="USER_Admin_Reports.Login_Admin" name="Username" time="0.797"/>
  <testcase classname="USER_Admin_Reports.Login_Admin" name="Password" time="0.862"/>
  <testcase classname="USER_Admin_Reports.Login_Admin" name="Captcha" time="0.756"/>
  <testcase classname="USER_Admin_Reports.Login_Admin" name="SUBMIT_Button" time="0.201"/>
  <testcase classname="USER_Admin_Reports.Login_Admin" name="Remove_PouP" time="0.703"/>
  <testcase classname="USER_Admin_Reports.Dialer_Call_Analysis" name="Click_On_Reports" time="5.717"/>
  <testcase classname="USER_Admin_Reports.Dialer_Call_Analysis" name="Click_On_Dialer_Call_Analysis" time="0.131"/>
  <testcase classname="USER_Admin_Reports.Dialer_Call_Analysis" name="Verify_Dialer_Call_Analysis_Data" time="51.692">
    <failure type="java.lang.AssertionError" message="  Dialer Call Analysis  does not contain any data.">
      <![CDATA[java.lang.AssertionError:   Dialer Call Analysis  does not contain any data.
at USER_Admin_Reports.Dialer_Call_Analysis.verifyReportData(Dialer_Call_Analysis.java:123)
at USER_Admin_Reports.Dialer_Call_Analysis.Verify_Dialer_Call_Analysis_Data(Dialer_Call_Analysis.java:65)
at java.base/java.util.ArrayList.forEach(ArrayList.java:1597)
... Removed 26 stack frames]]>
    </failure>
  </testcase> <!-- Verify_Dialer_Call_Analysis_Data -->
  <testcase classname="USER_Admin_Reports.Login_Admin" name="Username" time="0.755"/>
  <testcase classname="USER_Admin_Reports.Login_Admin" name="Password" time="0.805"/>
  <testcase classname="USER_Admin_Reports.Login_Admin" name="Captcha" time="0.777"/>
  <testcase classname="USER_Admin_Reports.Login_Admin" name="SUBMIT_Button" time="0.303"/>
  <testcase classname="USER_Admin_Reports.Login_Admin" name="Remove_PouP" time="0.753"/>
  <testcase classname="USER_Admin_Reports.Marketing_campign" name="Click_On_Reports" time="4.658"/>
  <testcase classname="USER_Admin_Reports.Marketing_campign" name="Click_On_Marketing_Campign" time="0.126"/>
  <testcase classname="USER_Admin_Reports.Marketing_campign" name="Check_Data__Of_Dealer_parent_Group_Wise" time="51.451">
    <failure type="java.lang.AssertionError" message="&amp;apos;Dealer parent Group Wise&amp;apos; does not contain any data.">
      <![CDATA[java.lang.AssertionError: 'Dealer parent Group Wise' does not contain any data.
at USER_Admin_Reports.Marketing_campign.checkDataPresence(Marketing_campign.java:365)
at USER_Admin_Reports.Marketing_campign.Check_Data__Of_Dealer_parent_Group_Wise(Marketing_campign.java:90)
at java.base/java.util.ArrayList.forEach(ArrayList.java:1597)
... Removed 26 stack frames]]>
    </failure>
  </testcase> <!-- Check_Data__Of_Dealer_parent_Group_Wise -->
  <testcase classname="USER_Admin_Reports.Marketing_campign" name="Check_Data__Of_Zone_And_Region_Wise" time="7.511"/>
  <testcase classname="USER_Admin_Reports.Marketing_campign" name="Check_Data__Of_Workshop_Wise" time="49.486">
    <failure type="java.lang.AssertionError" message="&amp;apos;Workshop Wise&amp;apos; does not contain any data.">
      <![CDATA[java.lang.AssertionError: 'Workshop Wise' does not contain any data.
at USER_Admin_Reports.Marketing_campign.checkDataPresence(Marketing_campign.java:365)
at USER_Admin_Reports.Marketing_campign.Check_Data__Of_Workshop_Wise(Marketing_campign.java:210)
at java.base/java.util.ArrayList.forEach(ArrayList.java:1597)
... Removed 26 stack frames]]>
    </failure>
  </testcase> <!-- Check_Data__Of_Workshop_Wise -->
  <testcase classname="USER_Admin_Reports.Marketing_campign" name="Check_Data__Of_Day_Wise" time="7.657"/>
  <testcase classname="USER_Admin_Reports.Marketing_campign" name="Comparison_Of_All_Tab_Text" time="0.001">
    <failure type="java.lang.AssertionError" message="Assertion failed: Zone Region Texts do not match Workshop Wise Texts!">
      <![CDATA[java.lang.AssertionError: Assertion failed: Zone Region Texts do not match Workshop Wise Texts!
at USER_Admin_Reports.Marketing_campign.Comparison_Of_All_Tab_Text(Marketing_campign.java:325)
at java.base/java.util.ArrayList.forEach(ArrayList.java:1597)
... Removed 26 stack frames]]>
    </failure>
  </testcase> <!-- Comparison_Of_All_Tab_Text -->
  <testcase classname="USER_Admin_Reports.Login_Admin" name="Username" time="0.589"/>
  <testcase classname="USER_Admin_Reports.Login_Admin" name="Password" time="0.88"/>
  <testcase classname="USER_Admin_Reports.Login_Admin" name="Captcha" time="0.72"/>
  <testcase classname="USER_Admin_Reports.Login_Admin" name="SUBMIT_Button" time="0.197"/>
  <testcase classname="USER_Admin_Reports.Login_Admin" name="Remove_PouP" time="0.686"/>
  <testcase classname="USER_Admin_Reports.Smart_Eye_Overall_Performance" name="Click_On_Reports" time="5.277"/>
  <testcase classname="USER_Admin_Reports.Smart_Eye_Overall_Performance" name="Click_On_Smart_Eye_Overall_Performance" time="0.109"/>
  <testcase classname="USER_Admin_Reports.Smart_Eye_Overall_Performance" name="Check_Data__Of_Zone_And_Region_Wise" time="21.419">
    <failure type="java.lang.AssertionError" message="&amp;apos;Zone And Region Wise&amp;apos; does not contain any data.">
      <![CDATA[java.lang.AssertionError: 'Zone And Region Wise' does not contain any data.
at USER_Admin_Reports.Smart_Eye_Overall_Performance.checkDataPresence(Smart_Eye_Overall_Performance.java:428)
at USER_Admin_Reports.Smart_Eye_Overall_Performance.Check_Data__Of_Zone_And_Region_Wise(Smart_Eye_Overall_Performance.java:76)
at java.base/java.util.ArrayList.forEach(ArrayList.java:1597)
... Removed 26 stack frames]]>
    </failure>
  </testcase> <!-- Check_Data__Of_Zone_And_Region_Wise -->
  <testcase classname="USER_Admin_Reports.Smart_Eye_Overall_Performance" name="Check_Data__Of_Dealer_Parent_Group_Wise" time="4.125"/>
  <testcase classname="USER_Admin_Reports.Smart_Eye_Overall_Performance" name="Check_Data__Of_Workshop_Wise" time="4.026"/>
  <testcase classname="USER_Admin_Reports.Smart_Eye_Overall_Performance" name="Check_Data__Of_Day_Wise" time="4.205"/>
  <testcase classname="USER_Admin_Reports.Smart_Eye_Overall_Performance" name="Check_Data__Of_Service_Type_Wise" time="5.186"/>
  <testcase classname="USER_Admin_Reports.Smart_Eye_Overall_Performance" name="Comparison_Of_All_Tab_Text" time="0.0">
    <failure type="java.lang.AssertionError" message="Assertion failed: Zone Region Texts do not match Workshop Wise Texts">
      <![CDATA[java.lang.AssertionError: Assertion failed: Zone Region Texts do not match Workshop Wise Texts
at USER_Admin_Reports.Smart_Eye_Overall_Performance.Comparison_Of_All_Tab_Text(Smart_Eye_Overall_Performance.java:383)
at java.base/java.util.ArrayList.forEach(ArrayList.java:1597)
... Removed 26 stack frames]]>
    </failure>
  </testcase> <!-- Comparison_Of_All_Tab_Text -->
  <testcase classname="USER_Admin_Reports.Login_Admin" name="Username" time="0.632"/>
  <testcase classname="USER_Admin_Reports.Login_Admin" name="Password" time="1.179"/>
  <testcase classname="USER_Admin_Reports.Login_Admin" name="Captcha" time="0.852"/>
  <testcase classname="USER_Admin_Reports.Login_Admin" name="SUBMIT_Button" time="0.282"/>
  <testcase classname="USER_Admin_Reports.Login_Admin" name="Remove_PouP" time="0.72"/>
  <testcase classname="USER_Admin_Reports.HyperLocal_Status_Report" name="Click_On_Reports" time="4.888"/>
  <testcase classname="USER_Admin_Reports.HyperLocal_Status_Report" name="Click_On_Hyperlocal_Status" time="0.136"/>
  <testcase classname="USER_Admin_Reports.HyperLocal_Status_Report" name="Verify_Dialer_Call_Analysis_Data" time="3.474"/>
  <testcase classname="USER_Admin_Reports.Login_Admin" name="Username" time="0.716"/>
  <testcase classname="USER_Admin_Reports.Login_Admin" name="Password" time="0.951"/>
  <testcase classname="USER_Admin_Reports.Login_Admin" name="Captcha" time="0.711"/>
  <testcase classname="USER_Admin_Reports.Login_Admin" name="SUBMIT_Button" time="0.178"/>
  <testcase classname="USER_Admin_Reports.Login_Admin" name="Remove_PouP" time="0.722"/>
  <testcase classname="USER_Admin_Reports.Dialer_Whattasp_Anlaysis" name="Click_On_Reports" time="5.675"/>
  <testcase classname="USER_Admin_Reports.Dialer_Whattasp_Anlaysis" name="Click_On_Dialer_Whattasp_Anlaysis" time="0.143"/>
  <testcase classname="USER_Admin_Reports.Dialer_Whattasp_Anlaysis" name="Verify_Dialer_Whattasp_Anlaysis_Data" time="3.924"/>
  <testcase classname="USER_Admin_Reports.Login_Admin" name="Username" time="0.833"/>
  <testcase classname="USER_Admin_Reports.Login_Admin" name="Password" time="0.927"/>
  <testcase classname="USER_Admin_Reports.Login_Admin" name="Captcha" time="0.738"/>
  <testcase classname="USER_Admin_Reports.Login_Admin" name="SUBMIT_Button" time="0.176"/>
  <testcase classname="USER_Admin_Reports.Login_Admin" name="Remove_PouP" time="0.652"/>
  <testcase classname="USER_Admin_Reports.Allocation_rule_log" name="Click_On_Reports" time="5.25"/>
  <testcase classname="USER_Admin_Reports.Allocation_rule_log" name="Click_On_Allocation_rule_log" time="0.138"/>
  <testcase classname="USER_Admin_Reports.Allocation_rule_log" name="Verify_Allocation_rule_log_Data" time="2.517"/>
  <testcase classname="USER_Admin_Reports.Login_Admin" name="Username" time="0.678"/>
  <testcase classname="USER_Admin_Reports.Login_Admin" name="Password" time="1.269"/>
  <testcase classname="USER_Admin_Reports.Login_Admin" name="Captcha" time="0.729"/>
  <testcase classname="USER_Admin_Reports.Login_Admin" name="SUBMIT_Button" time="0.214"/>
  <testcase classname="USER_Admin_Reports.Login_Admin" name="Remove_PouP" time="0.771"/>
  <testcase classname="USER_Admin_Reports.User_SMR_Due_Date_Wise_Reports" name="Click_On_Reports" time="4.431"/>
  <testcase classname="USER_Admin_Reports.User_SMR_Due_Date_Wise_Reports" name="Click_On_SMR_Due_Date_Wise" time="0.099"/>
  <testcase classname="USER_Admin_Reports.User_SMR_Due_Date_Wise_Reports" name="Check_Data_In_Summary_Report" time="6.28"/>
  <testcase classname="USER_Admin_Reports.Login_Admin" name="Username" time="0.856"/>
  <testcase classname="USER_Admin_Reports.Login_Admin" name="Password" time="0.947"/>
  <testcase classname="USER_Admin_Reports.Login_Admin" name="Captcha" time="0.743"/>
  <testcase classname="USER_Admin_Reports.Login_Admin" name="SUBMIT_Button" time="0.173"/>
  <testcase classname="USER_Admin_Reports.Login_Admin" name="Remove_PouP" time="0.653"/>
  <testcase classname="USER_Admin_Reports.Admin_User_Ip_Range_Negative_Scenario" name="Click_On_User_Management" time="4.691"/>
  <testcase classname="USER_Admin_Reports.Admin_User_Ip_Range_Negative_Scenario" name="Click_On_User_Ip_Restriction" time="0.069"/>
  <testcase classname="USER_Admin_Reports.Admin_User_Ip_Range_Negative_Scenario" name="Click_On_Employe_Name" time="0.85"/>
  <testcase classname="USER_Admin_Reports.Admin_User_Ip_Range_Negative_Scenario" name="Click_On_Update_Ip_Range" time="0.462"/>
  <testcase classname="USER_Admin_Reports.Admin_User_Ip_Range_Negative_Scenario" name="Updated_succesfully" time="0.249"/>
  <testcase classname="USER_Admin_Reports.Validate_Ip_Range" name="Validate_Ip_Restriction" time="4.709"/>
  <testcase classname="USER_Admin_Reports.Login_Admin" name="Username" time="0.783"/>
  <testcase classname="USER_Admin_Reports.Login_Admin" name="Password" time="1.026"/>
  <testcase classname="USER_Admin_Reports.Login_Admin" name="Captcha" time="0.744"/>
  <testcase classname="USER_Admin_Reports.Login_Admin" name="SUBMIT_Button" time="0.156"/>
  <testcase classname="USER_Admin_Reports.Login_Admin" name="Remove_PouP" time="0.657"/>
  <testcase classname="USER_Admin_Reports.Remove_Ip_Restriction_In_Admin" name="Click_On_User_Management" time="5.075"/>
  <testcase classname="USER_Admin_Reports.Remove_Ip_Restriction_In_Admin" name="Click_On_User_Ip_Restriction" time="0.126"/>
  <testcase classname="USER_Admin_Reports.Remove_Ip_Restriction_In_Admin" name="Click_On_Employe_Name" time="2.135"/>
  <testcase classname="USER_Admin_Reports.Remove_Ip_Restriction_In_Admin" name="Click_On_Update_Ip_Range" time="0.672"/>
  <testcase classname="USER_Admin_Reports.Remove_Ip_Restriction_In_Admin" name="Updated_succesfully" time="0.416"/>
  <testcase classname="USER_Admin_Reports.Login_Admin" name="Username" time="0.628"/>
  <testcase classname="USER_Admin_Reports.Login_Admin" name="Password" time="1.03"/>
  <testcase classname="USER_Admin_Reports.Login_Admin" name="Captcha" time="0.677"/>
  <testcase classname="USER_Admin_Reports.Login_Admin" name="SUBMIT_Button" time="0.235"/>
  <testcase classname="USER_Admin_Reports.Login_Admin" name="Remove_PouP" time="0.717"/>
  <testcase classname="USER_Admin_Reports.Poistive_Scenario_Ip_Restriction" name="Click_On_User_Management" time="4.257"/>
  <testcase classname="USER_Admin_Reports.Poistive_Scenario_Ip_Restriction" name="Click_On_User_Ip_Restriction" time="0.128"/>
  <testcase classname="USER_Admin_Reports.Poistive_Scenario_Ip_Restriction" name="Validate_Postive_Scenario" time="2.03"/>
</testsuite> <!-- SMR_Admin -->
